[0.664s] Invoking command in '/home/kkeeler/ros2_ws/src/skyforge': PYTHONPATH=/home/kkeeler/ros2_ws/src/build/skyforge/prefix_override:/usr/lib/python3/dist-packages/colcon_core/task/python/colcon_distutils_commands:/home/kkeeler/ros2_ws/src/install/skyforge/lib/python3.10/site-packages:${PYTHONPATH} /usr/bin/python3 -W ignore:setup.py install is deprecated -W ignore:easy_install command is deprecated setup.py egg_info --egg-base ../build/skyforge build --build-base /home/kkeeler/ros2_ws/src/build/skyforge/build install --record /home/kkeeler/ros2_ws/src/build/skyforge/install.log --single-version-externally-managed install_data
[0.914s] running egg_info
[0.914s] writing ../build/skyforge/skyforge.egg-info/PKG-INFO
[0.915s] writing dependency_links to ../build/skyforge/skyforge.egg-info/dependency_links.txt
[0.915s] writing entry points to ../build/skyforge/skyforge.egg-info/entry_points.txt
[0.915s] writing requirements to ../build/skyforge/skyforge.egg-info/requires.txt
[0.915s] writing top-level names to ../build/skyforge/skyforge.egg-info/top_level.txt
[0.917s] reading manifest file '../build/skyforge/skyforge.egg-info/SOURCES.txt'
[0.918s] writing manifest file '../build/skyforge/skyforge.egg-info/SOURCES.txt'
[0.918s] running build
[0.918s] running build_py
[0.919s] running install
[0.919s] running install_lib
[0.920s] running install_data
[0.920s] copying urdf/system_arch_robot.urdf.xacro -> /home/kkeeler/ros2_ws/src/install/skyforge/share/skyforge/urdf
[0.921s] running install_egg_info
[0.922s] removing '/home/kkeeler/ros2_ws/src/install/skyforge/lib/python3.10/site-packages/skyforge-0.0.0-py3.10.egg-info' (and everything under it)
[0.923s] Copying ../build/skyforge/skyforge.egg-info to /home/kkeeler/ros2_ws/src/install/skyforge/lib/python3.10/site-packages/skyforge-0.0.0-py3.10.egg-info
[0.924s] running install_scripts
[0.942s] Installing test script to /home/kkeeler/ros2_ws/src/install/skyforge/lib/skyforge
[0.943s] writing list of installed files to '/home/kkeeler/ros2_ws/src/build/skyforge/install.log'
[0.962s] Invoked command in '/home/kkeeler/ros2_ws/src/skyforge' returned '0': PYTHONPATH=/home/kkeeler/ros2_ws/src/build/skyforge/prefix_override:/usr/lib/python3/dist-packages/colcon_core/task/python/colcon_distutils_commands:/home/kkeeler/ros2_ws/src/install/skyforge/lib/python3.10/site-packages:${PYTHONPATH} /usr/bin/python3 -W ignore:setup.py install is deprecated -W ignore:easy_install command is deprecated setup.py egg_info --egg-base ../build/skyforge build --build-base /home/kkeeler/ros2_ws/src/build/skyforge/build install --record /home/kkeeler/ros2_ws/src/build/skyforge/install.log --single-version-externally-managed install_data
