[1.275s] Invoking command in '/home/kkeeler/ros2_ws/build/akabot_aruco': PYTHONPATH=/home/kkeeler/ros2_ws/build/akabot_aruco/prefix_override:/usr/lib/python3/dist-packages/colcon_core/task/python/colcon_distutils_commands:/home/kkeeler/ros2_ws/install/akabot_aruco/lib/python3.10/site-packages:${PYTHONPATH} /usr/bin/python3 -W ignore:setup.py install is deprecated -W ignore:easy_install command is deprecated setup.py develop --uninstall --editable --build-directory /home/kkeeler/ros2_ws/build/akabot_aruco/build
[1.576s] running develop
[1.776s] Removing /home/kkeeler/ros2_ws/install/akabot_aruco/lib/python3.10/site-packages/akabot-aruco.egg-link (link to .)
[1.811s] Invoked command in '/home/kkeeler/ros2_ws/build/akabot_aruco' returned '0': PYTHONPATH=/home/kkeeler/ros2_ws/build/akabot_aruco/prefix_override:/usr/lib/python3/dist-packages/colcon_core/task/python/colcon_distutils_commands:/home/kkeeler/ros2_ws/install/akabot_aruco/lib/python3.10/site-packages:${PYTHONPATH} /usr/bin/python3 -W ignore:setup.py install is deprecated -W ignore:easy_install command is deprecated setup.py develop --uninstall --editable --build-directory /home/kkeeler/ros2_ws/build/akabot_aruco/build
[1.813s] Invoking command in '/home/kkeeler/ros2_ws/src/akabot-main/akabot_aruco': PYTHONPATH=/home/kkeeler/ros2_ws/build/akabot_aruco/prefix_override:/usr/lib/python3/dist-packages/colcon_core/task/python/colcon_distutils_commands:/home/kkeeler/ros2_ws/install/akabot_aruco/lib/python3.10/site-packages:${PYTHONPATH} /usr/bin/python3 -W ignore:setup.py install is deprecated -W ignore:easy_install command is deprecated setup.py egg_info --egg-base ../../../build/akabot_aruco build --build-base /home/kkeeler/ros2_ws/build/akabot_aruco/build install --record /home/kkeeler/ros2_ws/build/akabot_aruco/install.log --single-version-externally-managed install_data --force
[2.106s] running egg_info
[2.106s] writing ../../../build/akabot_aruco/akabot_aruco.egg-info/PKG-INFO
[2.106s] writing dependency_links to ../../../build/akabot_aruco/akabot_aruco.egg-info/dependency_links.txt
[2.106s] writing entry points to ../../../build/akabot_aruco/akabot_aruco.egg-info/entry_points.txt
[2.107s] writing requirements to ../../../build/akabot_aruco/akabot_aruco.egg-info/requires.txt
[2.107s] writing top-level names to ../../../build/akabot_aruco/akabot_aruco.egg-info/top_level.txt
[2.108s] reading manifest file '../../../build/akabot_aruco/akabot_aruco.egg-info/SOURCES.txt'
[2.109s] writing manifest file '../../../build/akabot_aruco/akabot_aruco.egg-info/SOURCES.txt'
[2.109s] running build
[2.109s] running build_py
[2.110s] running install
[2.110s] running install_lib
[2.111s] creating /home/kkeeler/ros2_ws/install/akabot_aruco/lib/python3.10/site-packages/akabot_aruco
[2.111s] copying /home/kkeeler/ros2_ws/build/akabot_aruco/build/lib/akabot_aruco/__init__.py -> /home/kkeeler/ros2_ws/install/akabot_aruco/lib/python3.10/site-packages/akabot_aruco
[2.111s] copying /home/kkeeler/ros2_ws/build/akabot_aruco/build/lib/akabot_aruco/detect_aruco_marker.py -> /home/kkeeler/ros2_ws/install/akabot_aruco/lib/python3.10/site-packages/akabot_aruco
[2.112s] byte-compiling /home/kkeeler/ros2_ws/install/akabot_aruco/lib/python3.10/site-packages/akabot_aruco/__init__.py to __init__.cpython-310.pyc
[2.112s] byte-compiling /home/kkeeler/ros2_ws/install/akabot_aruco/lib/python3.10/site-packages/akabot_aruco/detect_aruco_marker.py to detect_aruco_marker.cpython-310.pyc
[2.112s] running install_data
[2.112s] copying resource/akabot_aruco -> /home/kkeeler/ros2_ws/install/akabot_aruco/share/ament_index/resource_index/packages
[2.112s] copying package.xml -> /home/kkeeler/ros2_ws/install/akabot_aruco/share/akabot_aruco
[2.113s] running install_egg_info
[2.115s] Copying ../../../build/akabot_aruco/akabot_aruco.egg-info to /home/kkeeler/ros2_ws/install/akabot_aruco/lib/python3.10/site-packages/akabot_aruco-0.0.0-py3.10.egg-info
[2.116s] running install_scripts
[2.138s] writing list of installed files to '/home/kkeeler/ros2_ws/build/akabot_aruco/install.log'
[2.165s] Invoked command in '/home/kkeeler/ros2_ws/src/akabot-main/akabot_aruco' returned '0': PYTHONPATH=/home/kkeeler/ros2_ws/build/akabot_aruco/prefix_override:/usr/lib/python3/dist-packages/colcon_core/task/python/colcon_distutils_commands:/home/kkeeler/ros2_ws/install/akabot_aruco/lib/python3.10/site-packages:${PYTHONPATH} /usr/bin/python3 -W ignore:setup.py install is deprecated -W ignore:easy_install command is deprecated setup.py egg_info --egg-base ../../../build/akabot_aruco build --build-base /home/kkeeler/ros2_ws/build/akabot_aruco/build install --record /home/kkeeler/ros2_ws/build/akabot_aruco/install.log --single-version-externally-managed install_data --force
