[0.366s] Invoking command in '/home/kkeeler/ros2_ws/build/robot_description': CMAKE_PREFIX_PATH=${CMAKE_PREFIX_PATH}:/home/kkeeler/ros2_ws/install/skyforge:/home/kkeeler/ros2_ws/install/akabot_aruco:/home/kkeeler/install/moveit_configs_utils:/home/kkeeler/install/rosparam_shortcuts:/home/kkeeler/install/my_robot_controller:/home/kkeeler/install/launch_param_builder:/home/kkeeler/ws_moveit2/install/moveit_configs_utils:/home/kkeeler/ws_moveit2/install/launch_param_builder:/opt/ros/humble /usr/bin/cmake /home/kkeeler/ros2_ws/src/robot_description -DCMAKE_INSTALL_PREFIX=/home/kkeeler/ros2_ws/install/robot_description
[0.856s] -- The C compiler identification is GNU 11.4.0
[0.856s] -- The CXX compiler identification is GNU 11.4.0
[0.856s] -- Detecting C compiler ABI info
[0.856s] -- Detecting C compiler ABI info - done
[0.856s] -- Check for working C compiler: /usr/bin/cc - skipped
[0.856s] -- Detecting C compile features
[0.856s] -- Detecting C compile features - done
[0.857s] -- Detecting CXX compiler ABI info
[1.008s] -- Detecting CXX compiler ABI info - done
[1.025s] -- Check for working CXX compiler: /usr/bin/c++ - skipped
[1.026s] -- Detecting CXX compile features
[1.027s] -- Detecting CXX compile features - done
[1.053s] -- Found ament_cmake: 1.3.11 (/opt/ros/humble/share/ament_cmake/cmake)
[1.407s] -- Found Python3: /usr/bin/python3 (found version "3.10.12") found components: Interpreter 
[1.920s] -- Found ament_lint_auto: 0.12.12 (/opt/ros/humble/share/ament_lint_auto/cmake)
[2.195s] -- Added test 'lint_cmake' to check CMake code style
[2.207s] -- Added test 'xmllint' to check XML markup files
[2.213s] -- Configuring done
[2.217s] -- Generating done
[2.219s] -- Build files have been written to: /home/kkeeler/ros2_ws/build/robot_description
[2.257s] Invoked command in '/home/kkeeler/ros2_ws/build/robot_description' returned '0': CMAKE_PREFIX_PATH=${CMAKE_PREFIX_PATH}:/home/kkeeler/ros2_ws/install/skyforge:/home/kkeeler/ros2_ws/install/akabot_aruco:/home/kkeeler/install/moveit_configs_utils:/home/kkeeler/install/rosparam_shortcuts:/home/kkeeler/install/my_robot_controller:/home/kkeeler/install/launch_param_builder:/home/kkeeler/ws_moveit2/install/moveit_configs_utils:/home/kkeeler/ws_moveit2/install/launch_param_builder:/opt/ros/humble /usr/bin/cmake /home/kkeeler/ros2_ws/src/robot_description -DCMAKE_INSTALL_PREFIX=/home/kkeeler/ros2_ws/install/robot_description
[2.259s] Invoking command in '/home/kkeeler/ros2_ws/build/robot_description': CMAKE_PREFIX_PATH=${CMAKE_PREFIX_PATH}:/home/kkeeler/ros2_ws/install/skyforge:/home/kkeeler/ros2_ws/install/akabot_aruco:/home/kkeeler/install/moveit_configs_utils:/home/kkeeler/install/rosparam_shortcuts:/home/kkeeler/install/my_robot_controller:/home/kkeeler/install/launch_param_builder:/home/kkeeler/ws_moveit2/install/moveit_configs_utils:/home/kkeeler/ws_moveit2/install/launch_param_builder:/opt/ros/humble /usr/bin/cmake --build /home/kkeeler/ros2_ws/build/robot_description -- -j8 -l8
[2.373s] Invoked command in '/home/kkeeler/ros2_ws/build/robot_description' returned '0': CMAKE_PREFIX_PATH=${CMAKE_PREFIX_PATH}:/home/kkeeler/ros2_ws/install/skyforge:/home/kkeeler/ros2_ws/install/akabot_aruco:/home/kkeeler/install/moveit_configs_utils:/home/kkeeler/install/rosparam_shortcuts:/home/kkeeler/install/my_robot_controller:/home/kkeeler/install/launch_param_builder:/home/kkeeler/ws_moveit2/install/moveit_configs_utils:/home/kkeeler/ws_moveit2/install/launch_param_builder:/opt/ros/humble /usr/bin/cmake --build /home/kkeeler/ros2_ws/build/robot_description -- -j8 -l8
[2.376s] Invoking command in '/home/kkeeler/ros2_ws/build/robot_description': CMAKE_PREFIX_PATH=${CMAKE_PREFIX_PATH}:/home/kkeeler/ros2_ws/install/skyforge:/home/kkeeler/ros2_ws/install/akabot_aruco:/home/kkeeler/install/moveit_configs_utils:/home/kkeeler/install/rosparam_shortcuts:/home/kkeeler/install/my_robot_controller:/home/kkeeler/install/launch_param_builder:/home/kkeeler/ws_moveit2/install/moveit_configs_utils:/home/kkeeler/ws_moveit2/install/launch_param_builder:/opt/ros/humble /usr/bin/cmake --install /home/kkeeler/ros2_ws/build/robot_description
[2.395s] -- Install configuration: ""
[2.395s] -- Installing: /home/kkeeler/ros2_ws/install/robot_description/share/ament_index/resource_index/package_run_dependencies/robot_description
[2.396s] -- Installing: /home/kkeeler/ros2_ws/install/robot_description/share/ament_index/resource_index/parent_prefix_path/robot_description
[2.396s] -- Installing: /home/kkeeler/ros2_ws/install/robot_description/share/robot_description/environment/ament_prefix_path.sh
[2.396s] -- Installing: /home/kkeeler/ros2_ws/install/robot_description/share/robot_description/environment/ament_prefix_path.dsv
[2.397s] -- Installing: /home/kkeeler/ros2_ws/install/robot_description/share/robot_description/environment/path.sh
[2.397s] -- Installing: /home/kkeeler/ros2_ws/install/robot_description/share/robot_description/environment/path.dsv
[2.397s] -- Installing: /home/kkeeler/ros2_ws/install/robot_description/share/robot_description/local_setup.bash
[2.397s] -- Installing: /home/kkeeler/ros2_ws/install/robot_description/share/robot_description/local_setup.sh
[2.397s] -- Installing: /home/kkeeler/ros2_ws/install/robot_description/share/robot_description/local_setup.zsh
[2.398s] -- Installing: /home/kkeeler/ros2_ws/install/robot_description/share/robot_description/local_setup.dsv
[2.398s] -- Installing: /home/kkeeler/ros2_ws/install/robot_description/share/robot_description/package.dsv
[2.398s] -- Installing: /home/kkeeler/ros2_ws/install/robot_description/share/ament_index/resource_index/packages/robot_description
[2.398s] -- Installing: /home/kkeeler/ros2_ws/install/robot_description/share/robot_description/cmake/robot_descriptionConfig.cmake
[2.399s] -- Installing: /home/kkeeler/ros2_ws/install/robot_description/share/robot_description/cmake/robot_descriptionConfig-version.cmake
[2.399s] -- Installing: /home/kkeeler/ros2_ws/install/robot_description/share/robot_description/package.xml
[2.401s] Invoked command in '/home/kkeeler/ros2_ws/build/robot_description' returned '0': CMAKE_PREFIX_PATH=${CMAKE_PREFIX_PATH}:/home/kkeeler/ros2_ws/install/skyforge:/home/kkeeler/ros2_ws/install/akabot_aruco:/home/kkeeler/install/moveit_configs_utils:/home/kkeeler/install/rosparam_shortcuts:/home/kkeeler/install/my_robot_controller:/home/kkeeler/install/launch_param_builder:/home/kkeeler/ws_moveit2/install/moveit_configs_utils:/home/kkeeler/ws_moveit2/install/launch_param_builder:/opt/ros/humble /usr/bin/cmake --install /home/kkeeler/ros2_ws/build/robot_description
