-- Found ament_cmake: 1.3.11 (/opt/ros/humble/share/ament_cmake/cmake)
-- Override CMake install command with custom implementation using symlinks instead of copying resources
-- Found urdf: 2.6.1 (/opt/ros/humble/share/urdf/cmake)
-- Configuring done
-- Generating done
-- Build files have been written to: /home/kkeeler/ros2_ws/build/akabot_gazebo
-- Install configuration: ""
-- Execute custom install script
-- Symlinking: /home/kkeeler/ros2_ws/install/akabot_gazebo/share/akabot_gazebo/config/akabot_bridge.yaml
-- Symlinking: /home/kkeeler/ros2_ws/install/akabot_gazebo/share/akabot_gazebo/launch/gz_launch.py
-- Symlinking: /home/kkeeler/ros2_ws/install/akabot_gazebo/share/akabot_gazebo/worlds/pick_and_place.world
-- Symlinking: /home/kkeeler/ros2_ws/install/akabot_gazebo/share/ament_index/resource_index/package_run_dependencies/akabot_gazebo
-- Symlinking: /home/kkeeler/ros2_ws/install/akabot_gazebo/share/ament_index/resource_index/parent_prefix_path/akabot_gazebo
-- Symlinking: /home/kkeeler/ros2_ws/install/akabot_gazebo/share/akabot_gazebo/environment/ament_prefix_path.sh
-- Symlinking: /home/kkeeler/ros2_ws/install/akabot_gazebo/share/akabot_gazebo/environment/ament_prefix_path.dsv
-- Symlinking: /home/kkeeler/ros2_ws/install/akabot_gazebo/share/akabot_gazebo/environment/path.sh
-- Symlinking: /home/kkeeler/ros2_ws/install/akabot_gazebo/share/akabot_gazebo/environment/path.dsv
-- Symlinking: /home/kkeeler/ros2_ws/install/akabot_gazebo/share/akabot_gazebo/local_setup.bash
-- Symlinking: /home/kkeeler/ros2_ws/install/akabot_gazebo/share/akabot_gazebo/local_setup.sh
-- Symlinking: /home/kkeeler/ros2_ws/install/akabot_gazebo/share/akabot_gazebo/local_setup.zsh
-- Symlinking: /home/kkeeler/ros2_ws/install/akabot_gazebo/share/akabot_gazebo/local_setup.dsv
-- Symlinking: /home/kkeeler/ros2_ws/install/akabot_gazebo/share/akabot_gazebo/package.dsv
-- Symlinking: /home/kkeeler/ros2_ws/install/akabot_gazebo/share/ament_index/resource_index/packages/akabot_gazebo
-- Symlinking: /home/kkeeler/ros2_ws/install/akabot_gazebo/share/akabot_gazebo/cmake/akabot_gazeboConfig.cmake
-- Symlinking: /home/kkeeler/ros2_ws/install/akabot_gazebo/share/akabot_gazebo/cmake/akabot_gazeboConfig-version.cmake
-- Symlinking: /home/kkeeler/ros2_ws/install/akabot_gazebo/share/akabot_gazebo/package.xml
