[0.384s] Invoking command in '/home/kkeeler/ros2_ws/build/akabot_gazebo': CMAKE_PREFIX_PATH=${CMAKE_PREFIX_PATH}:/home/kkeeler/ros2_ws/install/skyforge:/home/kkeeler/ros2_ws/install/akabot_aruco:/home/kkeeler/install/moveit_configs_utils:/home/kkeeler/install/rosparam_shortcuts:/home/kkeeler/install/my_robot_controller:/home/kkeeler/install/launch_param_builder:/home/kkeeler/ws_moveit2/install/moveit_configs_utils:/home/kkeeler/ws_moveit2/install/launch_param_builder:/opt/ros/humble /usr/bin/cmake /home/kkeeler/ros2_ws/src/akabot-main/akabot_gazebo -DAMENT_CMAKE_SYMLINK_INSTALL=1 -DCMAKE_INSTALL_PREFIX=/home/kkeeler/ros2_ws/install/akabot_gazebo
[0.701s] -- Found ament_cmake: 1.3.11 (/opt/ros/humble/share/ament_cmake/cmake)
[0.702s] -- Override CMake install command with custom implementation using symlinks instead of copying resources
[0.702s] -- Found urdf: 2.6.1 (/opt/ros/humble/share/urdf/cmake)
[0.702s] -- Configuring done
[0.702s] -- Generating done
[0.702s] -- Build files have been written to: /home/kkeeler/ros2_ws/build/akabot_gazebo
[0.722s] Invoked command in '/home/kkeeler/ros2_ws/build/akabot_gazebo' returned '0': CMAKE_PREFIX_PATH=${CMAKE_PREFIX_PATH}:/home/kkeeler/ros2_ws/install/skyforge:/home/kkeeler/ros2_ws/install/akabot_aruco:/home/kkeeler/install/moveit_configs_utils:/home/kkeeler/install/rosparam_shortcuts:/home/kkeeler/install/my_robot_controller:/home/kkeeler/install/launch_param_builder:/home/kkeeler/ws_moveit2/install/moveit_configs_utils:/home/kkeeler/ws_moveit2/install/launch_param_builder:/opt/ros/humble /usr/bin/cmake /home/kkeeler/ros2_ws/src/akabot-main/akabot_gazebo -DAMENT_CMAKE_SYMLINK_INSTALL=1 -DCMAKE_INSTALL_PREFIX=/home/kkeeler/ros2_ws/install/akabot_gazebo
[0.724s] Invoking command in '/home/kkeeler/ros2_ws/build/akabot_gazebo': CMAKE_PREFIX_PATH=${CMAKE_PREFIX_PATH}:/home/kkeeler/ros2_ws/install/skyforge:/home/kkeeler/ros2_ws/install/akabot_aruco:/home/kkeeler/install/moveit_configs_utils:/home/kkeeler/install/rosparam_shortcuts:/home/kkeeler/install/my_robot_controller:/home/kkeeler/install/launch_param_builder:/home/kkeeler/ws_moveit2/install/moveit_configs_utils:/home/kkeeler/ws_moveit2/install/launch_param_builder:/opt/ros/humble /usr/bin/cmake --build /home/kkeeler/ros2_ws/build/akabot_gazebo -- -j8 -l8
[0.852s] Invoked command in '/home/kkeeler/ros2_ws/build/akabot_gazebo' returned '0': CMAKE_PREFIX_PATH=${CMAKE_PREFIX_PATH}:/home/kkeeler/ros2_ws/install/skyforge:/home/kkeeler/ros2_ws/install/akabot_aruco:/home/kkeeler/install/moveit_configs_utils:/home/kkeeler/install/rosparam_shortcuts:/home/kkeeler/install/my_robot_controller:/home/kkeeler/install/launch_param_builder:/home/kkeeler/ws_moveit2/install/moveit_configs_utils:/home/kkeeler/ws_moveit2/install/launch_param_builder:/opt/ros/humble /usr/bin/cmake --build /home/kkeeler/ros2_ws/build/akabot_gazebo -- -j8 -l8
[0.853s] Invoking command in '/home/kkeeler/ros2_ws/build/akabot_gazebo': CMAKE_PREFIX_PATH=${CMAKE_PREFIX_PATH}:/home/kkeeler/ros2_ws/install/skyforge:/home/kkeeler/ros2_ws/install/akabot_aruco:/home/kkeeler/install/moveit_configs_utils:/home/kkeeler/install/rosparam_shortcuts:/home/kkeeler/install/my_robot_controller:/home/kkeeler/install/launch_param_builder:/home/kkeeler/ws_moveit2/install/moveit_configs_utils:/home/kkeeler/ws_moveit2/install/launch_param_builder:/opt/ros/humble /usr/bin/cmake --install /home/kkeeler/ros2_ws/build/akabot_gazebo
[0.882s] -- Install configuration: ""
[0.882s] -- Execute custom install script
[0.882s] -- Symlinking: /home/kkeeler/ros2_ws/install/akabot_gazebo/share/akabot_gazebo/config/akabot_bridge.yaml
[0.910s] -- Symlinking: /home/kkeeler/ros2_ws/install/akabot_gazebo/share/akabot_gazebo/launch/gz_launch.py
[0.932s] -- Symlinking: /home/kkeeler/ros2_ws/install/akabot_gazebo/share/akabot_gazebo/worlds/pick_and_place.world
[0.956s] -- Symlinking: /home/kkeeler/ros2_ws/install/akabot_gazebo/share/ament_index/resource_index/package_run_dependencies/akabot_gazebo
[0.984s] -- Symlinking: /home/kkeeler/ros2_ws/install/akabot_gazebo/share/ament_index/resource_index/parent_prefix_path/akabot_gazebo
[1.006s] -- Symlinking: /home/kkeeler/ros2_ws/install/akabot_gazebo/share/akabot_gazebo/environment/ament_prefix_path.sh
[1.031s] -- Symlinking: /home/kkeeler/ros2_ws/install/akabot_gazebo/share/akabot_gazebo/environment/ament_prefix_path.dsv
[1.057s] -- Symlinking: /home/kkeeler/ros2_ws/install/akabot_gazebo/share/akabot_gazebo/environment/path.sh
[1.081s] -- Symlinking: /home/kkeeler/ros2_ws/install/akabot_gazebo/share/akabot_gazebo/environment/path.dsv
[1.107s] -- Symlinking: /home/kkeeler/ros2_ws/install/akabot_gazebo/share/akabot_gazebo/local_setup.bash
[1.132s] -- Symlinking: /home/kkeeler/ros2_ws/install/akabot_gazebo/share/akabot_gazebo/local_setup.sh
[1.157s] -- Symlinking: /home/kkeeler/ros2_ws/install/akabot_gazebo/share/akabot_gazebo/local_setup.zsh
[1.185s] -- Symlinking: /home/kkeeler/ros2_ws/install/akabot_gazebo/share/akabot_gazebo/local_setup.dsv
[1.207s] -- Symlinking: /home/kkeeler/ros2_ws/install/akabot_gazebo/share/akabot_gazebo/package.dsv
[1.234s] -- Symlinking: /home/kkeeler/ros2_ws/install/akabot_gazebo/share/ament_index/resource_index/packages/akabot_gazebo
[1.262s] -- Symlinking: /home/kkeeler/ros2_ws/install/akabot_gazebo/share/akabot_gazebo/cmake/akabot_gazeboConfig.cmake
[1.296s] -- Symlinking: /home/kkeeler/ros2_ws/install/akabot_gazebo/share/akabot_gazebo/cmake/akabot_gazeboConfig-version.cmake
[1.312s] -- Symlinking: /home/kkeeler/ros2_ws/install/akabot_gazebo/share/akabot_gazebo/package.xml
[1.346s] Invoked command in '/home/kkeeler/ros2_ws/build/akabot_gazebo' returned '0': CMAKE_PREFIX_PATH=${CMAKE_PREFIX_PATH}:/home/kkeeler/ros2_ws/install/skyforge:/home/kkeeler/ros2_ws/install/akabot_aruco:/home/kkeeler/install/moveit_configs_utils:/home/kkeeler/install/rosparam_shortcuts:/home/kkeeler/install/my_robot_controller:/home/kkeeler/install/launch_param_builder:/home/kkeeler/ws_moveit2/install/moveit_configs_utils:/home/kkeeler/ws_moveit2/install/launch_param_builder:/opt/ros/humble /usr/bin/cmake --install /home/kkeeler/ros2_ws/build/akabot_gazebo
