[0.373s] Invoking command in '/home/kkeeler/ros2_ws/build/robot_description': CMAKE_PREFIX_PATH=${CMAKE_PREFIX_PATH}:/home/kkeeler/ros2_ws/install/skyforge:/home/kkeeler/ros2_ws/install/akabot_aruco:/home/kkeeler/install/moveit_configs_utils:/home/kkeeler/install/rosparam_shortcuts:/home/kkeeler/install/my_robot_controller:/home/kkeeler/install/launch_param_builder:/home/kkeeler/ws_moveit2/install/moveit_configs_utils:/home/kkeeler/ws_moveit2/install/launch_param_builder:/opt/ros/humble /usr/bin/cmake /home/kkeeler/ros2_ws/src/robot_description -DAMENT_CMAKE_SYMLINK_INSTALL=1 -DCMAKE_INSTALL_PREFIX=/home/kkeeler/ros2_ws/install/robot_description
[0.688s] -- Found ament_cmake: 1.3.11 (/opt/ros/humble/share/ament_cmake/cmake)
[0.688s] -- Override CMake install command with custom implementation using symlinks instead of copying resources
[0.688s] -- Found ament_lint_auto: 0.12.12 (/opt/ros/humble/share/ament_lint_auto/cmake)
[0.688s] -- Added test 'lint_cmake' to check CMake code style
[0.688s] -- Added test 'xmllint' to check XML markup files
[0.689s] -- Configuring done
[0.689s] -- Generating done
[0.689s] -- Build files have been written to: /home/kkeeler/ros2_ws/build/robot_description
[0.695s] Invoked command in '/home/kkeeler/ros2_ws/build/robot_description' returned '0': CMAKE_PREFIX_PATH=${CMAKE_PREFIX_PATH}:/home/kkeeler/ros2_ws/install/skyforge:/home/kkeeler/ros2_ws/install/akabot_aruco:/home/kkeeler/install/moveit_configs_utils:/home/kkeeler/install/rosparam_shortcuts:/home/kkeeler/install/my_robot_controller:/home/kkeeler/install/launch_param_builder:/home/kkeeler/ws_moveit2/install/moveit_configs_utils:/home/kkeeler/ws_moveit2/install/launch_param_builder:/opt/ros/humble /usr/bin/cmake /home/kkeeler/ros2_ws/src/robot_description -DAMENT_CMAKE_SYMLINK_INSTALL=1 -DCMAKE_INSTALL_PREFIX=/home/kkeeler/ros2_ws/install/robot_description
[0.697s] Invoking command in '/home/kkeeler/ros2_ws/build/robot_description': CMAKE_PREFIX_PATH=${CMAKE_PREFIX_PATH}:/home/kkeeler/ros2_ws/install/skyforge:/home/kkeeler/ros2_ws/install/akabot_aruco:/home/kkeeler/install/moveit_configs_utils:/home/kkeeler/install/rosparam_shortcuts:/home/kkeeler/install/my_robot_controller:/home/kkeeler/install/launch_param_builder:/home/kkeeler/ws_moveit2/install/moveit_configs_utils:/home/kkeeler/ws_moveit2/install/launch_param_builder:/opt/ros/humble /usr/bin/cmake --build /home/kkeeler/ros2_ws/build/robot_description -- -j8 -l8
[0.833s] Invoked command in '/home/kkeeler/ros2_ws/build/robot_description' returned '0': CMAKE_PREFIX_PATH=${CMAKE_PREFIX_PATH}:/home/kkeeler/ros2_ws/install/skyforge:/home/kkeeler/ros2_ws/install/akabot_aruco:/home/kkeeler/install/moveit_configs_utils:/home/kkeeler/install/rosparam_shortcuts:/home/kkeeler/install/my_robot_controller:/home/kkeeler/install/launch_param_builder:/home/kkeeler/ws_moveit2/install/moveit_configs_utils:/home/kkeeler/ws_moveit2/install/launch_param_builder:/opt/ros/humble /usr/bin/cmake --build /home/kkeeler/ros2_ws/build/robot_description -- -j8 -l8
[0.834s] Invoking command in '/home/kkeeler/ros2_ws/build/robot_description': CMAKE_PREFIX_PATH=${CMAKE_PREFIX_PATH}:/home/kkeeler/ros2_ws/install/skyforge:/home/kkeeler/ros2_ws/install/akabot_aruco:/home/kkeeler/install/moveit_configs_utils:/home/kkeeler/install/rosparam_shortcuts:/home/kkeeler/install/my_robot_controller:/home/kkeeler/install/launch_param_builder:/home/kkeeler/ws_moveit2/install/moveit_configs_utils:/home/kkeeler/ws_moveit2/install/launch_param_builder:/opt/ros/humble /usr/bin/cmake --install /home/kkeeler/ros2_ws/build/robot_description
[0.857s] -- Install configuration: ""
[0.858s] -- Execute custom install script
[0.859s] -- Symlinking: /home/kkeeler/ros2_ws/install/robot_description/share/ament_index/resource_index/package_run_dependencies/robot_description
[0.889s] -- Symlinking: /home/kkeeler/ros2_ws/install/robot_description/share/ament_index/resource_index/parent_prefix_path/robot_description
[0.916s] -- Symlinking: /home/kkeeler/ros2_ws/install/robot_description/share/robot_description/environment/ament_prefix_path.sh
[0.943s] -- Symlinking: /home/kkeeler/ros2_ws/install/robot_description/share/robot_description/environment/ament_prefix_path.dsv
[0.971s] -- Symlinking: /home/kkeeler/ros2_ws/install/robot_description/share/robot_description/environment/path.sh
[0.998s] -- Symlinking: /home/kkeeler/ros2_ws/install/robot_description/share/robot_description/environment/path.dsv
[1.025s] -- Symlinking: /home/kkeeler/ros2_ws/install/robot_description/share/robot_description/local_setup.bash
[1.053s] -- Symlinking: /home/kkeeler/ros2_ws/install/robot_description/share/robot_description/local_setup.sh
[1.081s] -- Symlinking: /home/kkeeler/ros2_ws/install/robot_description/share/robot_description/local_setup.zsh
[1.109s] -- Symlinking: /home/kkeeler/ros2_ws/install/robot_description/share/robot_description/local_setup.dsv
[1.134s] -- Symlinking: /home/kkeeler/ros2_ws/install/robot_description/share/robot_description/package.dsv
[1.161s] -- Symlinking: /home/kkeeler/ros2_ws/install/robot_description/share/ament_index/resource_index/packages/robot_description
[1.188s] -- Symlinking: /home/kkeeler/ros2_ws/install/robot_description/share/robot_description/cmake/robot_descriptionConfig.cmake
[1.214s] -- Symlinking: /home/kkeeler/ros2_ws/install/robot_description/share/robot_description/cmake/robot_descriptionConfig-version.cmake
[1.239s] -- Symlinking: /home/kkeeler/ros2_ws/install/robot_description/share/robot_description/package.xml
[1.274s] Invoked command in '/home/kkeeler/ros2_ws/build/robot_description' returned '0': CMAKE_PREFIX_PATH=${CMAKE_PREFIX_PATH}:/home/kkeeler/ros2_ws/install/skyforge:/home/kkeeler/ros2_ws/install/akabot_aruco:/home/kkeeler/install/moveit_configs_utils:/home/kkeeler/install/rosparam_shortcuts:/home/kkeeler/install/my_robot_controller:/home/kkeeler/install/launch_param_builder:/home/kkeeler/ws_moveit2/install/moveit_configs_utils:/home/kkeeler/ws_moveit2/install/launch_param_builder:/opt/ros/humble /usr/bin/cmake --install /home/kkeeler/ros2_ws/build/robot_description
