[1.214s] Invoking command in '/home/kkeeler/ros2_ws/src/skyforge': PYTHONPATH=/home/kkeeler/ros2_ws/build/skyforge/prefix_override:/usr/lib/python3/dist-packages/colcon_core/task/python/colcon_distutils_commands:/home/kkeeler/ros2_ws/install/skyforge/lib/python3.10/site-packages:${PYTHONPATH} /usr/bin/python3 -W ignore:setup.py install is deprecated -W ignore:easy_install command is deprecated setup.py egg_info --egg-base ../../build/skyforge build --build-base /home/kkeeler/ros2_ws/build/skyforge/build install --record /home/kkeeler/ros2_ws/build/skyforge/install.log --single-version-externally-managed install_data
[1.499s] running egg_info
[1.499s] writing ../../build/skyforge/skyforge.egg-info/PKG-INFO
[1.500s] writing dependency_links to ../../build/skyforge/skyforge.egg-info/dependency_links.txt
[1.500s] writing entry points to ../../build/skyforge/skyforge.egg-info/entry_points.txt
[1.500s] writing requirements to ../../build/skyforge/skyforge.egg-info/requires.txt
[1.500s] writing top-level names to ../../build/skyforge/skyforge.egg-info/top_level.txt
[1.502s] reading manifest file '../../build/skyforge/skyforge.egg-info/SOURCES.txt'
[1.503s] writing manifest file '../../build/skyforge/skyforge.egg-info/SOURCES.txt'
[1.503s] running build
[1.503s] running build_py
[1.503s] running install
[1.504s] running install_lib
[1.505s] running install_data
[1.505s] running install_egg_info
[1.507s] removing '/home/kkeeler/ros2_ws/install/skyforge/lib/python3.10/site-packages/skyforge-0.0.0-py3.10.egg-info' (and everything under it)
[1.507s] Copying ../../build/skyforge/skyforge.egg-info to /home/kkeeler/ros2_ws/install/skyforge/lib/python3.10/site-packages/skyforge-0.0.0-py3.10.egg-info
[1.508s] running install_scripts
[1.530s] Installing test script to /home/kkeeler/ros2_ws/install/skyforge/lib/skyforge
[1.530s] writing list of installed files to '/home/kkeeler/ros2_ws/build/skyforge/install.log'
[1.551s] Invoked command in '/home/kkeeler/ros2_ws/src/skyforge' returned '0': PYTHONPATH=/home/kkeeler/ros2_ws/build/skyforge/prefix_override:/usr/lib/python3/dist-packages/colcon_core/task/python/colcon_distutils_commands:/home/kkeeler/ros2_ws/install/skyforge/lib/python3.10/site-packages:${PYTHONPATH} /usr/bin/python3 -W ignore:setup.py install is deprecated -W ignore:easy_install command is deprecated setup.py egg_info --egg-base ../../build/skyforge build --build-base /home/kkeeler/ros2_ws/build/skyforge/build install --record /home/kkeeler/ros2_ws/build/skyforge/install.log --single-version-externally-managed install_data
