[0.069s] Invoking command in '/home/kkeeler/ros2_ws/src/akabot-main/build/akabot': CMAKE_PREFIX_PATH=${CMAKE_PREFIX_PATH}:/home/kkeeler/ros2_ws/install/skyforge:/home/kkeeler/ros2_ws/install/akabot_aruco:/home/kkeeler/install/moveit_configs_utils:/home/kkeeler/install/rosparam_shortcuts:/home/kkeeler/install/my_robot_controller:/home/kkeeler/install/launch_param_builder:/home/kkeeler/ws_moveit2/install/moveit_configs_utils:/home/kkeeler/ws_moveit2/install/launch_param_builder:/opt/ros/humble /usr/bin/cmake --build /home/kkeeler/ros2_ws/src/akabot-main/build/akabot -- -j8 -l8
[0.401s] Invoked command in '/home/kkeeler/ros2_ws/src/akabot-main/build/akabot' returned '0': CMAKE_PREFIX_PATH=${CMAKE_PREFIX_PATH}:/home/kkeeler/ros2_ws/install/skyforge:/home/kkeeler/ros2_ws/install/akabot_aruco:/home/kkeeler/install/moveit_configs_utils:/home/kkeeler/install/rosparam_shortcuts:/home/kkeeler/install/my_robot_controller:/home/kkeeler/install/launch_param_builder:/home/kkeeler/ws_moveit2/install/moveit_configs_utils:/home/kkeeler/ws_moveit2/install/launch_param_builder:/opt/ros/humble /usr/bin/cmake --build /home/kkeeler/ros2_ws/src/akabot-main/build/akabot -- -j8 -l8
[0.421s] Invoking command in '/home/kkeeler/ros2_ws/src/akabot-main/build/akabot': CMAKE_PREFIX_PATH=${CMAKE_PREFIX_PATH}:/home/kkeeler/ros2_ws/install/skyforge:/home/kkeeler/ros2_ws/install/akabot_aruco:/home/kkeeler/install/moveit_configs_utils:/home/kkeeler/install/rosparam_shortcuts:/home/kkeeler/install/my_robot_controller:/home/kkeeler/install/launch_param_builder:/home/kkeeler/ws_moveit2/install/moveit_configs_utils:/home/kkeeler/ws_moveit2/install/launch_param_builder:/opt/ros/humble /usr/bin/cmake --install /home/kkeeler/ros2_ws/src/akabot-main/build/akabot
[0.445s] -- Install configuration: ""
[0.445s] -- Up-to-date: /home/kkeeler/ros2_ws/src/akabot-main/install/akabot/share/ament_index/resource_index/package_run_dependencies/akabot
[0.447s] -- Up-to-date: /home/kkeeler/ros2_ws/src/akabot-main/install/akabot/share/ament_index/resource_index/parent_prefix_path/akabot
[0.448s] -- Up-to-date: /home/kkeeler/ros2_ws/src/akabot-main/install/akabot/share/akabot/environment/ament_prefix_path.sh
[0.448s] -- Up-to-date: /home/kkeeler/ros2_ws/src/akabot-main/install/akabot/share/akabot/environment/ament_prefix_path.dsv
[0.448s] -- Up-to-date: /home/kkeeler/ros2_ws/src/akabot-main/install/akabot/share/akabot/environment/path.sh
[0.449s] -- Up-to-date: /home/kkeeler/ros2_ws/src/akabot-main/install/akabot/share/akabot/environment/path.dsv
[0.449s] -- Up-to-date: /home/kkeeler/ros2_ws/src/akabot-main/install/akabot/share/akabot/local_setup.bash
[0.449s] -- Up-to-date: /home/kkeeler/ros2_ws/src/akabot-main/install/akabot/share/akabot/local_setup.sh
[0.449s] -- Up-to-date: /home/kkeeler/ros2_ws/src/akabot-main/install/akabot/share/akabot/local_setup.zsh
[0.449s] -- Up-to-date: /home/kkeeler/ros2_ws/src/akabot-main/install/akabot/share/akabot/local_setup.dsv
[0.449s] -- Up-to-date: /home/kkeeler/ros2_ws/src/akabot-main/install/akabot/share/akabot/package.dsv
[0.449s] -- Up-to-date: /home/kkeeler/ros2_ws/src/akabot-main/install/akabot/share/ament_index/resource_index/packages/akabot
[0.449s] -- Up-to-date: /home/kkeeler/ros2_ws/src/akabot-main/install/akabot/share/akabot/cmake/akabotConfig.cmake
[0.450s] -- Up-to-date: /home/kkeeler/ros2_ws/src/akabot-main/install/akabot/share/akabot/cmake/akabotConfig-version.cmake
[0.450s] -- Up-to-date: /home/kkeeler/ros2_ws/src/akabot-main/install/akabot/share/akabot/package.xml
[0.450s] Invoked command in '/home/kkeeler/ros2_ws/src/akabot-main/build/akabot' returned '0': CMAKE_PREFIX_PATH=${CMAKE_PREFIX_PATH}:/home/kkeeler/ros2_ws/install/skyforge:/home/kkeeler/ros2_ws/install/akabot_aruco:/home/kkeeler/install/moveit_configs_utils:/home/kkeeler/install/rosparam_shortcuts:/home/kkeeler/install/my_robot_controller:/home/kkeeler/install/launch_param_builder:/home/kkeeler/ws_moveit2/install/moveit_configs_utils:/home/kkeeler/ws_moveit2/install/launch_param_builder:/opt/ros/humble /usr/bin/cmake --install /home/kkeeler/ros2_ws/src/akabot-main/build/akabot
