-- Found ament_cmake: 1.3.11 (/opt/ros/humble/share/ament_cmake/cmake)
-- Override CMake install command with custom implementation using symlinks instead of copying resources
-- Found ament_lint_auto: 0.12.12 (/opt/ros/humble/share/ament_lint_auto/cmake)
-- Added test 'lint_cmake' to check CMake code style
-- Added test 'xmllint' to check XML markup files
-- Configuring done
-- Generating done
-- Build files have been written to: /home/kkeeler/ros2_ws/build/akabot
-- Install configuration: ""
-- Execute custom install script
-- Up-to-date symlink: /home/kkeeler/ros2_ws/install/akabot/share/ament_index/resource_index/package_run_dependencies/akabot
-- Up-to-date symlink: /home/kkeeler/ros2_ws/install/akabot/share/ament_index/resource_index/parent_prefix_path/akabot
-- Up-to-date symlink: /home/kkeeler/ros2_ws/install/akabot/share/akabot/environment/ament_prefix_path.sh
-- Up-to-date symlink: /home/kkeeler/ros2_ws/install/akabot/share/akabot/environment/ament_prefix_path.dsv
-- Up-to-date symlink: /home/kkeeler/ros2_ws/install/akabot/share/akabot/environment/path.sh
-- Up-to-date symlink: /home/kkeeler/ros2_ws/install/akabot/share/akabot/environment/path.dsv
-- Up-to-date symlink: /home/kkeeler/ros2_ws/install/akabot/share/akabot/local_setup.bash
-- Up-to-date symlink: /home/kkeeler/ros2_ws/install/akabot/share/akabot/local_setup.sh
-- Up-to-date symlink: /home/kkeeler/ros2_ws/install/akabot/share/akabot/local_setup.zsh
-- Up-to-date symlink: /home/kkeeler/ros2_ws/install/akabot/share/akabot/local_setup.dsv
-- Symlinking: /home/kkeeler/ros2_ws/install/akabot/share/akabot/package.dsv
-- Up-to-date symlink: /home/kkeeler/ros2_ws/install/akabot/share/ament_index/resource_index/packages/akabot
-- Up-to-date symlink: /home/kkeeler/ros2_ws/install/akabot/share/akabot/cmake/akabotConfig.cmake
-- Up-to-date symlink: /home/kkeeler/ros2_ws/install/akabot/share/akabot/cmake/akabotConfig-version.cmake
-- Up-to-date symlink: /home/kkeeler/ros2_ws/install/akabot/share/akabot/package.xml
