[0.111s] Invoking command in '/home/kkeeler/ros2_ws/build/akabot': CMAKE_PREFIX_PATH=${CMAKE_PREFIX_PATH}:/home/kkeeler/ros2_ws/install/skyforge:/home/kkeeler/ros2_ws/install/akabot_aruco:/home/kkeeler/install/moveit_configs_utils:/home/kkeeler/install/rosparam_shortcuts:/home/kkeeler/install/my_robot_controller:/home/kkeeler/install/launch_param_builder:/home/kkeeler/ws_moveit2/install/moveit_configs_utils:/home/kkeeler/ws_moveit2/install/launch_param_builder:/opt/ros/humble /usr/bin/cmake /home/kkeeler/ros2_ws/src/akabot-main/akabot -DCMAKE_INSTALL_PREFIX=/home/kkeeler/ros2_ws/install/akabot
[0.761s] -- Found ament_cmake: 1.3.11 (/opt/ros/humble/share/ament_cmake/cmake)
[0.761s] -- Override CMake install command with custom implementation using symlinks instead of copying resources
[0.761s] -- Found ament_lint_auto: 0.12.12 (/opt/ros/humble/share/ament_lint_auto/cmake)
[0.762s] -- Added test 'lint_cmake' to check CMake code style
[0.762s] -- Added test 'xmllint' to check XML markup files
[0.762s] -- Configuring done
[0.762s] -- Generating done
[0.762s] -- Build files have been written to: /home/kkeeler/ros2_ws/build/akabot
[0.769s] Invoked command in '/home/kkeeler/ros2_ws/build/akabot' returned '0': CMAKE_PREFIX_PATH=${CMAKE_PREFIX_PATH}:/home/kkeeler/ros2_ws/install/skyforge:/home/kkeeler/ros2_ws/install/akabot_aruco:/home/kkeeler/install/moveit_configs_utils:/home/kkeeler/install/rosparam_shortcuts:/home/kkeeler/install/my_robot_controller:/home/kkeeler/install/launch_param_builder:/home/kkeeler/ws_moveit2/install/moveit_configs_utils:/home/kkeeler/ws_moveit2/install/launch_param_builder:/opt/ros/humble /usr/bin/cmake /home/kkeeler/ros2_ws/src/akabot-main/akabot -DCMAKE_INSTALL_PREFIX=/home/kkeeler/ros2_ws/install/akabot
[0.769s] Invoking command in '/home/kkeeler/ros2_ws/build/akabot': CMAKE_PREFIX_PATH=${CMAKE_PREFIX_PATH}:/home/kkeeler/ros2_ws/install/skyforge:/home/kkeeler/ros2_ws/install/akabot_aruco:/home/kkeeler/install/moveit_configs_utils:/home/kkeeler/install/rosparam_shortcuts:/home/kkeeler/install/my_robot_controller:/home/kkeeler/install/launch_param_builder:/home/kkeeler/ws_moveit2/install/moveit_configs_utils:/home/kkeeler/ws_moveit2/install/launch_param_builder:/opt/ros/humble /usr/bin/cmake --build /home/kkeeler/ros2_ws/build/akabot -- -j8 -l8
[0.882s] Invoked command in '/home/kkeeler/ros2_ws/build/akabot' returned '0': CMAKE_PREFIX_PATH=${CMAKE_PREFIX_PATH}:/home/kkeeler/ros2_ws/install/skyforge:/home/kkeeler/ros2_ws/install/akabot_aruco:/home/kkeeler/install/moveit_configs_utils:/home/kkeeler/install/rosparam_shortcuts:/home/kkeeler/install/my_robot_controller:/home/kkeeler/install/launch_param_builder:/home/kkeeler/ws_moveit2/install/moveit_configs_utils:/home/kkeeler/ws_moveit2/install/launch_param_builder:/opt/ros/humble /usr/bin/cmake --build /home/kkeeler/ros2_ws/build/akabot -- -j8 -l8
[0.904s] Invoking command in '/home/kkeeler/ros2_ws/build/akabot': CMAKE_PREFIX_PATH=${CMAKE_PREFIX_PATH}:/home/kkeeler/ros2_ws/install/skyforge:/home/kkeeler/ros2_ws/install/akabot_aruco:/home/kkeeler/install/moveit_configs_utils:/home/kkeeler/install/rosparam_shortcuts:/home/kkeeler/install/my_robot_controller:/home/kkeeler/install/launch_param_builder:/home/kkeeler/ws_moveit2/install/moveit_configs_utils:/home/kkeeler/ws_moveit2/install/launch_param_builder:/opt/ros/humble /usr/bin/cmake --install /home/kkeeler/ros2_ws/build/akabot
[0.927s] -- Install configuration: ""
[0.927s] -- Execute custom install script
[0.927s] -- Up-to-date symlink: /home/kkeeler/ros2_ws/install/akabot/share/ament_index/resource_index/package_run_dependencies/akabot
[0.928s] -- Up-to-date symlink: /home/kkeeler/ros2_ws/install/akabot/share/ament_index/resource_index/parent_prefix_path/akabot
[0.928s] -- Up-to-date symlink: /home/kkeeler/ros2_ws/install/akabot/share/akabot/environment/ament_prefix_path.sh
[0.929s] -- Up-to-date symlink: /home/kkeeler/ros2_ws/install/akabot/share/akabot/environment/ament_prefix_path.dsv
[0.932s] -- Up-to-date symlink: /home/kkeeler/ros2_ws/install/akabot/share/akabot/environment/path.sh
[0.932s] -- Up-to-date symlink: /home/kkeeler/ros2_ws/install/akabot/share/akabot/environment/path.dsv
[0.932s] -- Up-to-date symlink: /home/kkeeler/ros2_ws/install/akabot/share/akabot/local_setup.bash
[0.933s] -- Up-to-date symlink: /home/kkeeler/ros2_ws/install/akabot/share/akabot/local_setup.sh
[0.933s] -- Up-to-date symlink: /home/kkeeler/ros2_ws/install/akabot/share/akabot/local_setup.zsh
[0.933s] -- Up-to-date symlink: /home/kkeeler/ros2_ws/install/akabot/share/akabot/local_setup.dsv
[0.933s] -- Symlinking: /home/kkeeler/ros2_ws/install/akabot/share/akabot/package.dsv
[0.960s] -- Up-to-date symlink: /home/kkeeler/ros2_ws/install/akabot/share/ament_index/resource_index/packages/akabot
[0.963s] -- Up-to-date symlink: /home/kkeeler/ros2_ws/install/akabot/share/akabot/cmake/akabotConfig.cmake
[0.964s] -- Up-to-date symlink: /home/kkeeler/ros2_ws/install/akabot/share/akabot/cmake/akabotConfig-version.cmake
[0.965s] -- Up-to-date symlink: /home/kkeeler/ros2_ws/install/akabot/share/akabot/package.xml
[0.965s] Invoked command in '/home/kkeeler/ros2_ws/build/akabot' returned '0': CMAKE_PREFIX_PATH=${CMAKE_PREFIX_PATH}:/home/kkeeler/ros2_ws/install/skyforge:/home/kkeeler/ros2_ws/install/akabot_aruco:/home/kkeeler/install/moveit_configs_utils:/home/kkeeler/install/rosparam_shortcuts:/home/kkeeler/install/my_robot_controller:/home/kkeeler/install/launch_param_builder:/home/kkeeler/ws_moveit2/install/moveit_configs_utils:/home/kkeeler/ws_moveit2/install/launch_param_builder:/opt/ros/humble /usr/bin/cmake --install /home/kkeeler/ros2_ws/build/akabot
