[0.835s] Invoking command in '/home/kkeeler/ros2_ws/build/urdf_tutorial': CMAKE_PREFIX_PATH=${CMAKE_PREFIX_PATH}:/home/kkeeler/ros2_ws/install/skyforge:/home/kkeeler/ros2_ws/install/akabot_aruco:/home/kkeeler/install/moveit_configs_utils:/home/kkeeler/install/rosparam_shortcuts:/home/kkeeler/install/my_robot_controller:/home/kkeeler/install/launch_param_builder:/home/kkeeler/ws_moveit2/install/moveit_configs_utils:/home/kkeeler/ws_moveit2/install/launch_param_builder:/opt/ros/humble /usr/bin/cmake /home/kkeeler/ros2_ws/src/urdf_tutorial -DCMAKE_INSTALL_PREFIX=/home/kkeeler/ros2_ws/install/urdf_tutorial
[0.992s] -- The C compiler identification is GNU 11.4.0
[1.116s] -- The CXX compiler identification is GNU 11.4.0
[1.133s] -- Detecting C compiler ABI info
[1.323s] -- Detecting C compiler ABI info - done
[1.343s] -- Check for working C compiler: /usr/bin/cc - skipped
[1.345s] -- Detecting C compile features
[1.345s] -- Detecting C compile features - done
[1.352s] -- Detecting CXX compiler ABI info
[1.573s] -- Detecting CXX compiler ABI info - done
[1.594s] -- Check for working CXX compiler: /usr/bin/c++ - skipped
[1.595s] -- Detecting CXX compile features
[1.597s] -- Detecting CXX compile features - done
[1.626s] -- Found ament_cmake: 1.3.11 (/opt/ros/humble/share/ament_cmake/cmake)
[2.015s] -- Found Python3: /usr/bin/python3 (found version "3.10.12") found components: Interpreter 
[2.409s] -- Found robot_state_publisher: 3.0.3 (/opt/ros/humble/share/robot_state_publisher/cmake)
[2.605s] -- Found rosidl_generator_c: 3.1.6 (/opt/ros/humble/share/rosidl_generator_c/cmake)
[2.643s] -- Found rosidl_adapter: 3.1.6 (/opt/ros/humble/share/rosidl_adapter/cmake)
[2.687s] -- Found rosidl_generator_cpp: 3.1.6 (/opt/ros/humble/share/rosidl_generator_cpp/cmake)
[2.741s] -- Using all available rosidl_typesupport_c: rosidl_typesupport_fastrtps_c;rosidl_typesupport_introspection_c
[2.814s] -- Using all available rosidl_typesupport_cpp: rosidl_typesupport_fastrtps_cpp;rosidl_typesupport_introspection_cpp
[3.029s] -- Found eigen3_cmake_module: 0.1.1 (/opt/ros/humble/share/eigen3_cmake_module/cmake)
[3.031s] -- Found Eigen3: TRUE (found version "3.4.0") 
[3.031s] -- Ensuring Eigen3 include directory is part of orocos-kdl CMake target
[3.266s] -- Found rmw_implementation_cmake: 6.1.2 (/opt/ros/humble/share/rmw_implementation_cmake/cmake)
[3.291s] -- Found rmw_fastrtps_cpp: 6.2.7 (/opt/ros/humble/share/rmw_fastrtps_cpp/cmake)
[3.565s] -- Found OpenSSL: /usr/lib/x86_64-linux-gnu/libcrypto.so (found version "3.0.2")  
[3.619s] -- Found FastRTPS: /opt/ros/humble/include  
[3.707s] -- Using RMW implementation 'rmw_fastrtps_cpp' as default
[3.763s] -- Looking for pthread.h
[3.895s] -- Looking for pthread.h - found
[3.896s] -- Performing Test CMAKE_HAVE_LIBC_PTHREAD
[4.023s] -- Performing Test CMAKE_HAVE_LIBC_PTHREAD - Success
[4.025s] -- Found Threads: TRUE  
[4.590s] -- Found xacro: 2.0.13 (/opt/ros/humble/share/xacro/cmake)
[4.607s] -- Found ament_lint_auto: 0.12.12 (/opt/ros/humble/share/ament_lint_auto/cmake)
[4.838s] -- Added test 'cppcheck' to perform static code analysis on C / C++ code
[4.838s] -- Configured cppcheck include dirs: 
[4.838s] -- Configured cppcheck exclude dirs and/or files: 
[4.844s] -- Added test 'flake8' to check Python code syntax and style conventions
[4.852s] -- Added test 'lint_cmake' to check CMake code style
[4.857s] -- Added test 'pep257' to check Python code against some of the docstring style conventions in PEP 257
[4.879s] -- Added test 'uncrustify' to check C / C++ code style
[4.880s] -- Configured uncrustify additional arguments: 
[4.885s] -- Added test 'xmllint' to check XML markup files
[4.891s] -- Configuring done
[4.896s] -- Generating done
[4.898s] -- Build files have been written to: /home/kkeeler/ros2_ws/build/urdf_tutorial
[4.908s] Invoked command in '/home/kkeeler/ros2_ws/build/urdf_tutorial' returned '0': CMAKE_PREFIX_PATH=${CMAKE_PREFIX_PATH}:/home/kkeeler/ros2_ws/install/skyforge:/home/kkeeler/ros2_ws/install/akabot_aruco:/home/kkeeler/install/moveit_configs_utils:/home/kkeeler/install/rosparam_shortcuts:/home/kkeeler/install/my_robot_controller:/home/kkeeler/install/launch_param_builder:/home/kkeeler/ws_moveit2/install/moveit_configs_utils:/home/kkeeler/ws_moveit2/install/launch_param_builder:/opt/ros/humble /usr/bin/cmake /home/kkeeler/ros2_ws/src/urdf_tutorial -DCMAKE_INSTALL_PREFIX=/home/kkeeler/ros2_ws/install/urdf_tutorial
[4.909s] Invoking command in '/home/kkeeler/ros2_ws/build/urdf_tutorial': CMAKE_PREFIX_PATH=${CMAKE_PREFIX_PATH}:/home/kkeeler/ros2_ws/install/skyforge:/home/kkeeler/ros2_ws/install/akabot_aruco:/home/kkeeler/install/moveit_configs_utils:/home/kkeeler/install/rosparam_shortcuts:/home/kkeeler/install/my_robot_controller:/home/kkeeler/install/launch_param_builder:/home/kkeeler/ws_moveit2/install/moveit_configs_utils:/home/kkeeler/ws_moveit2/install/launch_param_builder:/opt/ros/humble /usr/bin/cmake --build /home/kkeeler/ros2_ws/build/urdf_tutorial -- -j8 -l8
[4.990s] Invoked command in '/home/kkeeler/ros2_ws/build/urdf_tutorial' returned '0': CMAKE_PREFIX_PATH=${CMAKE_PREFIX_PATH}:/home/kkeeler/ros2_ws/install/skyforge:/home/kkeeler/ros2_ws/install/akabot_aruco:/home/kkeeler/install/moveit_configs_utils:/home/kkeeler/install/rosparam_shortcuts:/home/kkeeler/install/my_robot_controller:/home/kkeeler/install/launch_param_builder:/home/kkeeler/ws_moveit2/install/moveit_configs_utils:/home/kkeeler/ws_moveit2/install/launch_param_builder:/opt/ros/humble /usr/bin/cmake --build /home/kkeeler/ros2_ws/build/urdf_tutorial -- -j8 -l8
[4.992s] Invoking command in '/home/kkeeler/ros2_ws/build/urdf_tutorial': CMAKE_PREFIX_PATH=${CMAKE_PREFIX_PATH}:/home/kkeeler/ros2_ws/install/skyforge:/home/kkeeler/ros2_ws/install/akabot_aruco:/home/kkeeler/install/moveit_configs_utils:/home/kkeeler/install/rosparam_shortcuts:/home/kkeeler/install/my_robot_controller:/home/kkeeler/install/launch_param_builder:/home/kkeeler/ws_moveit2/install/moveit_configs_utils:/home/kkeeler/ws_moveit2/install/launch_param_builder:/opt/ros/humble /usr/bin/cmake --install /home/kkeeler/ros2_ws/build/urdf_tutorial
[5.008s] -- Install configuration: ""
[5.008s] -- Installing: /home/kkeeler/ros2_ws/install/urdf_tutorial/share/urdf_tutorial/urdf
[5.008s] -- Installing: /home/kkeeler/ros2_ws/install/urdf_tutorial/share/urdf_tutorial/urdf/robot_model_6_dof.urdf.xacro
[5.014s] -- Installing: /home/kkeeler/ros2_ws/install/urdf_tutorial/share/urdf_tutorial/launch
[5.015s] -- Installing: /home/kkeeler/ros2_ws/install/urdf_tutorial/share/urdf_tutorial/launch/robot_6_dof.launch.py
[5.015s] -- Installing: /home/kkeeler/ros2_ws/install/urdf_tutorial/share/urdf_tutorial/config
[5.015s] -- Installing: /home/kkeeler/ros2_ws/install/urdf_tutorial/share/urdf_tutorial/config/robot_6_dof.rviz
[5.015s] -- Installing: /home/kkeeler/ros2_ws/install/urdf_tutorial/share/urdf_tutorial/config/r.rviz
[5.015s] -- Installing: /home/kkeeler/ros2_ws/install/urdf_tutorial/share/ament_index/resource_index/package_run_dependencies/urdf_tutorial
[5.016s] -- Installing: /home/kkeeler/ros2_ws/install/urdf_tutorial/share/ament_index/resource_index/parent_prefix_path/urdf_tutorial
[5.016s] -- Installing: /home/kkeeler/ros2_ws/install/urdf_tutorial/share/urdf_tutorial/environment/ament_prefix_path.sh
[5.016s] -- Installing: /home/kkeeler/ros2_ws/install/urdf_tutorial/share/urdf_tutorial/environment/ament_prefix_path.dsv
[5.016s] -- Installing: /home/kkeeler/ros2_ws/install/urdf_tutorial/share/urdf_tutorial/environment/path.sh
[5.016s] -- Installing: /home/kkeeler/ros2_ws/install/urdf_tutorial/share/urdf_tutorial/environment/path.dsv
[5.016s] -- Installing: /home/kkeeler/ros2_ws/install/urdf_tutorial/share/urdf_tutorial/local_setup.bash
[5.016s] -- Installing: /home/kkeeler/ros2_ws/install/urdf_tutorial/share/urdf_tutorial/local_setup.sh
[5.017s] -- Installing: /home/kkeeler/ros2_ws/install/urdf_tutorial/share/urdf_tutorial/local_setup.zsh
[5.017s] -- Installing: /home/kkeeler/ros2_ws/install/urdf_tutorial/share/urdf_tutorial/local_setup.dsv
[5.017s] -- Installing: /home/kkeeler/ros2_ws/install/urdf_tutorial/share/urdf_tutorial/package.dsv
[5.017s] -- Installing: /home/kkeeler/ros2_ws/install/urdf_tutorial/share/ament_index/resource_index/packages/urdf_tutorial
[5.017s] -- Installing: /home/kkeeler/ros2_ws/install/urdf_tutorial/share/urdf_tutorial/cmake/urdf_tutorialConfig.cmake
[5.018s] -- Installing: /home/kkeeler/ros2_ws/install/urdf_tutorial/share/urdf_tutorial/cmake/urdf_tutorialConfig-version.cmake
[5.018s] -- Installing: /home/kkeeler/ros2_ws/install/urdf_tutorial/share/urdf_tutorial/package.xml
[5.020s] Invoked command in '/home/kkeeler/ros2_ws/build/urdf_tutorial' returned '0': CMAKE_PREFIX_PATH=${CMAKE_PREFIX_PATH}:/home/kkeeler/ros2_ws/install/skyforge:/home/kkeeler/ros2_ws/install/akabot_aruco:/home/kkeeler/install/moveit_configs_utils:/home/kkeeler/install/rosparam_shortcuts:/home/kkeeler/install/my_robot_controller:/home/kkeeler/install/launch_param_builder:/home/kkeeler/ws_moveit2/install/moveit_configs_utils:/home/kkeeler/ws_moveit2/install/launch_param_builder:/opt/ros/humble /usr/bin/cmake --install /home/kkeeler/ros2_ws/build/urdf_tutorial
