[0.382s] Invoking command in '/home/kkeeler/ros2_ws/build/akabot_bringup': CMAKE_PREFIX_PATH=${CMAKE_PREFIX_PATH}:/home/kkeeler/ros2_ws/install/skyforge:/home/kkeeler/ros2_ws/install/akabot_aruco:/home/kkeeler/install/moveit_configs_utils:/home/kkeeler/install/rosparam_shortcuts:/home/kkeeler/install/my_robot_controller:/home/kkeeler/install/launch_param_builder:/home/kkeeler/ws_moveit2/install/moveit_configs_utils:/home/kkeeler/ws_moveit2/install/launch_param_builder:/opt/ros/humble /usr/bin/cmake /home/kkeeler/ros2_ws/src/akabot-main/akabot_bringup -DCMAKE_INSTALL_PREFIX=/home/kkeeler/ros2_ws/install/akabot_bringup
[0.880s] -- The C compiler identification is GNU 11.4.0
[0.880s] -- The CXX compiler identification is GNU 11.4.0
[0.880s] -- Detecting C compiler ABI info
[0.880s] -- Detecting C compiler ABI info - done
[0.880s] -- Check for working C compiler: /usr/bin/cc - skipped
[0.880s] -- Detecting C compile features
[0.881s] -- Detecting C compile features - done
[0.881s] -- Detecting CXX compiler ABI info
[0.972s] -- Detecting CXX compiler ABI info - done
[0.985s] -- Check for working CXX compiler: /usr/bin/c++ - skipped
[0.985s] -- Detecting CXX compile features
[0.986s] -- Detecting CXX compile features - done
[1.013s] -- Found ament_cmake: 1.3.11 (/opt/ros/humble/share/ament_cmake/cmake)
[1.393s] -- Found Python3: /usr/bin/python3 (found version "3.10.12") found components: Interpreter 
[1.952s] -- Configuring done
[1.958s] -- Generating done
[1.960s] -- Build files have been written to: /home/kkeeler/ros2_ws/build/akabot_bringup
[1.965s] Invoked command in '/home/kkeeler/ros2_ws/build/akabot_bringup' returned '0': CMAKE_PREFIX_PATH=${CMAKE_PREFIX_PATH}:/home/kkeeler/ros2_ws/install/skyforge:/home/kkeeler/ros2_ws/install/akabot_aruco:/home/kkeeler/install/moveit_configs_utils:/home/kkeeler/install/rosparam_shortcuts:/home/kkeeler/install/my_robot_controller:/home/kkeeler/install/launch_param_builder:/home/kkeeler/ws_moveit2/install/moveit_configs_utils:/home/kkeeler/ws_moveit2/install/launch_param_builder:/opt/ros/humble /usr/bin/cmake /home/kkeeler/ros2_ws/src/akabot-main/akabot_bringup -DCMAKE_INSTALL_PREFIX=/home/kkeeler/ros2_ws/install/akabot_bringup
[1.967s] Invoking command in '/home/kkeeler/ros2_ws/build/akabot_bringup': CMAKE_PREFIX_PATH=${CMAKE_PREFIX_PATH}:/home/kkeeler/ros2_ws/install/skyforge:/home/kkeeler/ros2_ws/install/akabot_aruco:/home/kkeeler/install/moveit_configs_utils:/home/kkeeler/install/rosparam_shortcuts:/home/kkeeler/install/my_robot_controller:/home/kkeeler/install/launch_param_builder:/home/kkeeler/ws_moveit2/install/moveit_configs_utils:/home/kkeeler/ws_moveit2/install/launch_param_builder:/opt/ros/humble /usr/bin/cmake --build /home/kkeeler/ros2_ws/build/akabot_bringup -- -j8 -l8
[2.198s] Invoked command in '/home/kkeeler/ros2_ws/build/akabot_bringup' returned '0': CMAKE_PREFIX_PATH=${CMAKE_PREFIX_PATH}:/home/kkeeler/ros2_ws/install/skyforge:/home/kkeeler/ros2_ws/install/akabot_aruco:/home/kkeeler/install/moveit_configs_utils:/home/kkeeler/install/rosparam_shortcuts:/home/kkeeler/install/my_robot_controller:/home/kkeeler/install/launch_param_builder:/home/kkeeler/ws_moveit2/install/moveit_configs_utils:/home/kkeeler/ws_moveit2/install/launch_param_builder:/opt/ros/humble /usr/bin/cmake --build /home/kkeeler/ros2_ws/build/akabot_bringup -- -j8 -l8
[2.223s] Invoking command in '/home/kkeeler/ros2_ws/build/akabot_bringup': CMAKE_PREFIX_PATH=${CMAKE_PREFIX_PATH}:/home/kkeeler/ros2_ws/install/skyforge:/home/kkeeler/ros2_ws/install/akabot_aruco:/home/kkeeler/install/moveit_configs_utils:/home/kkeeler/install/rosparam_shortcuts:/home/kkeeler/install/my_robot_controller:/home/kkeeler/install/launch_param_builder:/home/kkeeler/ws_moveit2/install/moveit_configs_utils:/home/kkeeler/ws_moveit2/install/launch_param_builder:/opt/ros/humble /usr/bin/cmake --install /home/kkeeler/ros2_ws/build/akabot_bringup
[2.249s] -- Install configuration: ""
[2.249s] -- Installing: /home/kkeeler/ros2_ws/install/akabot_bringup/share/akabot_bringup/config
[2.249s] -- Installing: /home/kkeeler/ros2_ws/install/akabot_bringup/share/akabot_bringup/config/ros2_controllers.yaml
[2.249s] -- Installing: /home/kkeeler/ros2_ws/install/akabot_bringup/share/akabot_bringup/launch
[2.250s] -- Installing: /home/kkeeler/ros2_ws/install/akabot_bringup/share/akabot_bringup/launch/bringup_all.launch.py
[2.250s] -- Installing: /home/kkeeler/ros2_ws/install/akabot_bringup/share/ament_index/resource_index/package_run_dependencies/akabot_bringup
[2.250s] -- Installing: /home/kkeeler/ros2_ws/install/akabot_bringup/share/ament_index/resource_index/parent_prefix_path/akabot_bringup
[2.251s] -- Installing: /home/kkeeler/ros2_ws/install/akabot_bringup/share/akabot_bringup/environment/ament_prefix_path.sh
[2.251s] -- Installing: /home/kkeeler/ros2_ws/install/akabot_bringup/share/akabot_bringup/environment/ament_prefix_path.dsv
[2.251s] -- Installing: /home/kkeeler/ros2_ws/install/akabot_bringup/share/akabot_bringup/environment/path.sh
[2.251s] -- Installing: /home/kkeeler/ros2_ws/install/akabot_bringup/share/akabot_bringup/environment/path.dsv
[2.252s] -- Installing: /home/kkeeler/ros2_ws/install/akabot_bringup/share/akabot_bringup/local_setup.bash
[2.252s] -- Installing: /home/kkeeler/ros2_ws/install/akabot_bringup/share/akabot_bringup/local_setup.sh
[2.252s] -- Installing: /home/kkeeler/ros2_ws/install/akabot_bringup/share/akabot_bringup/local_setup.zsh
[2.255s] -- Installing: /home/kkeeler/ros2_ws/install/akabot_bringup/share/akabot_bringup/local_setup.dsv
[2.255s] -- Installing: /home/kkeeler/ros2_ws/install/akabot_bringup/share/akabot_bringup/package.dsv
[2.256s] -- Installing: /home/kkeeler/ros2_ws/install/akabot_bringup/share/ament_index/resource_index/packages/akabot_bringup
[2.256s] -- Installing: /home/kkeeler/ros2_ws/install/akabot_bringup/share/akabot_bringup/cmake/akabot_bringupConfig.cmake
[2.256s] -- Installing: /home/kkeeler/ros2_ws/install/akabot_bringup/share/akabot_bringup/cmake/akabot_bringupConfig-version.cmake
[2.256s] -- Installing: /home/kkeeler/ros2_ws/install/akabot_bringup/share/akabot_bringup/package.xml
[2.270s] Invoked command in '/home/kkeeler/ros2_ws/build/akabot_bringup' returned '0': CMAKE_PREFIX_PATH=${CMAKE_PREFIX_PATH}:/home/kkeeler/ros2_ws/install/skyforge:/home/kkeeler/ros2_ws/install/akabot_aruco:/home/kkeeler/install/moveit_configs_utils:/home/kkeeler/install/rosparam_shortcuts:/home/kkeeler/install/my_robot_controller:/home/kkeeler/install/launch_param_builder:/home/kkeeler/ws_moveit2/install/moveit_configs_utils:/home/kkeeler/ws_moveit2/install/launch_param_builder:/opt/ros/humble /usr/bin/cmake --install /home/kkeeler/ros2_ws/build/akabot_bringup
