running egg_info
writing ../build/skyforge/skyforge.egg-info/PKG-INFO
writing dependency_links to ../build/skyforge/skyforge.egg-info/dependency_links.txt
writing entry points to ../build/skyforge/skyforge.egg-info/entry_points.txt
writing requirements to ../build/skyforge/skyforge.egg-info/requires.txt
writing top-level names to ../build/skyforge/skyforge.egg-info/top_level.txt
reading manifest file '../build/skyforge/skyforge.egg-info/SOURCES.txt'
writing manifest file '../build/skyforge/skyforge.egg-info/SOURCES.txt'
running build
running build_py
copying skyforge/my_first_node.py -> /home/dwidjaja/ros2_ws/src/build/skyforge/build/lib/skyforge
running install
running install_lib
copying /home/dwidjaja/ros2_ws/src/build/skyforge/build/lib/skyforge/my_first_node.py -> /home/dwidjaja/ros2_ws/src/install/skyforge/lib/python3.10/site-packages/skyforge
byte-compiling /home/dwidjaja/ros2_ws/src/install/skyforge/lib/python3.10/site-packages/skyforge/my_first_node.py to my_first_node.cpython-310.pyc
running install_data
creating /home/dwidjaja/ros2_ws/src/install/skyforge/share/skyforge/launch
copying launch/view_robot.launch.py -> /home/dwidjaja/ros2_ws/src/install/skyforge/share/skyforge/launch
error: can't copy 'urdf/skyforge_robot.urdf': doesn't exist or not a regular file
creating /home/dwidjaja/ros2_ws/src/install/skyforge/share/skyforge/urdf
