[0.396s] Invoking command in '/home/kkeeler/ros2_ws/build/akabot_gazebo': CMAKE_PREFIX_PATH=${CMAKE_PREFIX_PATH}:/home/kkeeler/ros2_ws/install/skyforge:/home/kkeeler/ros2_ws/install/akabot_aruco:/home/kkeeler/install/moveit_configs_utils:/home/kkeeler/install/rosparam_shortcuts:/home/kkeeler/install/my_robot_controller:/home/kkeeler/install/launch_param_builder:/home/kkeeler/ws_moveit2/install/moveit_configs_utils:/home/kkeeler/ws_moveit2/install/launch_param_builder:/opt/ros/humble /usr/bin/cmake /home/kkeeler/ros2_ws/src/akabot-main/akabot_gazebo -DCMAKE_INSTALL_PREFIX=/home/kkeeler/ros2_ws/install/akabot_gazebo
[0.716s] -- Found ament_cmake: 1.3.11 (/opt/ros/humble/share/ament_cmake/cmake)
[0.717s] -- Override CMake install command with custom implementation using symlinks instead of copying resources
[0.717s] -- Found urdf: 2.6.1 (/opt/ros/humble/share/urdf/cmake)
[0.718s] -- Configuring done
[0.719s] -- Generating done
[0.721s] -- Build files have been written to: /home/kkeeler/ros2_ws/build/akabot_gazebo
[0.740s] Invoked command in '/home/kkeeler/ros2_ws/build/akabot_gazebo' returned '0': CMAKE_PREFIX_PATH=${CMAKE_PREFIX_PATH}:/home/kkeeler/ros2_ws/install/skyforge:/home/kkeeler/ros2_ws/install/akabot_aruco:/home/kkeeler/install/moveit_configs_utils:/home/kkeeler/install/rosparam_shortcuts:/home/kkeeler/install/my_robot_controller:/home/kkeeler/install/launch_param_builder:/home/kkeeler/ws_moveit2/install/moveit_configs_utils:/home/kkeeler/ws_moveit2/install/launch_param_builder:/opt/ros/humble /usr/bin/cmake /home/kkeeler/ros2_ws/src/akabot-main/akabot_gazebo -DCMAKE_INSTALL_PREFIX=/home/kkeeler/ros2_ws/install/akabot_gazebo
[0.740s] Invoking command in '/home/kkeeler/ros2_ws/build/akabot_gazebo': CMAKE_PREFIX_PATH=${CMAKE_PREFIX_PATH}:/home/kkeeler/ros2_ws/install/skyforge:/home/kkeeler/ros2_ws/install/akabot_aruco:/home/kkeeler/install/moveit_configs_utils:/home/kkeeler/install/rosparam_shortcuts:/home/kkeeler/install/my_robot_controller:/home/kkeeler/install/launch_param_builder:/home/kkeeler/ws_moveit2/install/moveit_configs_utils:/home/kkeeler/ws_moveit2/install/launch_param_builder:/opt/ros/humble /usr/bin/cmake --build /home/kkeeler/ros2_ws/build/akabot_gazebo -- -j8 -l8
[0.875s] Invoked command in '/home/kkeeler/ros2_ws/build/akabot_gazebo' returned '0': CMAKE_PREFIX_PATH=${CMAKE_PREFIX_PATH}:/home/kkeeler/ros2_ws/install/skyforge:/home/kkeeler/ros2_ws/install/akabot_aruco:/home/kkeeler/install/moveit_configs_utils:/home/kkeeler/install/rosparam_shortcuts:/home/kkeeler/install/my_robot_controller:/home/kkeeler/install/launch_param_builder:/home/kkeeler/ws_moveit2/install/moveit_configs_utils:/home/kkeeler/ws_moveit2/install/launch_param_builder:/opt/ros/humble /usr/bin/cmake --build /home/kkeeler/ros2_ws/build/akabot_gazebo -- -j8 -l8
[0.879s] Invoking command in '/home/kkeeler/ros2_ws/build/akabot_gazebo': CMAKE_PREFIX_PATH=${CMAKE_PREFIX_PATH}:/home/kkeeler/ros2_ws/install/skyforge:/home/kkeeler/ros2_ws/install/akabot_aruco:/home/kkeeler/install/moveit_configs_utils:/home/kkeeler/install/rosparam_shortcuts:/home/kkeeler/install/my_robot_controller:/home/kkeeler/install/launch_param_builder:/home/kkeeler/ws_moveit2/install/moveit_configs_utils:/home/kkeeler/ws_moveit2/install/launch_param_builder:/opt/ros/humble /usr/bin/cmake --install /home/kkeeler/ros2_ws/build/akabot_gazebo
[0.902s] -- Install configuration: ""
[0.902s] -- Execute custom install script
[0.902s] -- Up-to-date symlink: /home/kkeeler/ros2_ws/install/akabot_gazebo/share/akabot_gazebo/config/akabot_bridge.yaml
[0.902s] -- Up-to-date symlink: /home/kkeeler/ros2_ws/install/akabot_gazebo/share/akabot_gazebo/launch/gz_launch.py
[0.902s] -- Up-to-date symlink: /home/kkeeler/ros2_ws/install/akabot_gazebo/share/akabot_gazebo/worlds/pick_and_place.world
[0.902s] -- Up-to-date symlink: /home/kkeeler/ros2_ws/install/akabot_gazebo/share/ament_index/resource_index/package_run_dependencies/akabot_gazebo
[0.903s] -- Up-to-date symlink: /home/kkeeler/ros2_ws/install/akabot_gazebo/share/ament_index/resource_index/parent_prefix_path/akabot_gazebo
[0.903s] -- Up-to-date symlink: /home/kkeeler/ros2_ws/install/akabot_gazebo/share/akabot_gazebo/environment/ament_prefix_path.sh
[0.904s] -- Up-to-date symlink: /home/kkeeler/ros2_ws/install/akabot_gazebo/share/akabot_gazebo/environment/ament_prefix_path.dsv
[0.904s] -- Up-to-date symlink: /home/kkeeler/ros2_ws/install/akabot_gazebo/share/akabot_gazebo/environment/path.sh
[0.904s] -- Up-to-date symlink: /home/kkeeler/ros2_ws/install/akabot_gazebo/share/akabot_gazebo/environment/path.dsv
[0.905s] -- Up-to-date symlink: /home/kkeeler/ros2_ws/install/akabot_gazebo/share/akabot_gazebo/local_setup.bash
[0.905s] -- Up-to-date symlink: /home/kkeeler/ros2_ws/install/akabot_gazebo/share/akabot_gazebo/local_setup.sh
[0.905s] -- Up-to-date symlink: /home/kkeeler/ros2_ws/install/akabot_gazebo/share/akabot_gazebo/local_setup.zsh
[0.905s] -- Up-to-date symlink: /home/kkeeler/ros2_ws/install/akabot_gazebo/share/akabot_gazebo/local_setup.dsv
[0.906s] -- Symlinking: /home/kkeeler/ros2_ws/install/akabot_gazebo/share/akabot_gazebo/package.dsv
[0.933s] -- Up-to-date symlink: /home/kkeeler/ros2_ws/install/akabot_gazebo/share/ament_index/resource_index/packages/akabot_gazebo
[0.933s] -- Up-to-date symlink: /home/kkeeler/ros2_ws/install/akabot_gazebo/share/akabot_gazebo/cmake/akabot_gazeboConfig.cmake
[0.934s] -- Up-to-date symlink: /home/kkeeler/ros2_ws/install/akabot_gazebo/share/akabot_gazebo/cmake/akabot_gazeboConfig-version.cmake
[0.934s] -- Up-to-date symlink: /home/kkeeler/ros2_ws/install/akabot_gazebo/share/akabot_gazebo/package.xml
[1.002s] Invoked command in '/home/kkeeler/ros2_ws/build/akabot_gazebo' returned '0': CMAKE_PREFIX_PATH=${CMAKE_PREFIX_PATH}:/home/kkeeler/ros2_ws/install/skyforge:/home/kkeeler/ros2_ws/install/akabot_aruco:/home/kkeeler/install/moveit_configs_utils:/home/kkeeler/install/rosparam_shortcuts:/home/kkeeler/install/my_robot_controller:/home/kkeeler/install/launch_param_builder:/home/kkeeler/ws_moveit2/install/moveit_configs_utils:/home/kkeeler/ws_moveit2/install/launch_param_builder:/opt/ros/humble /usr/bin/cmake --install /home/kkeeler/ros2_ws/build/akabot_gazebo
