-- Found ament_cmake: 1.3.11 (/opt/ros/humble/share/ament_cmake/cmake)
-- Override CMake install command with custom implementation using symlinks instead of copying resources
-- Configuring done
-- Generating done
-- Build files have been written to: /home/kkeeler/ros2_ws/build/akabot_bringup
-- Install configuration: ""
-- Execute custom install script
-- Symlinking: /home/kkeeler/ros2_ws/install/akabot_bringup/share/akabot_bringup/config/ros2_controllers.yaml
-- Symlinking: /home/kkeeler/ros2_ws/install/akabot_bringup/share/akabot_bringup/launch/bringup_all.launch.py
-- Symlinking: /home/kkeeler/ros2_ws/install/akabot_bringup/share/ament_index/resource_index/package_run_dependencies/akabot_bringup
-- Symlinking: /home/kkeeler/ros2_ws/install/akabot_bringup/share/ament_index/resource_index/parent_prefix_path/akabot_bringup
-- Symlinking: /home/kkeeler/ros2_ws/install/akabot_bringup/share/akabot_bringup/environment/ament_prefix_path.sh
-- Symlinking: /home/kkeeler/ros2_ws/install/akabot_bringup/share/akabot_bringup/environment/ament_prefix_path.dsv
-- Symlinking: /home/kkeeler/ros2_ws/install/akabot_bringup/share/akabot_bringup/environment/path.sh
-- Symlinking: /home/kkeeler/ros2_ws/install/akabot_bringup/share/akabot_bringup/environment/path.dsv
-- Symlinking: /home/kkeeler/ros2_ws/install/akabot_bringup/share/akabot_bringup/local_setup.bash
-- Symlinking: /home/kkeeler/ros2_ws/install/akabot_bringup/share/akabot_bringup/local_setup.sh
-- Symlinking: /home/kkeeler/ros2_ws/install/akabot_bringup/share/akabot_bringup/local_setup.zsh
-- Symlinking: /home/kkeeler/ros2_ws/install/akabot_bringup/share/akabot_bringup/local_setup.dsv
-- Symlinking: /home/kkeeler/ros2_ws/install/akabot_bringup/share/akabot_bringup/package.dsv
-- Symlinking: /home/kkeeler/ros2_ws/install/akabot_bringup/share/ament_index/resource_index/packages/akabot_bringup
-- Symlinking: /home/kkeeler/ros2_ws/install/akabot_bringup/share/akabot_bringup/cmake/akabot_bringupConfig.cmake
-- Symlinking: /home/kkeeler/ros2_ws/install/akabot_bringup/share/akabot_bringup/cmake/akabot_bringupConfig-version.cmake
-- Symlinking: /home/kkeeler/ros2_ws/install/akabot_bringup/share/akabot_bringup/package.xml
