[0.395s] Invoking command in '/home/kkeeler/ros2_ws/build/akabot_bringup': CMAKE_PREFIX_PATH=${CMAKE_PREFIX_PATH}:/home/kkeeler/ros2_ws/install/skyforge:/home/kkeeler/ros2_ws/install/akabot_aruco:/home/kkeeler/install/moveit_configs_utils:/home/kkeeler/install/rosparam_shortcuts:/home/kkeeler/install/my_robot_controller:/home/kkeeler/install/launch_param_builder:/home/kkeeler/ws_moveit2/install/moveit_configs_utils:/home/kkeeler/ws_moveit2/install/launch_param_builder:/opt/ros/humble /usr/bin/cmake /home/kkeeler/ros2_ws/src/akabot-main/akabot_bringup -DAMENT_CMAKE_SYMLINK_INSTALL=1 -DCMAKE_INSTALL_PREFIX=/home/kkeeler/ros2_ws/install/akabot_bringup
[0.714s] -- Found ament_cmake: 1.3.11 (/opt/ros/humble/share/ament_cmake/cmake)
[0.715s] -- Override CMake install command with custom implementation using symlinks instead of copying resources
[0.715s] -- Configuring done
[0.715s] -- Generating done
[0.715s] -- Build files have been written to: /home/kkeeler/ros2_ws/build/akabot_bringup
[0.721s] Invoked command in '/home/kkeeler/ros2_ws/build/akabot_bringup' returned '0': CMAKE_PREFIX_PATH=${CMAKE_PREFIX_PATH}:/home/kkeeler/ros2_ws/install/skyforge:/home/kkeeler/ros2_ws/install/akabot_aruco:/home/kkeeler/install/moveit_configs_utils:/home/kkeeler/install/rosparam_shortcuts:/home/kkeeler/install/my_robot_controller:/home/kkeeler/install/launch_param_builder:/home/kkeeler/ws_moveit2/install/moveit_configs_utils:/home/kkeeler/ws_moveit2/install/launch_param_builder:/opt/ros/humble /usr/bin/cmake /home/kkeeler/ros2_ws/src/akabot-main/akabot_bringup -DAMENT_CMAKE_SYMLINK_INSTALL=1 -DCMAKE_INSTALL_PREFIX=/home/kkeeler/ros2_ws/install/akabot_bringup
[0.723s] Invoking command in '/home/kkeeler/ros2_ws/build/akabot_bringup': CMAKE_PREFIX_PATH=${CMAKE_PREFIX_PATH}:/home/kkeeler/ros2_ws/install/skyforge:/home/kkeeler/ros2_ws/install/akabot_aruco:/home/kkeeler/install/moveit_configs_utils:/home/kkeeler/install/rosparam_shortcuts:/home/kkeeler/install/my_robot_controller:/home/kkeeler/install/launch_param_builder:/home/kkeeler/ws_moveit2/install/moveit_configs_utils:/home/kkeeler/ws_moveit2/install/launch_param_builder:/opt/ros/humble /usr/bin/cmake --build /home/kkeeler/ros2_ws/build/akabot_bringup -- -j8 -l8
[0.855s] Invoked command in '/home/kkeeler/ros2_ws/build/akabot_bringup' returned '0': CMAKE_PREFIX_PATH=${CMAKE_PREFIX_PATH}:/home/kkeeler/ros2_ws/install/skyforge:/home/kkeeler/ros2_ws/install/akabot_aruco:/home/kkeeler/install/moveit_configs_utils:/home/kkeeler/install/rosparam_shortcuts:/home/kkeeler/install/my_robot_controller:/home/kkeeler/install/launch_param_builder:/home/kkeeler/ws_moveit2/install/moveit_configs_utils:/home/kkeeler/ws_moveit2/install/launch_param_builder:/opt/ros/humble /usr/bin/cmake --build /home/kkeeler/ros2_ws/build/akabot_bringup -- -j8 -l8
[0.856s] Invoking command in '/home/kkeeler/ros2_ws/build/akabot_bringup': CMAKE_PREFIX_PATH=${CMAKE_PREFIX_PATH}:/home/kkeeler/ros2_ws/install/skyforge:/home/kkeeler/ros2_ws/install/akabot_aruco:/home/kkeeler/install/moveit_configs_utils:/home/kkeeler/install/rosparam_shortcuts:/home/kkeeler/install/my_robot_controller:/home/kkeeler/install/launch_param_builder:/home/kkeeler/ws_moveit2/install/moveit_configs_utils:/home/kkeeler/ws_moveit2/install/launch_param_builder:/opt/ros/humble /usr/bin/cmake --install /home/kkeeler/ros2_ws/build/akabot_bringup
[0.881s] -- Install configuration: ""
[0.882s] -- Execute custom install script
[0.882s] -- Symlinking: /home/kkeeler/ros2_ws/install/akabot_bringup/share/akabot_bringup/config/ros2_controllers.yaml
[0.909s] -- Symlinking: /home/kkeeler/ros2_ws/install/akabot_bringup/share/akabot_bringup/launch/bringup_all.launch.py
[0.935s] -- Symlinking: /home/kkeeler/ros2_ws/install/akabot_bringup/share/ament_index/resource_index/package_run_dependencies/akabot_bringup
[0.961s] -- Symlinking: /home/kkeeler/ros2_ws/install/akabot_bringup/share/ament_index/resource_index/parent_prefix_path/akabot_bringup
[0.990s] -- Symlinking: /home/kkeeler/ros2_ws/install/akabot_bringup/share/akabot_bringup/environment/ament_prefix_path.sh
[1.020s] -- Symlinking: /home/kkeeler/ros2_ws/install/akabot_bringup/share/akabot_bringup/environment/ament_prefix_path.dsv
[1.045s] -- Symlinking: /home/kkeeler/ros2_ws/install/akabot_bringup/share/akabot_bringup/environment/path.sh
[1.071s] -- Symlinking: /home/kkeeler/ros2_ws/install/akabot_bringup/share/akabot_bringup/environment/path.dsv
[1.097s] -- Symlinking: /home/kkeeler/ros2_ws/install/akabot_bringup/share/akabot_bringup/local_setup.bash
[1.123s] -- Symlinking: /home/kkeeler/ros2_ws/install/akabot_bringup/share/akabot_bringup/local_setup.sh
[1.151s] -- Symlinking: /home/kkeeler/ros2_ws/install/akabot_bringup/share/akabot_bringup/local_setup.zsh
[1.179s] -- Symlinking: /home/kkeeler/ros2_ws/install/akabot_bringup/share/akabot_bringup/local_setup.dsv
[1.206s] -- Symlinking: /home/kkeeler/ros2_ws/install/akabot_bringup/share/akabot_bringup/package.dsv
[1.236s] -- Symlinking: /home/kkeeler/ros2_ws/install/akabot_bringup/share/ament_index/resource_index/packages/akabot_bringup
[1.263s] -- Symlinking: /home/kkeeler/ros2_ws/install/akabot_bringup/share/akabot_bringup/cmake/akabot_bringupConfig.cmake
[1.294s] -- Symlinking: /home/kkeeler/ros2_ws/install/akabot_bringup/share/akabot_bringup/cmake/akabot_bringupConfig-version.cmake
[1.319s] -- Symlinking: /home/kkeeler/ros2_ws/install/akabot_bringup/share/akabot_bringup/package.xml
[1.341s] Invoked command in '/home/kkeeler/ros2_ws/build/akabot_bringup' returned '0': CMAKE_PREFIX_PATH=${CMAKE_PREFIX_PATH}:/home/kkeeler/ros2_ws/install/skyforge:/home/kkeeler/ros2_ws/install/akabot_aruco:/home/kkeeler/install/moveit_configs_utils:/home/kkeeler/install/rosparam_shortcuts:/home/kkeeler/install/my_robot_controller:/home/kkeeler/install/launch_param_builder:/home/kkeeler/ws_moveit2/install/moveit_configs_utils:/home/kkeeler/ws_moveit2/install/launch_param_builder:/opt/ros/humble /usr/bin/cmake --install /home/kkeeler/ros2_ws/build/akabot_bringup
