[0.074s] Invoking command in '/home/kkeeler/ros2_ws/src/akabot-main/build/akabot_description': CMAKE_PREFIX_PATH=${CMAKE_PREFIX_PATH}:/home/kkeeler/ros2_ws/install/skyforge:/home/kkeeler/ros2_ws/install/akabot_aruco:/home/kkeeler/install/moveit_configs_utils:/home/kkeeler/install/rosparam_shortcuts:/home/kkeeler/install/my_robot_controller:/home/kkeeler/install/launch_param_builder:/home/kkeeler/ws_moveit2/install/moveit_configs_utils:/home/kkeeler/ws_moveit2/install/launch_param_builder:/opt/ros/humble /usr/bin/cmake /home/kkeeler/ros2_ws/src/akabot-main/akabot_description -DCMAKE_INSTALL_PREFIX=/home/kkeeler/ros2_ws/src/akabot-main/install/akabot_description
[0.441s] -- The C compiler identification is GNU 11.4.0
[0.441s] -- The CXX compiler identification is GNU 11.4.0
[0.441s] -- Detecting C compiler ABI info
[0.451s] -- Detecting C compiler ABI info - done
[0.464s] -- Check for working C compiler: /usr/bin/cc - skipped
[0.464s] -- Detecting C compile features
[0.467s] -- Detecting C compile features - done
[0.470s] -- Detecting CXX compiler ABI info
[0.639s] -- Detecting CXX compiler ABI info - done
[0.647s] -- Check for working CXX compiler: /usr/bin/c++ - skipped
[0.648s] -- Detecting CXX compile features
[0.648s] -- Detecting CXX compile features - done
[0.668s] -- Found ament_cmake: 1.3.11 (/opt/ros/humble/share/ament_cmake/cmake)
[0.993s] -- Found Python3: /usr/bin/python3 (found version "3.10.12") found components: Interpreter 
[1.470s] -- Found urdf: 2.6.1 (/opt/ros/humble/share/urdf/cmake)
[1.807s] -- Configuring done
[1.810s] -- Generating done
[1.814s] -- Build files have been written to: /home/kkeeler/ros2_ws/src/akabot-main/build/akabot_description
[1.824s] Invoked command in '/home/kkeeler/ros2_ws/src/akabot-main/build/akabot_description' returned '0': CMAKE_PREFIX_PATH=${CMAKE_PREFIX_PATH}:/home/kkeeler/ros2_ws/install/skyforge:/home/kkeeler/ros2_ws/install/akabot_aruco:/home/kkeeler/install/moveit_configs_utils:/home/kkeeler/install/rosparam_shortcuts:/home/kkeeler/install/my_robot_controller:/home/kkeeler/install/launch_param_builder:/home/kkeeler/ws_moveit2/install/moveit_configs_utils:/home/kkeeler/ws_moveit2/install/launch_param_builder:/opt/ros/humble /usr/bin/cmake /home/kkeeler/ros2_ws/src/akabot-main/akabot_description -DCMAKE_INSTALL_PREFIX=/home/kkeeler/ros2_ws/src/akabot-main/install/akabot_description
[1.826s] Invoking command in '/home/kkeeler/ros2_ws/src/akabot-main/build/akabot_description': CMAKE_PREFIX_PATH=${CMAKE_PREFIX_PATH}:/home/kkeeler/ros2_ws/install/skyforge:/home/kkeeler/ros2_ws/install/akabot_aruco:/home/kkeeler/install/moveit_configs_utils:/home/kkeeler/install/rosparam_shortcuts:/home/kkeeler/install/my_robot_controller:/home/kkeeler/install/launch_param_builder:/home/kkeeler/ws_moveit2/install/moveit_configs_utils:/home/kkeeler/ws_moveit2/install/launch_param_builder:/opt/ros/humble /usr/bin/cmake --build /home/kkeeler/ros2_ws/src/akabot-main/build/akabot_description -- -j8 -l8
[1.915s] Invoked command in '/home/kkeeler/ros2_ws/src/akabot-main/build/akabot_description' returned '0': CMAKE_PREFIX_PATH=${CMAKE_PREFIX_PATH}:/home/kkeeler/ros2_ws/install/skyforge:/home/kkeeler/ros2_ws/install/akabot_aruco:/home/kkeeler/install/moveit_configs_utils:/home/kkeeler/install/rosparam_shortcuts:/home/kkeeler/install/my_robot_controller:/home/kkeeler/install/launch_param_builder:/home/kkeeler/ws_moveit2/install/moveit_configs_utils:/home/kkeeler/ws_moveit2/install/launch_param_builder:/opt/ros/humble /usr/bin/cmake --build /home/kkeeler/ros2_ws/src/akabot-main/build/akabot_description -- -j8 -l8
[1.917s] Invoking command in '/home/kkeeler/ros2_ws/src/akabot-main/build/akabot_description': CMAKE_PREFIX_PATH=${CMAKE_PREFIX_PATH}:/home/kkeeler/ros2_ws/install/skyforge:/home/kkeeler/ros2_ws/install/akabot_aruco:/home/kkeeler/install/moveit_configs_utils:/home/kkeeler/install/rosparam_shortcuts:/home/kkeeler/install/my_robot_controller:/home/kkeeler/install/launch_param_builder:/home/kkeeler/ws_moveit2/install/moveit_configs_utils:/home/kkeeler/ws_moveit2/install/launch_param_builder:/opt/ros/humble /usr/bin/cmake --install /home/kkeeler/ros2_ws/src/akabot-main/build/akabot_description
[1.934s] -- Install configuration: ""
[1.934s] -- Installing: /home/kkeeler/ros2_ws/src/akabot-main/install/akabot_description/share/akabot_description/config
[1.934s] -- Installing: /home/kkeeler/ros2_ws/src/akabot-main/install/akabot_description/share/akabot_description/config/initial_positions.yaml
[1.935s] -- Installing: /home/kkeeler/ros2_ws/src/akabot-main/install/akabot_description/share/akabot_description/launch
[1.935s] -- Installing: /home/kkeeler/ros2_ws/src/akabot-main/install/akabot_description/share/akabot_description/launch/robot_state_publisher_launch.py
[1.935s] -- Installing: /home/kkeeler/ros2_ws/src/akabot-main/install/akabot_description/share/akabot_description/launch/description_launch.py
[1.935s] -- Installing: /home/kkeeler/ros2_ws/src/akabot-main/install/akabot_description/share/akabot_description/meshes
[1.935s] -- Installing: /home/kkeeler/ros2_ws/src/akabot-main/install/akabot_description/share/akabot_description/meshes/left_claw.stl
[1.936s] -- Installing: /home/kkeeler/ros2_ws/src/akabot-main/install/akabot_description/share/akabot_description/meshes/right_claw.stl
[1.936s] -- Installing: /home/kkeeler/ros2_ws/src/akabot-main/install/akabot_description/share/akabot_description/meshes/wrist.stl
[1.936s] -- Installing: /home/kkeeler/ros2_ws/src/akabot-main/install/akabot_description/share/akabot_description/meshes/top_plate.stl
[1.937s] -- Installing: /home/kkeeler/ros2_ws/src/akabot-main/install/akabot_description/share/akabot_description/meshes/d415.dae
[1.941s] -- Installing: /home/kkeeler/ros2_ws/src/akabot-main/install/akabot_description/share/akabot_description/meshes/claw_base.stl
[1.941s] -- Installing: /home/kkeeler/ros2_ws/src/akabot-main/install/akabot_description/share/akabot_description/meshes/lower_arm.stl
[1.942s] -- Installing: /home/kkeeler/ros2_ws/src/akabot-main/install/akabot_description/share/akabot_description/meshes/upper_arm.stl
[1.944s] -- Installing: /home/kkeeler/ros2_ws/src/akabot-main/install/akabot_description/share/akabot_description/meshes/base_cylinder.stl
[1.945s] -- Installing: /home/kkeeler/ros2_ws/src/akabot-main/install/akabot_description/share/akabot_description/urdf
[1.945s] -- Installing: /home/kkeeler/ros2_ws/src/akabot-main/install/akabot_description/share/akabot_description/urdf/akabot_gz.urdf.xacro
[1.945s] -- Installing: /home/kkeeler/ros2_ws/src/akabot-main/install/akabot_description/share/akabot_description/urdf/depth_camera.xacro
[1.946s] -- Installing: /home/kkeeler/ros2_ws/src/akabot-main/install/akabot_description/share/akabot_description/urdf/akabot.ros2_control.xacro
[1.946s] -- Installing: /home/kkeeler/ros2_ws/src/akabot-main/install/akabot_description/share/akabot_description/urdf/inertial_macros.xacro
[1.946s] -- Installing: /home/kkeeler/ros2_ws/src/akabot-main/install/akabot_description/share/akabot_description/urdf/real_akabot.urdf.xacro
[1.946s] -- Installing: /home/kkeeler/ros2_ws/src/akabot-main/install/akabot_description/share/akabot_description/urdf/akabot.urdf.xacro
[1.946s] -- Installing: /home/kkeeler/ros2_ws/src/akabot-main/install/akabot_description/share/akabot_description/urdf/akabot_core.xacro
[1.946s] -- Installing: /home/kkeeler/ros2_ws/src/akabot-main/install/akabot_description/share/akabot_description/rviz
[1.946s] -- Installing: /home/kkeeler/ros2_ws/src/akabot-main/install/akabot_description/share/akabot_description/rviz/description.rviz
[1.946s] -- Installing: /home/kkeeler/ros2_ws/src/akabot-main/install/akabot_description/share/ament_index/resource_index/package_run_dependencies/akabot_description
[1.946s] -- Installing: /home/kkeeler/ros2_ws/src/akabot-main/install/akabot_description/share/ament_index/resource_index/parent_prefix_path/akabot_description
[1.947s] -- Installing: /home/kkeeler/ros2_ws/src/akabot-main/install/akabot_description/share/akabot_description/environment/ament_prefix_path.sh
[1.947s] -- Installing: /home/kkeeler/ros2_ws/src/akabot-main/install/akabot_description/share/akabot_description/environment/ament_prefix_path.dsv
[1.948s] -- Installing: /home/kkeeler/ros2_ws/src/akabot-main/install/akabot_description/share/akabot_description/environment/path.sh
[1.948s] -- Installing: /home/kkeeler/ros2_ws/src/akabot-main/install/akabot_description/share/akabot_description/environment/path.dsv
[1.948s] -- Installing: /home/kkeeler/ros2_ws/src/akabot-main/install/akabot_description/share/akabot_description/local_setup.bash
[1.948s] -- Installing: /home/kkeeler/ros2_ws/src/akabot-main/install/akabot_description/share/akabot_description/local_setup.sh
[1.948s] -- Installing: /home/kkeeler/ros2_ws/src/akabot-main/install/akabot_description/share/akabot_description/local_setup.zsh
[1.949s] -- Installing: /home/kkeeler/ros2_ws/src/akabot-main/install/akabot_description/share/akabot_description/local_setup.dsv
[1.949s] -- Installing: /home/kkeeler/ros2_ws/src/akabot-main/install/akabot_description/share/akabot_description/package.dsv
[1.949s] -- Installing: /home/kkeeler/ros2_ws/src/akabot-main/install/akabot_description/share/ament_index/resource_index/packages/akabot_description
[1.949s] -- Installing: /home/kkeeler/ros2_ws/src/akabot-main/install/akabot_description/share/akabot_description/cmake/akabot_descriptionConfig.cmake
[1.949s] -- Installing: /home/kkeeler/ros2_ws/src/akabot-main/install/akabot_description/share/akabot_description/cmake/akabot_descriptionConfig-version.cmake
[1.949s] -- Installing: /home/kkeeler/ros2_ws/src/akabot-main/install/akabot_description/share/akabot_description/package.xml
[1.961s] Invoked command in '/home/kkeeler/ros2_ws/src/akabot-main/build/akabot_description' returned '0': CMAKE_PREFIX_PATH=${CMAKE_PREFIX_PATH}:/home/kkeeler/ros2_ws/install/skyforge:/home/kkeeler/ros2_ws/install/akabot_aruco:/home/kkeeler/install/moveit_configs_utils:/home/kkeeler/install/rosparam_shortcuts:/home/kkeeler/install/my_robot_controller:/home/kkeeler/install/launch_param_builder:/home/kkeeler/ws_moveit2/install/moveit_configs_utils:/home/kkeeler/ws_moveit2/install/launch_param_builder:/opt/ros/humble /usr/bin/cmake --install /home/kkeeler/ros2_ws/src/akabot-main/build/akabot_description
