[0.735s] Invoking command in '/home/kkeeler/ros2_ws/src/skyforge': PYTHONPATH=/home/kkeeler/ros2_ws/src/skyforge/build/skyforge/prefix_override:/usr/lib/python3/dist-packages/colcon_core/task/python/colcon_distutils_commands:/home/kkeeler/ros2_ws/src/skyforge/install/skyforge/lib/python3.10/site-packages:${PYTHONPATH} /usr/bin/python3 -W ignore:setup.py install is deprecated -W ignore:easy_install command is deprecated setup.py egg_info --egg-base build/skyforge build --build-base /home/kkeeler/ros2_ws/src/skyforge/build/skyforge/build install --record /home/kkeeler/ros2_ws/src/skyforge/build/skyforge/install.log --single-version-externally-managed install_data
[1.000s] running egg_info
[1.000s] creating build/skyforge/skyforge.egg-info
[1.000s] writing build/skyforge/skyforge.egg-info/PKG-INFO
[1.001s] writing dependency_links to build/skyforge/skyforge.egg-info/dependency_links.txt
[1.001s] writing entry points to build/skyforge/skyforge.egg-info/entry_points.txt
[1.001s] writing requirements to build/skyforge/skyforge.egg-info/requires.txt
[1.001s] writing top-level names to build/skyforge/skyforge.egg-info/top_level.txt
[1.001s] writing manifest file 'build/skyforge/skyforge.egg-info/SOURCES.txt'
[1.002s] reading manifest file 'build/skyforge/skyforge.egg-info/SOURCES.txt'
[1.003s] writing manifest file 'build/skyforge/skyforge.egg-info/SOURCES.txt'
[1.003s] running build
[1.004s] running build_py
[1.004s] creating /home/kkeeler/ros2_ws/src/skyforge/build/skyforge/build
[1.004s] creating /home/kkeeler/ros2_ws/src/skyforge/build/skyforge/build/lib
[1.004s] creating /home/kkeeler/ros2_ws/src/skyforge/build/skyforge/build/lib/skyforge
[1.004s] copying skyforge/__init__.py -> /home/kkeeler/ros2_ws/src/skyforge/build/skyforge/build/lib/skyforge
[1.004s] copying skyforge/my_first_node.py -> /home/kkeeler/ros2_ws/src/skyforge/build/skyforge/build/lib/skyforge
[1.004s] running install
[1.005s] running install_lib
[1.005s] creating /home/kkeeler/ros2_ws/src/skyforge/install/skyforge/lib/python3.10/site-packages/skyforge
[1.005s] copying /home/kkeeler/ros2_ws/src/skyforge/build/skyforge/build/lib/skyforge/__init__.py -> /home/kkeeler/ros2_ws/src/skyforge/install/skyforge/lib/python3.10/site-packages/skyforge
[1.005s] copying /home/kkeeler/ros2_ws/src/skyforge/build/skyforge/build/lib/skyforge/my_first_node.py -> /home/kkeeler/ros2_ws/src/skyforge/install/skyforge/lib/python3.10/site-packages/skyforge
[1.006s] byte-compiling /home/kkeeler/ros2_ws/src/skyforge/install/skyforge/lib/python3.10/site-packages/skyforge/__init__.py to __init__.cpython-310.pyc
[1.006s] byte-compiling /home/kkeeler/ros2_ws/src/skyforge/install/skyforge/lib/python3.10/site-packages/skyforge/my_first_node.py to my_first_node.cpython-310.pyc
[1.006s] running install_data
[1.006s] creating /home/kkeeler/ros2_ws/src/skyforge/install/skyforge/share/ament_index
[1.007s] creating /home/kkeeler/ros2_ws/src/skyforge/install/skyforge/share/ament_index/resource_index
[1.007s] creating /home/kkeeler/ros2_ws/src/skyforge/install/skyforge/share/ament_index/resource_index/packages
[1.007s] copying resource/skyforge -> /home/kkeeler/ros2_ws/src/skyforge/install/skyforge/share/ament_index/resource_index/packages
[1.007s] copying package.xml -> /home/kkeeler/ros2_ws/src/skyforge/install/skyforge/share/skyforge
[1.007s] creating /home/kkeeler/ros2_ws/src/skyforge/install/skyforge/share/skyforge/launch
[1.007s] copying launch/view_robot.launch.py -> /home/kkeeler/ros2_ws/src/skyforge/install/skyforge/share/skyforge/launch
[1.007s] creating /home/kkeeler/ros2_ws/src/skyforge/install/skyforge/share/skyforge/urdf
[1.007s] copying urdf/system_arch_robot.urdf.xacro -> /home/kkeeler/ros2_ws/src/skyforge/install/skyforge/share/skyforge/urdf
[1.007s] running install_egg_info
[1.009s] Copying build/skyforge/skyforge.egg-info to /home/kkeeler/ros2_ws/src/skyforge/install/skyforge/lib/python3.10/site-packages/skyforge-0.0.0-py3.10.egg-info
[1.010s] running install_scripts
[1.031s] Installing test script to /home/kkeeler/ros2_ws/src/skyforge/install/skyforge/lib/skyforge
[1.031s] writing list of installed files to '/home/kkeeler/ros2_ws/src/skyforge/build/skyforge/install.log'
[1.056s] Invoked command in '/home/kkeeler/ros2_ws/src/skyforge' returned '0': PYTHONPATH=/home/kkeeler/ros2_ws/src/skyforge/build/skyforge/prefix_override:/usr/lib/python3/dist-packages/colcon_core/task/python/colcon_distutils_commands:/home/kkeeler/ros2_ws/src/skyforge/install/skyforge/lib/python3.10/site-packages:${PYTHONPATH} /usr/bin/python3 -W ignore:setup.py install is deprecated -W ignore:easy_install command is deprecated setup.py egg_info --egg-base build/skyforge build --build-base /home/kkeeler/ros2_ws/src/skyforge/build/skyforge/build install --record /home/kkeeler/ros2_ws/src/skyforge/build/skyforge/install.log --single-version-externally-managed install_data
