running egg_info
writing ../build/skyforge/skyforge.egg-info/PKG-INFO
writing dependency_links to ../build/skyforge/skyforge.egg-info/dependency_links.txt
writing entry points to ../build/skyforge/skyforge.egg-info/entry_points.txt
writing requirements to ../build/skyforge/skyforge.egg-info/requires.txt
writing top-level names to ../build/skyforge/skyforge.egg-info/top_level.txt
reading manifest file '../build/skyforge/skyforge.egg-info/SOURCES.txt'
writing manifest file '../build/skyforge/skyforge.egg-info/SOURCES.txt'
running build
running build_py
running install
running install_lib
running install_data
copying urdf/system_arch_robot.urdf.xacro -> /home/kkeeler/ros2_ws/src/install/skyforge/share/skyforge/urdf
copying meshes/robot_arm.stl -> /home/kkeeler/ros2_ws/src/install/skyforge/share/skyforge/meshes
running install_egg_info
removing '/home/kkeeler/ros2_ws/src/install/skyforge/lib/python3.10/site-packages/skyforge-0.0.0-py3.10.egg-info' (and everything under it)
Copying ../build/skyforge/skyforge.egg-info to /home/kkeeler/ros2_ws/src/install/skyforge/lib/python3.10/site-packages/skyforge-0.0.0-py3.10.egg-info
running install_scripts
Installing test script to /home/kkeeler/ros2_ws/src/install/skyforge/lib/skyforge
writing list of installed files to '/home/kkeeler/ros2_ws/src/build/skyforge/install.log'
