[0.671s] Invoking command in '/home/kkeeler/ros2_ws/src/skyforge': PYTHONPATH=/home/kkeeler/ros2_ws/src/build/skyforge/prefix_override:/usr/lib/python3/dist-packages/colcon_core/task/python/colcon_distutils_commands:/home/kkeeler/ros2_ws/src/install/skyforge/lib/python3.10/site-packages:${PYTHONPATH} /usr/bin/python3 -W ignore:setup.py install is deprecated -W ignore:easy_install command is deprecated setup.py egg_info --egg-base ../build/skyforge build --build-base /home/kkeeler/ros2_ws/src/build/skyforge/build install --record /home/kkeeler/ros2_ws/src/build/skyforge/install.log --single-version-externally-managed install_data
[0.923s] running egg_info
[0.924s] writing ../build/skyforge/skyforge.egg-info/PKG-INFO
[0.924s] writing dependency_links to ../build/skyforge/skyforge.egg-info/dependency_links.txt
[0.925s] writing entry points to ../build/skyforge/skyforge.egg-info/entry_points.txt
[0.925s] writing requirements to ../build/skyforge/skyforge.egg-info/requires.txt
[0.925s] writing top-level names to ../build/skyforge/skyforge.egg-info/top_level.txt
[0.927s] reading manifest file '../build/skyforge/skyforge.egg-info/SOURCES.txt'
[0.928s] writing manifest file '../build/skyforge/skyforge.egg-info/SOURCES.txt'
[0.929s] running build
[0.929s] running build_py
[0.929s] running install
[0.929s] running install_lib
[0.931s] running install_data
[0.931s] copying urdf/system_arch_robot.urdf.xacro -> /home/kkeeler/ros2_ws/src/install/skyforge/share/skyforge/urdf
[0.931s] copying meshes/robot_arm.stl -> /home/kkeeler/ros2_ws/src/install/skyforge/share/skyforge/meshes
[0.932s] running install_egg_info
[0.935s] removing '/home/kkeeler/ros2_ws/src/install/skyforge/lib/python3.10/site-packages/skyforge-0.0.0-py3.10.egg-info' (and everything under it)
[0.935s] Copying ../build/skyforge/skyforge.egg-info to /home/kkeeler/ros2_ws/src/install/skyforge/lib/python3.10/site-packages/skyforge-0.0.0-py3.10.egg-info
[0.936s] running install_scripts
[0.955s] Installing test script to /home/kkeeler/ros2_ws/src/install/skyforge/lib/skyforge
[0.956s] writing list of installed files to '/home/kkeeler/ros2_ws/src/build/skyforge/install.log'
[0.976s] Invoked command in '/home/kkeeler/ros2_ws/src/skyforge' returned '0': PYTHONPATH=/home/kkeeler/ros2_ws/src/build/skyforge/prefix_override:/usr/lib/python3/dist-packages/colcon_core/task/python/colcon_distutils_commands:/home/kkeeler/ros2_ws/src/install/skyforge/lib/python3.10/site-packages:${PYTHONPATH} /usr/bin/python3 -W ignore:setup.py install is deprecated -W ignore:easy_install command is deprecated setup.py egg_info --egg-base ../build/skyforge build --build-base /home/kkeeler/ros2_ws/src/build/skyforge/build install --record /home/kkeeler/ros2_ws/src/build/skyforge/install.log --single-version-externally-managed install_data
