[0.408s] Invoking command in '/home/kkeeler/ros2_ws/build/akabot_bringup': CMAKE_PREFIX_PATH=${CMAKE_PREFIX_PATH}:/home/kkeeler/ros2_ws/install/skyforge:/home/kkeeler/ros2_ws/install/akabot_aruco:/home/kkeeler/install/moveit_configs_utils:/home/kkeeler/install/rosparam_shortcuts:/home/kkeeler/install/my_robot_controller:/home/kkeeler/install/launch_param_builder:/home/kkeeler/ws_moveit2/install/moveit_configs_utils:/home/kkeeler/ws_moveit2/install/launch_param_builder:/opt/ros/humble /usr/bin/cmake /home/kkeeler/ros2_ws/src/akabot-main/akabot_bringup -DCMAKE_INSTALL_PREFIX=/home/kkeeler/ros2_ws/install/akabot_bringup
[0.732s] -- Found ament_cmake: 1.3.11 (/opt/ros/humble/share/ament_cmake/cmake)
[0.733s] -- Override CMake install command with custom implementation using symlinks instead of copying resources
[0.733s] -- Configuring done
[0.733s] -- Generating done
[0.733s] -- Build files have been written to: /home/kkeeler/ros2_ws/build/akabot_bringup
[0.742s] Invoked command in '/home/kkeeler/ros2_ws/build/akabot_bringup' returned '0': CMAKE_PREFIX_PATH=${CMAKE_PREFIX_PATH}:/home/kkeeler/ros2_ws/install/skyforge:/home/kkeeler/ros2_ws/install/akabot_aruco:/home/kkeeler/install/moveit_configs_utils:/home/kkeeler/install/rosparam_shortcuts:/home/kkeeler/install/my_robot_controller:/home/kkeeler/install/launch_param_builder:/home/kkeeler/ws_moveit2/install/moveit_configs_utils:/home/kkeeler/ws_moveit2/install/launch_param_builder:/opt/ros/humble /usr/bin/cmake /home/kkeeler/ros2_ws/src/akabot-main/akabot_bringup -DCMAKE_INSTALL_PREFIX=/home/kkeeler/ros2_ws/install/akabot_bringup
[0.743s] Invoking command in '/home/kkeeler/ros2_ws/build/akabot_bringup': CMAKE_PREFIX_PATH=${CMAKE_PREFIX_PATH}:/home/kkeeler/ros2_ws/install/skyforge:/home/kkeeler/ros2_ws/install/akabot_aruco:/home/kkeeler/install/moveit_configs_utils:/home/kkeeler/install/rosparam_shortcuts:/home/kkeeler/install/my_robot_controller:/home/kkeeler/install/launch_param_builder:/home/kkeeler/ws_moveit2/install/moveit_configs_utils:/home/kkeeler/ws_moveit2/install/launch_param_builder:/opt/ros/humble /usr/bin/cmake --build /home/kkeeler/ros2_ws/build/akabot_bringup -- -j8 -l8
[0.880s] Invoked command in '/home/kkeeler/ros2_ws/build/akabot_bringup' returned '0': CMAKE_PREFIX_PATH=${CMAKE_PREFIX_PATH}:/home/kkeeler/ros2_ws/install/skyforge:/home/kkeeler/ros2_ws/install/akabot_aruco:/home/kkeeler/install/moveit_configs_utils:/home/kkeeler/install/rosparam_shortcuts:/home/kkeeler/install/my_robot_controller:/home/kkeeler/install/launch_param_builder:/home/kkeeler/ws_moveit2/install/moveit_configs_utils:/home/kkeeler/ws_moveit2/install/launch_param_builder:/opt/ros/humble /usr/bin/cmake --build /home/kkeeler/ros2_ws/build/akabot_bringup -- -j8 -l8
[0.885s] Invoking command in '/home/kkeeler/ros2_ws/build/akabot_bringup': CMAKE_PREFIX_PATH=${CMAKE_PREFIX_PATH}:/home/kkeeler/ros2_ws/install/skyforge:/home/kkeeler/ros2_ws/install/akabot_aruco:/home/kkeeler/install/moveit_configs_utils:/home/kkeeler/install/rosparam_shortcuts:/home/kkeeler/install/my_robot_controller:/home/kkeeler/install/launch_param_builder:/home/kkeeler/ws_moveit2/install/moveit_configs_utils:/home/kkeeler/ws_moveit2/install/launch_param_builder:/opt/ros/humble /usr/bin/cmake --install /home/kkeeler/ros2_ws/build/akabot_bringup
[0.906s] -- Install configuration: ""
[0.907s] -- Execute custom install script
[0.907s] -- Up-to-date symlink: /home/kkeeler/ros2_ws/install/akabot_bringup/share/akabot_bringup/config/ros2_controllers.yaml
[0.908s] -- Up-to-date symlink: /home/kkeeler/ros2_ws/install/akabot_bringup/share/akabot_bringup/launch/bringup_all.launch.py
[0.908s] -- Up-to-date symlink: /home/kkeeler/ros2_ws/install/akabot_bringup/share/ament_index/resource_index/package_run_dependencies/akabot_bringup
[0.909s] -- Up-to-date symlink: /home/kkeeler/ros2_ws/install/akabot_bringup/share/ament_index/resource_index/parent_prefix_path/akabot_bringup
[0.910s] -- Up-to-date symlink: /home/kkeeler/ros2_ws/install/akabot_bringup/share/akabot_bringup/environment/ament_prefix_path.sh
[0.910s] -- Up-to-date symlink: /home/kkeeler/ros2_ws/install/akabot_bringup/share/akabot_bringup/environment/ament_prefix_path.dsv
[0.911s] -- Up-to-date symlink: /home/kkeeler/ros2_ws/install/akabot_bringup/share/akabot_bringup/environment/path.sh
[0.911s] -- Up-to-date symlink: /home/kkeeler/ros2_ws/install/akabot_bringup/share/akabot_bringup/environment/path.dsv
[0.911s] -- Up-to-date symlink: /home/kkeeler/ros2_ws/install/akabot_bringup/share/akabot_bringup/local_setup.bash
[0.912s] -- Up-to-date symlink: /home/kkeeler/ros2_ws/install/akabot_bringup/share/akabot_bringup/local_setup.sh
[0.912s] -- Up-to-date symlink: /home/kkeeler/ros2_ws/install/akabot_bringup/share/akabot_bringup/local_setup.zsh
[0.912s] -- Up-to-date symlink: /home/kkeeler/ros2_ws/install/akabot_bringup/share/akabot_bringup/local_setup.dsv
[0.913s] -- Symlinking: /home/kkeeler/ros2_ws/install/akabot_bringup/share/akabot_bringup/package.dsv
[0.941s] -- Up-to-date symlink: /home/kkeeler/ros2_ws/install/akabot_bringup/share/ament_index/resource_index/packages/akabot_bringup
[0.942s] -- Up-to-date symlink: /home/kkeeler/ros2_ws/install/akabot_bringup/share/akabot_bringup/cmake/akabot_bringupConfig.cmake
[0.942s] -- Up-to-date symlink: /home/kkeeler/ros2_ws/install/akabot_bringup/share/akabot_bringup/cmake/akabot_bringupConfig-version.cmake
[0.942s] -- Up-to-date symlink: /home/kkeeler/ros2_ws/install/akabot_bringup/share/akabot_bringup/package.xml
[0.961s] Invoked command in '/home/kkeeler/ros2_ws/build/akabot_bringup' returned '0': CMAKE_PREFIX_PATH=${CMAKE_PREFIX_PATH}:/home/kkeeler/ros2_ws/install/skyforge:/home/kkeeler/ros2_ws/install/akabot_aruco:/home/kkeeler/install/moveit_configs_utils:/home/kkeeler/install/rosparam_shortcuts:/home/kkeeler/install/my_robot_controller:/home/kkeeler/install/launch_param_builder:/home/kkeeler/ws_moveit2/install/moveit_configs_utils:/home/kkeeler/ws_moveit2/install/launch_param_builder:/opt/ros/humble /usr/bin/cmake --install /home/kkeeler/ros2_ws/build/akabot_bringup
