-- Install configuration: ""
-- Execute custom install script
-- Up-to-date symlink: /home/kkeeler/ros2_ws/install/urdf_tutorial/share/urdf_tutorial/urdf/robot_model_6_dof.urdf.xacro
-- Up-to-date symlink: /home/kkeeler/ros2_ws/install/urdf_tutorial/share/urdf_tutorial/launch/robot_6_dof.launch.py
-- Up-to-date symlink: /home/kkeeler/ros2_ws/install/urdf_tutorial/share/urdf_tutorial/config/r.rviz
-- Up-to-date symlink: /home/kkeeler/ros2_ws/install/urdf_tutorial/share/urdf_tutorial/config/robot_6_dof.rviz
-- Up-to-date symlink: /home/kkeeler/ros2_ws/install/urdf_tutorial/share/ament_index/resource_index/package_run_dependencies/urdf_tutorial
-- Up-to-date symlink: /home/kkeeler/ros2_ws/install/urdf_tutorial/share/ament_index/resource_index/parent_prefix_path/urdf_tutorial
-- Up-to-date symlink: /home/kkeeler/ros2_ws/install/urdf_tutorial/share/urdf_tutorial/environment/ament_prefix_path.sh
-- Up-to-date symlink: /home/kkeeler/ros2_ws/install/urdf_tutorial/share/urdf_tutorial/environment/ament_prefix_path.dsv
-- Up-to-date symlink: /home/kkeeler/ros2_ws/install/urdf_tutorial/share/urdf_tutorial/environment/path.sh
-- Up-to-date symlink: /home/kkeeler/ros2_ws/install/urdf_tutorial/share/urdf_tutorial/environment/path.dsv
-- Up-to-date symlink: /home/kkeeler/ros2_ws/install/urdf_tutorial/share/urdf_tutorial/local_setup.bash
-- Up-to-date symlink: /home/kkeeler/ros2_ws/install/urdf_tutorial/share/urdf_tutorial/local_setup.sh
-- Up-to-date symlink: /home/kkeeler/ros2_ws/install/urdf_tutorial/share/urdf_tutorial/local_setup.zsh
-- Up-to-date symlink: /home/kkeeler/ros2_ws/install/urdf_tutorial/share/urdf_tutorial/local_setup.dsv
-- Symlinking: /home/kkeeler/ros2_ws/install/urdf_tutorial/share/urdf_tutorial/package.dsv
-- Up-to-date symlink: /home/kkeeler/ros2_ws/install/urdf_tutorial/share/ament_index/resource_index/packages/urdf_tutorial
-- Up-to-date symlink: /home/kkeeler/ros2_ws/install/urdf_tutorial/share/urdf_tutorial/cmake/urdf_tutorialConfig.cmake
-- Up-to-date symlink: /home/kkeeler/ros2_ws/install/urdf_tutorial/share/urdf_tutorial/cmake/urdf_tutorialConfig-version.cmake
-- Up-to-date symlink: /home/kkeeler/ros2_ws/install/urdf_tutorial/share/urdf_tutorial/package.xml
