[0.024s] Invoking command in '/home/kkeeler/ros2_ws/src/build/robot_description': CMAKE_PREFIX_PATH=${CMAKE_PREFIX_PATH}:/home/kkeeler/ros2_ws/install/skyforge:/home/kkeeler/ws_moveit2/install/moveit_configs_utils:/home/kkeeler/ws_moveit2/install/launch_param_builder:/opt/ros/humble /usr/bin/cmake /home/kkeeler/ros2_ws/src/robot_description -DCMAKE_INSTALL_PREFIX=/home/kkeeler/ros2_ws/src/install/robot_description
[0.099s] -- The C compiler identification is GNU 11.4.0
[0.164s] -- The CXX compiler identification is GNU 11.4.0
[0.173s] -- Detecting C compiler ABI info
[0.270s] -- Detecting C compiler ABI info - done
[0.277s] -- Check for working C compiler: /usr/bin/cc - skipped
[0.278s] -- Detecting C compile features
[0.278s] -- Detecting C compile features - done
[0.281s] -- Detecting CXX compiler ABI info
[0.395s] -- Detecting CXX compiler ABI info - done
[0.403s] -- Check for working CXX compiler: /usr/bin/c++ - skipped
[0.404s] -- Detecting CXX compile features
[0.404s] -- Detecting CXX compile features - done
[0.414s] -- Found ament_cmake: 1.3.11 (/opt/ros/humble/share/ament_cmake/cmake)
[0.596s] -- Found Python3: /usr/bin/python3 (found version "3.10.12") found components: Interpreter 
[0.794s] -- Found ament_lint_auto: 0.12.12 (/opt/ros/humble/share/ament_lint_auto/cmake)
[0.921s] -- Added test 'lint_cmake' to check CMake code style
[0.923s] -- Added test 'xmllint' to check XML markup files
[0.927s] -- Configuring done
[0.930s] -- Generating done
[0.932s] -- Build files have been written to: /home/kkeeler/ros2_ws/src/build/robot_description
[0.936s] Invoked command in '/home/kkeeler/ros2_ws/src/build/robot_description' returned '0': CMAKE_PREFIX_PATH=${CMAKE_PREFIX_PATH}:/home/kkeeler/ros2_ws/install/skyforge:/home/kkeeler/ws_moveit2/install/moveit_configs_utils:/home/kkeeler/ws_moveit2/install/launch_param_builder:/opt/ros/humble /usr/bin/cmake /home/kkeeler/ros2_ws/src/robot_description -DCMAKE_INSTALL_PREFIX=/home/kkeeler/ros2_ws/src/install/robot_description
[0.938s] Invoking command in '/home/kkeeler/ros2_ws/src/build/robot_description': CMAKE_PREFIX_PATH=${CMAKE_PREFIX_PATH}:/home/kkeeler/ros2_ws/install/skyforge:/home/kkeeler/ws_moveit2/install/moveit_configs_utils:/home/kkeeler/ws_moveit2/install/launch_param_builder:/opt/ros/humble /usr/bin/cmake --build /home/kkeeler/ros2_ws/src/build/robot_description -- -j8 -l8
[1.009s] Invoked command in '/home/kkeeler/ros2_ws/src/build/robot_description' returned '0': CMAKE_PREFIX_PATH=${CMAKE_PREFIX_PATH}:/home/kkeeler/ros2_ws/install/skyforge:/home/kkeeler/ws_moveit2/install/moveit_configs_utils:/home/kkeeler/ws_moveit2/install/launch_param_builder:/opt/ros/humble /usr/bin/cmake --build /home/kkeeler/ros2_ws/src/build/robot_description -- -j8 -l8
[1.024s] Invoking command in '/home/kkeeler/ros2_ws/src/build/robot_description': CMAKE_PREFIX_PATH=${CMAKE_PREFIX_PATH}:/home/kkeeler/ros2_ws/install/skyforge:/home/kkeeler/ws_moveit2/install/moveit_configs_utils:/home/kkeeler/ws_moveit2/install/launch_param_builder:/opt/ros/humble /usr/bin/cmake --install /home/kkeeler/ros2_ws/src/build/robot_description
[1.036s] -- Install configuration: ""
[1.037s] -- Installing: /home/kkeeler/ros2_ws/src/install/robot_description/share/ament_index/resource_index/package_run_dependencies/robot_description
[1.037s] -- Installing: /home/kkeeler/ros2_ws/src/install/robot_description/share/ament_index/resource_index/parent_prefix_path/robot_description
[1.037s] -- Installing: /home/kkeeler/ros2_ws/src/install/robot_description/share/robot_description/environment/ament_prefix_path.sh
[1.037s] -- Installing: /home/kkeeler/ros2_ws/src/install/robot_description/share/robot_description/environment/ament_prefix_path.dsv
[1.038s] -- Installing: /home/kkeeler/ros2_ws/src/install/robot_description/share/robot_description/environment/path.sh
[1.038s] -- Installing: /home/kkeeler/ros2_ws/src/install/robot_description/share/robot_description/environment/path.dsv
[1.038s] -- Installing: /home/kkeeler/ros2_ws/src/install/robot_description/share/robot_description/local_setup.bash
[1.038s] -- Installing: /home/kkeeler/ros2_ws/src/install/robot_description/share/robot_description/local_setup.sh
[1.038s] -- Installing: /home/kkeeler/ros2_ws/src/install/robot_description/share/robot_description/local_setup.zsh
[1.039s] -- Installing: /home/kkeeler/ros2_ws/src/install/robot_description/share/robot_description/local_setup.dsv
[1.039s] -- Installing: /home/kkeeler/ros2_ws/src/install/robot_description/share/robot_description/package.dsv
[1.039s] -- Installing: /home/kkeeler/ros2_ws/src/install/robot_description/share/ament_index/resource_index/packages/robot_description
[1.040s] -- Installing: /home/kkeeler/ros2_ws/src/install/robot_description/share/robot_description/cmake/robot_descriptionConfig.cmake
[1.040s] -- Installing: /home/kkeeler/ros2_ws/src/install/robot_description/share/robot_description/cmake/robot_descriptionConfig-version.cmake
[1.040s] -- Installing: /home/kkeeler/ros2_ws/src/install/robot_description/share/robot_description/package.xml
[1.042s] Invoked command in '/home/kkeeler/ros2_ws/src/build/robot_description' returned '0': CMAKE_PREFIX_PATH=${CMAKE_PREFIX_PATH}:/home/kkeeler/ros2_ws/install/skyforge:/home/kkeeler/ws_moveit2/install/moveit_configs_utils:/home/kkeeler/ws_moveit2/install/launch_param_builder:/opt/ros/humble /usr/bin/cmake --install /home/kkeeler/ros2_ws/src/build/robot_description
