-- Install configuration: ""
-- Up-to-date: /home/kkeeler/ros2_ws/src/akabot-main/install/akabot_bringup/share/akabot_bringup/config
-- Up-to-date: /home/kkeeler/ros2_ws/src/akabot-main/install/akabot_bringup/share/akabot_bringup/config/ros2_controllers.yaml
-- Up-to-date: /home/kkeeler/ros2_ws/src/akabot-main/install/akabot_bringup/share/akabot_bringup/launch
-- Up-to-date: /home/kkeeler/ros2_ws/src/akabot-main/install/akabot_bringup/share/akabot_bringup/launch/bringup_all.launch.py
-- Up-to-date: /home/kkeeler/ros2_ws/src/akabot-main/install/akabot_bringup/share/ament_index/resource_index/package_run_dependencies/akabot_bringup
-- Up-to-date: /home/kkeeler/ros2_ws/src/akabot-main/install/akabot_bringup/share/ament_index/resource_index/parent_prefix_path/akabot_bringup
-- Up-to-date: /home/kkeeler/ros2_ws/src/akabot-main/install/akabot_bringup/share/akabot_bringup/environment/ament_prefix_path.sh
-- Up-to-date: /home/kkeeler/ros2_ws/src/akabot-main/install/akabot_bringup/share/akabot_bringup/environment/ament_prefix_path.dsv
-- Up-to-date: /home/kkeeler/ros2_ws/src/akabot-main/install/akabot_bringup/share/akabot_bringup/environment/path.sh
-- Up-to-date: /home/kkeeler/ros2_ws/src/akabot-main/install/akabot_bringup/share/akabot_bringup/environment/path.dsv
-- Up-to-date: /home/kkeeler/ros2_ws/src/akabot-main/install/akabot_bringup/share/akabot_bringup/local_setup.bash
-- Up-to-date: /home/kkeeler/ros2_ws/src/akabot-main/install/akabot_bringup/share/akabot_bringup/local_setup.sh
-- Up-to-date: /home/kkeeler/ros2_ws/src/akabot-main/install/akabot_bringup/share/akabot_bringup/local_setup.zsh
-- Up-to-date: /home/kkeeler/ros2_ws/src/akabot-main/install/akabot_bringup/share/akabot_bringup/local_setup.dsv
-- Installing: /home/kkeeler/ros2_ws/src/akabot-main/install/akabot_bringup/share/akabot_bringup/package.dsv
-- Up-to-date: /home/kkeeler/ros2_ws/src/akabot-main/install/akabot_bringup/share/ament_index/resource_index/packages/akabot_bringup
-- Up-to-date: /home/kkeeler/ros2_ws/src/akabot-main/install/akabot_bringup/share/akabot_bringup/cmake/akabot_bringupConfig.cmake
-- Up-to-date: /home/kkeeler/ros2_ws/src/akabot-main/install/akabot_bringup/share/akabot_bringup/cmake/akabot_bringupConfig-version.cmake
-- Up-to-date: /home/kkeeler/ros2_ws/src/akabot-main/install/akabot_bringup/share/akabot_bringup/package.xml
