[0.108s] Invoking command in '/home/kkeeler/ros2_ws/build/akabot': CMAKE_PREFIX_PATH=${CMAKE_PREFIX_PATH}:/home/kkeeler/ros2_ws/install/skyforge:/home/kkeeler/ros2_ws/install/akabot_aruco:/home/kkeeler/install/moveit_configs_utils:/home/kkeeler/install/rosparam_shortcuts:/home/kkeeler/install/my_robot_controller:/home/kkeeler/install/launch_param_builder:/home/kkeeler/ws_moveit2/install/moveit_configs_utils:/home/kkeeler/ws_moveit2/install/launch_param_builder:/opt/ros/humble /usr/bin/cmake /home/kkeeler/ros2_ws/src/akabot-main/akabot -DAMENT_CMAKE_SYMLINK_INSTALL=1 -DCMAKE_INSTALL_PREFIX=/home/kkeeler/ros2_ws/install/akabot
[0.741s] -- Found ament_cmake: 1.3.11 (/opt/ros/humble/share/ament_cmake/cmake)
[0.742s] -- Override CMake install command with custom implementation using symlinks instead of copying resources
[0.742s] -- Found ament_lint_auto: 0.12.12 (/opt/ros/humble/share/ament_lint_auto/cmake)
[0.742s] -- Added test 'lint_cmake' to check CMake code style
[0.743s] -- Added test 'xmllint' to check XML markup files
[0.743s] -- Configuring done
[0.743s] -- Generating done
[0.743s] -- Build files have been written to: /home/kkeeler/ros2_ws/build/akabot
[0.746s] Invoked command in '/home/kkeeler/ros2_ws/build/akabot' returned '0': CMAKE_PREFIX_PATH=${CMAKE_PREFIX_PATH}:/home/kkeeler/ros2_ws/install/skyforge:/home/kkeeler/ros2_ws/install/akabot_aruco:/home/kkeeler/install/moveit_configs_utils:/home/kkeeler/install/rosparam_shortcuts:/home/kkeeler/install/my_robot_controller:/home/kkeeler/install/launch_param_builder:/home/kkeeler/ws_moveit2/install/moveit_configs_utils:/home/kkeeler/ws_moveit2/install/launch_param_builder:/opt/ros/humble /usr/bin/cmake /home/kkeeler/ros2_ws/src/akabot-main/akabot -DAMENT_CMAKE_SYMLINK_INSTALL=1 -DCMAKE_INSTALL_PREFIX=/home/kkeeler/ros2_ws/install/akabot
[0.748s] Invoking command in '/home/kkeeler/ros2_ws/build/akabot': CMAKE_PREFIX_PATH=${CMAKE_PREFIX_PATH}:/home/kkeeler/ros2_ws/install/skyforge:/home/kkeeler/ros2_ws/install/akabot_aruco:/home/kkeeler/install/moveit_configs_utils:/home/kkeeler/install/rosparam_shortcuts:/home/kkeeler/install/my_robot_controller:/home/kkeeler/install/launch_param_builder:/home/kkeeler/ws_moveit2/install/moveit_configs_utils:/home/kkeeler/ws_moveit2/install/launch_param_builder:/opt/ros/humble /usr/bin/cmake --build /home/kkeeler/ros2_ws/build/akabot -- -j8 -l8
[0.888s] Invoked command in '/home/kkeeler/ros2_ws/build/akabot' returned '0': CMAKE_PREFIX_PATH=${CMAKE_PREFIX_PATH}:/home/kkeeler/ros2_ws/install/skyforge:/home/kkeeler/ros2_ws/install/akabot_aruco:/home/kkeeler/install/moveit_configs_utils:/home/kkeeler/install/rosparam_shortcuts:/home/kkeeler/install/my_robot_controller:/home/kkeeler/install/launch_param_builder:/home/kkeeler/ws_moveit2/install/moveit_configs_utils:/home/kkeeler/ws_moveit2/install/launch_param_builder:/opt/ros/humble /usr/bin/cmake --build /home/kkeeler/ros2_ws/build/akabot -- -j8 -l8
[0.889s] Invoking command in '/home/kkeeler/ros2_ws/build/akabot': CMAKE_PREFIX_PATH=${CMAKE_PREFIX_PATH}:/home/kkeeler/ros2_ws/install/skyforge:/home/kkeeler/ros2_ws/install/akabot_aruco:/home/kkeeler/install/moveit_configs_utils:/home/kkeeler/install/rosparam_shortcuts:/home/kkeeler/install/my_robot_controller:/home/kkeeler/install/launch_param_builder:/home/kkeeler/ws_moveit2/install/moveit_configs_utils:/home/kkeeler/ws_moveit2/install/launch_param_builder:/opt/ros/humble /usr/bin/cmake --install /home/kkeeler/ros2_ws/build/akabot
[0.913s] -- Install configuration: ""
[0.915s] -- Execute custom install script
[0.917s] -- Symlinking: /home/kkeeler/ros2_ws/install/akabot/share/ament_index/resource_index/package_run_dependencies/akabot
[0.947s] -- Symlinking: /home/kkeeler/ros2_ws/install/akabot/share/ament_index/resource_index/parent_prefix_path/akabot
[0.973s] -- Symlinking: /home/kkeeler/ros2_ws/install/akabot/share/akabot/environment/ament_prefix_path.sh
[1.000s] -- Symlinking: /home/kkeeler/ros2_ws/install/akabot/share/akabot/environment/ament_prefix_path.dsv
[1.027s] -- Symlinking: /home/kkeeler/ros2_ws/install/akabot/share/akabot/environment/path.sh
[1.053s] -- Symlinking: /home/kkeeler/ros2_ws/install/akabot/share/akabot/environment/path.dsv
[1.080s] -- Symlinking: /home/kkeeler/ros2_ws/install/akabot/share/akabot/local_setup.bash
[1.108s] -- Symlinking: /home/kkeeler/ros2_ws/install/akabot/share/akabot/local_setup.sh
[1.136s] -- Symlinking: /home/kkeeler/ros2_ws/install/akabot/share/akabot/local_setup.zsh
[1.162s] -- Symlinking: /home/kkeeler/ros2_ws/install/akabot/share/akabot/local_setup.dsv
[1.189s] -- Symlinking: /home/kkeeler/ros2_ws/install/akabot/share/akabot/package.dsv
[1.215s] -- Symlinking: /home/kkeeler/ros2_ws/install/akabot/share/ament_index/resource_index/packages/akabot
[1.245s] -- Symlinking: /home/kkeeler/ros2_ws/install/akabot/share/akabot/cmake/akabotConfig.cmake
[1.272s] -- Symlinking: /home/kkeeler/ros2_ws/install/akabot/share/akabot/cmake/akabotConfig-version.cmake
[1.300s] -- Symlinking: /home/kkeeler/ros2_ws/install/akabot/share/akabot/package.xml
[1.351s] Invoked command in '/home/kkeeler/ros2_ws/build/akabot' returned '0': CMAKE_PREFIX_PATH=${CMAKE_PREFIX_PATH}:/home/kkeeler/ros2_ws/install/skyforge:/home/kkeeler/ros2_ws/install/akabot_aruco:/home/kkeeler/install/moveit_configs_utils:/home/kkeeler/install/rosparam_shortcuts:/home/kkeeler/install/my_robot_controller:/home/kkeeler/install/launch_param_builder:/home/kkeeler/ws_moveit2/install/moveit_configs_utils:/home/kkeeler/ws_moveit2/install/launch_param_builder:/opt/ros/humble /usr/bin/cmake --install /home/kkeeler/ros2_ws/build/akabot
