[0.099s] Invoking command in '/home/kkeeler/ros2_ws/build/akabot': CMAKE_PREFIX_PATH=${CMAKE_PREFIX_PATH}:/home/kkeeler/ros2_ws/install/skyforge:/home/kkeeler/ros2_ws/install/akabot_aruco:/home/kkeeler/install/moveit_configs_utils:/home/kkeeler/install/rosparam_shortcuts:/home/kkeeler/install/my_robot_controller:/home/kkeeler/install/launch_param_builder:/home/kkeeler/ws_moveit2/install/moveit_configs_utils:/home/kkeeler/ws_moveit2/install/launch_param_builder:/opt/ros/humble /usr/bin/cmake /home/kkeeler/ros2_ws/src/akabot-main/akabot -DCMAKE_INSTALL_PREFIX=/home/kkeeler/ros2_ws/install/akabot
[0.902s] -- The C compiler identification is GNU 11.4.0
[0.903s] -- The CXX compiler identification is GNU 11.4.0
[0.904s] -- Detecting C compiler ABI info
[0.905s] -- Detecting C compiler ABI info - done
[0.905s] -- Check for working C compiler: /usr/bin/cc - skipped
[0.905s] -- Detecting C compile features
[0.905s] -- Detecting C compile features - done
[0.906s] -- Detecting CXX compiler ABI info
[0.906s] -- Detecting CXX compiler ABI info - done
[0.906s] -- Check for working CXX compiler: /usr/bin/c++ - skipped
[0.906s] -- Detecting CXX compile features
[0.906s] -- Detecting CXX compile features - done
[0.906s] -- Found ament_cmake: 1.3.11 (/opt/ros/humble/share/ament_cmake/cmake)
[1.168s] -- Found Python3: /usr/bin/python3 (found version "3.10.12") found components: Interpreter 
[1.672s] -- Found ament_lint_auto: 0.12.12 (/opt/ros/humble/share/ament_lint_auto/cmake)
[1.991s] -- Added test 'lint_cmake' to check CMake code style
[1.994s] -- Added test 'xmllint' to check XML markup files
[2.004s] -- Configuring done
[2.008s] -- Generating done
[2.011s] -- Build files have been written to: /home/kkeeler/ros2_ws/build/akabot
[2.019s] Invoked command in '/home/kkeeler/ros2_ws/build/akabot' returned '0': CMAKE_PREFIX_PATH=${CMAKE_PREFIX_PATH}:/home/kkeeler/ros2_ws/install/skyforge:/home/kkeeler/ros2_ws/install/akabot_aruco:/home/kkeeler/install/moveit_configs_utils:/home/kkeeler/install/rosparam_shortcuts:/home/kkeeler/install/my_robot_controller:/home/kkeeler/install/launch_param_builder:/home/kkeeler/ws_moveit2/install/moveit_configs_utils:/home/kkeeler/ws_moveit2/install/launch_param_builder:/opt/ros/humble /usr/bin/cmake /home/kkeeler/ros2_ws/src/akabot-main/akabot -DCMAKE_INSTALL_PREFIX=/home/kkeeler/ros2_ws/install/akabot
[2.020s] Invoking command in '/home/kkeeler/ros2_ws/build/akabot': CMAKE_PREFIX_PATH=${CMAKE_PREFIX_PATH}:/home/kkeeler/ros2_ws/install/skyforge:/home/kkeeler/ros2_ws/install/akabot_aruco:/home/kkeeler/install/moveit_configs_utils:/home/kkeeler/install/rosparam_shortcuts:/home/kkeeler/install/my_robot_controller:/home/kkeeler/install/launch_param_builder:/home/kkeeler/ws_moveit2/install/moveit_configs_utils:/home/kkeeler/ws_moveit2/install/launch_param_builder:/opt/ros/humble /usr/bin/cmake --build /home/kkeeler/ros2_ws/build/akabot -- -j8 -l8
[2.258s] Invoked command in '/home/kkeeler/ros2_ws/build/akabot' returned '0': CMAKE_PREFIX_PATH=${CMAKE_PREFIX_PATH}:/home/kkeeler/ros2_ws/install/skyforge:/home/kkeeler/ros2_ws/install/akabot_aruco:/home/kkeeler/install/moveit_configs_utils:/home/kkeeler/install/rosparam_shortcuts:/home/kkeeler/install/my_robot_controller:/home/kkeeler/install/launch_param_builder:/home/kkeeler/ws_moveit2/install/moveit_configs_utils:/home/kkeeler/ws_moveit2/install/launch_param_builder:/opt/ros/humble /usr/bin/cmake --build /home/kkeeler/ros2_ws/build/akabot -- -j8 -l8
[2.259s] Invoking command in '/home/kkeeler/ros2_ws/build/akabot': CMAKE_PREFIX_PATH=${CMAKE_PREFIX_PATH}:/home/kkeeler/ros2_ws/install/skyforge:/home/kkeeler/ros2_ws/install/akabot_aruco:/home/kkeeler/install/moveit_configs_utils:/home/kkeeler/install/rosparam_shortcuts:/home/kkeeler/install/my_robot_controller:/home/kkeeler/install/launch_param_builder:/home/kkeeler/ws_moveit2/install/moveit_configs_utils:/home/kkeeler/ws_moveit2/install/launch_param_builder:/opt/ros/humble /usr/bin/cmake --install /home/kkeeler/ros2_ws/build/akabot
[2.293s] -- Install configuration: ""
[2.294s] -- Installing: /home/kkeeler/ros2_ws/install/akabot/share/ament_index/resource_index/package_run_dependencies/akabot
[2.294s] -- Installing: /home/kkeeler/ros2_ws/install/akabot/share/ament_index/resource_index/parent_prefix_path/akabot
[2.294s] -- Installing: /home/kkeeler/ros2_ws/install/akabot/share/akabot/environment/ament_prefix_path.sh
[2.294s] -- Installing: /home/kkeeler/ros2_ws/install/akabot/share/akabot/environment/ament_prefix_path.dsv
[2.294s] -- Installing: /home/kkeeler/ros2_ws/install/akabot/share/akabot/environment/path.sh
[2.295s] -- Installing: /home/kkeeler/ros2_ws/install/akabot/share/akabot/environment/path.dsv
[2.295s] -- Installing: /home/kkeeler/ros2_ws/install/akabot/share/akabot/local_setup.bash
[2.295s] -- Installing: /home/kkeeler/ros2_ws/install/akabot/share/akabot/local_setup.sh
[2.295s] -- Installing: /home/kkeeler/ros2_ws/install/akabot/share/akabot/local_setup.zsh
[2.296s] -- Installing: /home/kkeeler/ros2_ws/install/akabot/share/akabot/local_setup.dsv
[2.296s] -- Installing: /home/kkeeler/ros2_ws/install/akabot/share/akabot/package.dsv
[2.296s] -- Installing: /home/kkeeler/ros2_ws/install/akabot/share/ament_index/resource_index/packages/akabot
[2.296s] -- Installing: /home/kkeeler/ros2_ws/install/akabot/share/akabot/cmake/akabotConfig.cmake
[2.296s] -- Installing: /home/kkeeler/ros2_ws/install/akabot/share/akabot/cmake/akabotConfig-version.cmake
[2.297s] -- Installing: /home/kkeeler/ros2_ws/install/akabot/share/akabot/package.xml
[2.312s] Invoked command in '/home/kkeeler/ros2_ws/build/akabot' returned '0': CMAKE_PREFIX_PATH=${CMAKE_PREFIX_PATH}:/home/kkeeler/ros2_ws/install/skyforge:/home/kkeeler/ros2_ws/install/akabot_aruco:/home/kkeeler/install/moveit_configs_utils:/home/kkeeler/install/rosparam_shortcuts:/home/kkeeler/install/my_robot_controller:/home/kkeeler/install/launch_param_builder:/home/kkeeler/ws_moveit2/install/moveit_configs_utils:/home/kkeeler/ws_moveit2/install/launch_param_builder:/opt/ros/humble /usr/bin/cmake --install /home/kkeeler/ros2_ws/build/akabot
