[0.661s] Invoking command in '/home/kkeeler/ros2_ws/src/skyforge': PYTHONPATH=/home/kkeeler/ros2_ws/src/build/skyforge/prefix_override:/usr/lib/python3/dist-packages/colcon_core/task/python/colcon_distutils_commands:/home/kkeeler/ros2_ws/src/install/skyforge/lib/python3.10/site-packages:${PYTHONPATH} /usr/bin/python3 -W ignore:setup.py install is deprecated -W ignore:easy_install command is deprecated setup.py egg_info --egg-base ../build/skyforge build --build-base /home/kkeeler/ros2_ws/src/build/skyforge/build install --record /home/kkeeler/ros2_ws/src/build/skyforge/install.log --single-version-externally-managed install_data
[0.911s] running egg_info
[0.911s] writing ../build/skyforge/skyforge.egg-info/PKG-INFO
[0.912s] writing dependency_links to ../build/skyforge/skyforge.egg-info/dependency_links.txt
[0.912s] writing entry points to ../build/skyforge/skyforge.egg-info/entry_points.txt
[0.912s] writing requirements to ../build/skyforge/skyforge.egg-info/requires.txt
[0.912s] writing top-level names to ../build/skyforge/skyforge.egg-info/top_level.txt
[0.914s] reading manifest file '../build/skyforge/skyforge.egg-info/SOURCES.txt'
[0.916s] writing manifest file '../build/skyforge/skyforge.egg-info/SOURCES.txt'
[0.916s] running build
[0.916s] running build_py
[0.916s] running install
[0.916s] running install_lib
[0.918s] running install_data
[0.918s] running install_egg_info
[0.920s] removing '/home/kkeeler/ros2_ws/src/install/skyforge/lib/python3.10/site-packages/skyforge-0.0.0-py3.10.egg-info' (and everything under it)
[0.920s] Copying ../build/skyforge/skyforge.egg-info to /home/kkeeler/ros2_ws/src/install/skyforge/lib/python3.10/site-packages/skyforge-0.0.0-py3.10.egg-info
[0.921s] running install_scripts
[0.940s] Installing test script to /home/kkeeler/ros2_ws/src/install/skyforge/lib/skyforge
[0.940s] writing list of installed files to '/home/kkeeler/ros2_ws/src/build/skyforge/install.log'
[0.960s] Invoked command in '/home/kkeeler/ros2_ws/src/skyforge' returned '0': PYTHONPATH=/home/kkeeler/ros2_ws/src/build/skyforge/prefix_override:/usr/lib/python3/dist-packages/colcon_core/task/python/colcon_distutils_commands:/home/kkeeler/ros2_ws/src/install/skyforge/lib/python3.10/site-packages:${PYTHONPATH} /usr/bin/python3 -W ignore:setup.py install is deprecated -W ignore:easy_install command is deprecated setup.py egg_info --egg-base ../build/skyforge build --build-base /home/kkeeler/ros2_ws/src/build/skyforge/build install --record /home/kkeeler/ros2_ws/src/build/skyforge/install.log --single-version-externally-managed install_data
