[0.121s] DEBUG:colcon:Command line arguments: ['/usr/bin/colcon', 'build']
[0.121s] DEBUG:colcon:Parsed command line arguments: Namespace(log_base=None, log_level=None, verb_name='build', build_base='build', install_base='install', merge_install=False, symlink_install=False, test_result_base=None, continue_on_error=False, executor='parallel', parallel_workers=8, event_handlers=None, ignore_user_meta=False, metas=['./colcon.meta'], base_paths=['.'], packages_ignore=None, packages_ignore_regex=None, paths=None, packages_up_to=None, packages_up_to_regex=None, packages_above=None, packages_above_and_dependencies=None, packages_above_depth=None, packages_select_by_dep=None, packages_skip_by_dep=None, packages_skip_up_to=None, packages_select_build_failed=False, packages_skip_build_finished=False, packages_select_test_failures=False, packages_skip_test_passed=False, packages_select=None, packages_skip=None, packages_select_regex=None, packages_skip_regex=None, packages_start=None, packages_end=None, allow_overriding=[], cmake_args=None, cmake_target=None, cmake_target_skip_unavailable=False, cmake_clean_cache=False, cmake_clean_first=False, cmake_force_configure=False, ament_cmake_args=None, catkin_cmake_args=None, catkin_skip_building_tests=False, mixin_files=None, mixin=None, verb_parser=<colcon_mixin.mixin.mixin_argument.MixinArgumentDecorator object at 0x755b2c84f520>, verb_extension=<colcon_core.verb.build.BuildVerb object at 0x755b2c9a0430>, main=<bound method BuildVerb.main of <colcon_core.verb.build.BuildVerb object at 0x755b2c9a0430>>, mixin_verb=('build',))
[0.299s] Level 1:colcon.colcon_core.package_discovery:discover_packages(colcon_meta) check parameters
[0.299s] Level 1:colcon.colcon_core.package_discovery:discover_packages(recursive) check parameters
[0.299s] Level 1:colcon.colcon_core.package_discovery:discover_packages(ignore) check parameters
[0.299s] Level 1:colcon.colcon_core.package_discovery:discover_packages(path) check parameters
[0.299s] Level 1:colcon.colcon_core.package_discovery:discover_packages(colcon_meta) discover
[0.300s] Level 1:colcon.colcon_core.package_discovery:discover_packages(recursive) discover
[0.300s] INFO:colcon.colcon_core.package_discovery:Crawling recursively for packages in '/home/kkeeler/ros2_ws/src'
[0.300s] Level 1:colcon.colcon_core.package_identification:_identify(.) by extensions ['ignore', 'ignore_ament_install']
[0.300s] Level 1:colcon.colcon_core.package_identification:_identify(.) by extension 'ignore'
[0.300s] Level 1:colcon.colcon_core.package_identification:_identify(.) by extension 'ignore_ament_install'
[0.300s] Level 1:colcon.colcon_core.package_identification:_identify(.) by extensions ['colcon_pkg']
[0.300s] Level 1:colcon.colcon_core.package_identification:_identify(.) by extension 'colcon_pkg'
[0.300s] Level 1:colcon.colcon_core.package_identification:_identify(.) by extensions ['colcon_meta']
[0.300s] Level 1:colcon.colcon_core.package_identification:_identify(.) by extension 'colcon_meta'
[0.300s] Level 1:colcon.colcon_core.package_identification:_identify(.) by extensions ['ros']
[0.300s] Level 1:colcon.colcon_core.package_identification:_identify(.) by extension 'ros'
[0.310s] Level 1:colcon.colcon_core.package_identification:_identify(.) by extensions ['cmake', 'python']
[0.310s] Level 1:colcon.colcon_core.package_identification:_identify(.) by extension 'cmake'
[0.310s] Level 1:colcon.colcon_core.package_identification:_identify(.) by extension 'python'
[0.310s] Level 1:colcon.colcon_core.package_identification:_identify(.) by extensions ['python_setup_py']
[0.310s] Level 1:colcon.colcon_core.package_identification:_identify(.) by extension 'python_setup_py'
[0.310s] Level 1:colcon.colcon_core.package_identification:_identify(arm1) by extensions ['ignore', 'ignore_ament_install']
[0.310s] Level 1:colcon.colcon_core.package_identification:_identify(arm1) by extension 'ignore'
[0.310s] Level 1:colcon.colcon_core.package_identification:_identify(arm1) by extension 'ignore_ament_install'
[0.310s] Level 1:colcon.colcon_core.package_identification:_identify(arm1) by extensions ['colcon_pkg']
[0.310s] Level 1:colcon.colcon_core.package_identification:_identify(arm1) by extension 'colcon_pkg'
[0.310s] Level 1:colcon.colcon_core.package_identification:_identify(arm1) by extensions ['colcon_meta']
[0.310s] Level 1:colcon.colcon_core.package_identification:_identify(arm1) by extension 'colcon_meta'
[0.310s] Level 1:colcon.colcon_core.package_identification:_identify(arm1) by extensions ['ros']
[0.310s] Level 1:colcon.colcon_core.package_identification:_identify(arm1) by extension 'ros'
[0.310s] Level 1:colcon.colcon_core.package_identification:_identify(arm1) by extensions ['cmake', 'python']
[0.311s] Level 1:colcon.colcon_core.package_identification:_identify(arm1) by extension 'cmake'
[0.311s] Level 1:colcon.colcon_core.package_identification:_identify(arm1) by extension 'python'
[0.311s] Level 1:colcon.colcon_core.package_identification:_identify(arm1) by extensions ['python_setup_py']
[0.311s] Level 1:colcon.colcon_core.package_identification:_identify(arm1) by extension 'python_setup_py'
[0.311s] Level 1:colcon.colcon_core.package_identification:_identify(arm1/urdf) by extensions ['ignore', 'ignore_ament_install']
[0.311s] Level 1:colcon.colcon_core.package_identification:_identify(arm1/urdf) by extension 'ignore'
[0.311s] Level 1:colcon.colcon_core.package_identification:_identify(arm1/urdf) by extension 'ignore_ament_install'
[0.311s] Level 1:colcon.colcon_core.package_identification:_identify(arm1/urdf) by extensions ['colcon_pkg']
[0.311s] Level 1:colcon.colcon_core.package_identification:_identify(arm1/urdf) by extension 'colcon_pkg'
[0.311s] Level 1:colcon.colcon_core.package_identification:_identify(arm1/urdf) by extensions ['colcon_meta']
[0.311s] Level 1:colcon.colcon_core.package_identification:_identify(arm1/urdf) by extension 'colcon_meta'
[0.311s] Level 1:colcon.colcon_core.package_identification:_identify(arm1/urdf) by extensions ['ros']
[0.311s] Level 1:colcon.colcon_core.package_identification:_identify(arm1/urdf) by extension 'ros'
[0.311s] Level 1:colcon.colcon_core.package_identification:_identify(arm1/urdf) by extensions ['cmake', 'python']
[0.311s] Level 1:colcon.colcon_core.package_identification:_identify(arm1/urdf) by extension 'cmake'
[0.311s] Level 1:colcon.colcon_core.package_identification:_identify(arm1/urdf) by extension 'python'
[0.311s] Level 1:colcon.colcon_core.package_identification:_identify(arm1/urdf) by extensions ['python_setup_py']
[0.311s] Level 1:colcon.colcon_core.package_identification:_identify(arm1/urdf) by extension 'python_setup_py'
[0.311s] Level 1:colcon.colcon_core.package_identification:_identify(build) by extensions ['ignore', 'ignore_ament_install']
[0.311s] Level 1:colcon.colcon_core.package_identification:_identify(build) by extension 'ignore'
[0.311s] Level 1:colcon.colcon_core.package_identification:_identify(build) ignored
[0.312s] Level 1:colcon.colcon_core.package_identification:_identify(install) by extensions ['ignore', 'ignore_ament_install']
[0.312s] Level 1:colcon.colcon_core.package_identification:_identify(install) by extension 'ignore'
[0.312s] Level 1:colcon.colcon_core.package_identification:_identify(install) ignored
[0.312s] Level 1:colcon.colcon_core.package_identification:_identify(log) by extensions ['ignore', 'ignore_ament_install']
[0.312s] Level 1:colcon.colcon_core.package_identification:_identify(log) by extension 'ignore'
[0.312s] Level 1:colcon.colcon_core.package_identification:_identify(log) ignored
[0.312s] Level 1:colcon.colcon_core.package_identification:_identify(robot_description) by extensions ['ignore', 'ignore_ament_install']
[0.312s] Level 1:colcon.colcon_core.package_identification:_identify(robot_description) by extension 'ignore'
[0.312s] Level 1:colcon.colcon_core.package_identification:_identify(robot_description) by extension 'ignore_ament_install'
[0.312s] Level 1:colcon.colcon_core.package_identification:_identify(robot_description) by extensions ['colcon_pkg']
[0.312s] Level 1:colcon.colcon_core.package_identification:_identify(robot_description) by extension 'colcon_pkg'
[0.312s] Level 1:colcon.colcon_core.package_identification:_identify(robot_description) by extensions ['colcon_meta']
[0.312s] Level 1:colcon.colcon_core.package_identification:_identify(robot_description) by extension 'colcon_meta'
[0.312s] Level 1:colcon.colcon_core.package_identification:_identify(robot_description) by extensions ['ros']
[0.312s] Level 1:colcon.colcon_core.package_identification:_identify(robot_description) by extension 'ros'
[0.314s] DEBUG:colcon.colcon_core.package_identification:Package 'robot_description' with type 'ros.ament_cmake' and name 'robot_description'
[0.314s] Level 1:colcon.colcon_core.package_identification:_identify(skyforge) by extensions ['ignore', 'ignore_ament_install']
[0.315s] Level 1:colcon.colcon_core.package_identification:_identify(skyforge) by extension 'ignore'
[0.315s] Level 1:colcon.colcon_core.package_identification:_identify(skyforge) by extension 'ignore_ament_install'
[0.315s] Level 1:colcon.colcon_core.package_identification:_identify(skyforge) by extensions ['colcon_pkg']
[0.315s] Level 1:colcon.colcon_core.package_identification:_identify(skyforge) by extension 'colcon_pkg'
[0.315s] Level 1:colcon.colcon_core.package_identification:_identify(skyforge) by extensions ['colcon_meta']
[0.315s] Level 1:colcon.colcon_core.package_identification:_identify(skyforge) by extension 'colcon_meta'
[0.315s] Level 1:colcon.colcon_core.package_identification:_identify(skyforge) by extensions ['ros']
[0.315s] Level 1:colcon.colcon_core.package_identification:_identify(skyforge) by extension 'ros'
[0.315s] DEBUG:colcon.colcon_core.package_identification:Package 'skyforge' with type 'ros.ament_python' and name 'skyforge'
[0.315s] Level 1:colcon.colcon_core.package_discovery:discover_packages(recursive) using defaults
[0.315s] Level 1:colcon.colcon_core.package_discovery:discover_packages(ignore) discover
[0.315s] Level 1:colcon.colcon_core.package_discovery:discover_packages(ignore) using defaults
[0.315s] Level 1:colcon.colcon_core.package_discovery:discover_packages(path) discover
[0.315s] Level 1:colcon.colcon_core.package_discovery:discover_packages(path) using defaults
[0.343s] Level 1:colcon.colcon_core.package_discovery:discover_packages(prefix_path) check parameters
[0.343s] Level 1:colcon.colcon_core.package_discovery:discover_packages(prefix_path) discover
[0.346s] DEBUG:colcon.colcon_installed_package_information.package_discovery:Found 1 installed packages in /home/kkeeler/ros2_ws/install
[0.348s] DEBUG:colcon.colcon_installed_package_information.package_discovery:Found 55 installed packages in /home/kkeeler/ws_moveit2/install
[0.350s] DEBUG:colcon.colcon_installed_package_information.package_discovery:Found 451 installed packages in /opt/ros/humble
[0.353s] Level 1:colcon.colcon_core.package_discovery:discover_packages(prefix_path) using defaults
[0.408s] Level 5:colcon.colcon_core.verb:set package 'robot_description' build argument 'cmake_args' from command line to 'None'
[0.408s] Level 5:colcon.colcon_core.verb:set package 'robot_description' build argument 'cmake_target' from command line to 'None'
[0.408s] Level 5:colcon.colcon_core.verb:set package 'robot_description' build argument 'cmake_target_skip_unavailable' from command line to 'False'
[0.408s] Level 5:colcon.colcon_core.verb:set package 'robot_description' build argument 'cmake_clean_cache' from command line to 'False'
[0.408s] Level 5:colcon.colcon_core.verb:set package 'robot_description' build argument 'cmake_clean_first' from command line to 'False'
[0.408s] Level 5:colcon.colcon_core.verb:set package 'robot_description' build argument 'cmake_force_configure' from command line to 'False'
[0.408s] Level 5:colcon.colcon_core.verb:set package 'robot_description' build argument 'ament_cmake_args' from command line to 'None'
[0.409s] Level 5:colcon.colcon_core.verb:set package 'robot_description' build argument 'catkin_cmake_args' from command line to 'None'
[0.409s] Level 5:colcon.colcon_core.verb:set package 'robot_description' build argument 'catkin_skip_building_tests' from command line to 'False'
[0.409s] DEBUG:colcon.colcon_core.verb:Building package 'robot_description' with the following arguments: {'ament_cmake_args': None, 'build_base': '/home/kkeeler/ros2_ws/src/build/robot_description', 'catkin_cmake_args': None, 'catkin_skip_building_tests': False, 'cmake_args': None, 'cmake_clean_cache': False, 'cmake_clean_first': False, 'cmake_force_configure': False, 'cmake_target': None, 'cmake_target_skip_unavailable': False, 'install_base': '/home/kkeeler/ros2_ws/src/install/robot_description', 'merge_install': False, 'path': '/home/kkeeler/ros2_ws/src/robot_description', 'symlink_install': False, 'test_result_base': None}
[0.409s] Level 5:colcon.colcon_core.verb:set package 'skyforge' build argument 'cmake_args' from command line to 'None'
[0.409s] Level 5:colcon.colcon_core.verb:set package 'skyforge' build argument 'cmake_target' from command line to 'None'
[0.409s] Level 5:colcon.colcon_core.verb:set package 'skyforge' build argument 'cmake_target_skip_unavailable' from command line to 'False'
[0.409s] Level 5:colcon.colcon_core.verb:set package 'skyforge' build argument 'cmake_clean_cache' from command line to 'False'
[0.409s] Level 5:colcon.colcon_core.verb:set package 'skyforge' build argument 'cmake_clean_first' from command line to 'False'
[0.409s] Level 5:colcon.colcon_core.verb:set package 'skyforge' build argument 'cmake_force_configure' from command line to 'False'
[0.409s] Level 5:colcon.colcon_core.verb:set package 'skyforge' build argument 'ament_cmake_args' from command line to 'None'
[0.409s] Level 5:colcon.colcon_core.verb:set package 'skyforge' build argument 'catkin_cmake_args' from command line to 'None'
[0.409s] Level 5:colcon.colcon_core.verb:set package 'skyforge' build argument 'catkin_skip_building_tests' from command line to 'False'
[0.409s] DEBUG:colcon.colcon_core.verb:Building package 'skyforge' with the following arguments: {'ament_cmake_args': None, 'build_base': '/home/kkeeler/ros2_ws/src/build/skyforge', 'catkin_cmake_args': None, 'catkin_skip_building_tests': False, 'cmake_args': None, 'cmake_clean_cache': False, 'cmake_clean_first': False, 'cmake_force_configure': False, 'cmake_target': None, 'cmake_target_skip_unavailable': False, 'install_base': '/home/kkeeler/ros2_ws/src/install/skyforge', 'merge_install': False, 'path': '/home/kkeeler/ros2_ws/src/skyforge', 'symlink_install': False, 'test_result_base': None}
[0.409s] INFO:colcon.colcon_core.executor:Executing jobs using 'parallel' executor
[0.410s] DEBUG:colcon.colcon_parallel_executor.executor.parallel:run_until_complete
[0.411s] INFO:colcon.colcon_ros.task.ament_cmake.build:Building ROS package in '/home/kkeeler/ros2_ws/src/robot_description' with build type 'ament_cmake'
[0.411s] INFO:colcon.colcon_cmake.task.cmake.build:Building CMake package in '/home/kkeeler/ros2_ws/src/robot_description'
[0.412s] INFO:colcon.colcon_core.plugin_system:Skipping extension 'colcon_core.shell.bat': Not used on non-Windows systems
[0.413s] INFO:colcon.colcon_core.shell:Skip shell extension 'powershell' for command environment: Not usable outside of PowerShell
[0.413s] DEBUG:colcon.colcon_core.shell:Skip shell extension 'dsv' for command environment
[0.420s] INFO:colcon.colcon_ros.task.ament_python.build:Building ROS package in '/home/kkeeler/ros2_ws/src/skyforge' with build type 'ament_python'
[0.420s] Level 1:colcon.colcon_core.shell:create_environment_hook('skyforge', 'ament_prefix_path')
[0.421s] INFO:colcon.colcon_core.shell:Creating environment hook '/home/kkeeler/ros2_ws/src/install/skyforge/share/skyforge/hook/ament_prefix_path.ps1'
[0.421s] INFO:colcon.colcon_core.shell:Creating environment descriptor '/home/kkeeler/ros2_ws/src/install/skyforge/share/skyforge/hook/ament_prefix_path.dsv'
[0.422s] INFO:colcon.colcon_core.shell:Creating environment hook '/home/kkeeler/ros2_ws/src/install/skyforge/share/skyforge/hook/ament_prefix_path.sh'
[0.422s] INFO:colcon.colcon_core.shell:Skip shell extension 'powershell' for command environment: Not usable outside of PowerShell
[0.422s] DEBUG:colcon.colcon_core.shell:Skip shell extension 'dsv' for command environment
[0.435s] DEBUG:colcon.colcon_core.event_handler.log_command:Invoking command in '/home/kkeeler/ros2_ws/src/build/robot_description': CMAKE_PREFIX_PATH=${CMAKE_PREFIX_PATH}:/home/kkeeler/ros2_ws/install/skyforge:/home/kkeeler/ws_moveit2/install/moveit_configs_utils:/home/kkeeler/ws_moveit2/install/launch_param_builder:/opt/ros/humble /usr/bin/cmake /home/kkeeler/ros2_ws/src/robot_description -DCMAKE_INSTALL_PREFIX=/home/kkeeler/ros2_ws/src/install/robot_description
[0.719s] INFO:colcon.colcon_core.task.python.build:Building Python package in '/home/kkeeler/ros2_ws/src/skyforge'
[0.720s] INFO:colcon.colcon_core.shell:Skip shell extension 'powershell' for command environment: Not usable outside of PowerShell
[0.720s] DEBUG:colcon.colcon_core.shell:Skip shell extension 'dsv' for command environment
[1.101s] DEBUG:colcon.colcon_core.event_handler.log_command:Invoking command in '/home/kkeeler/ros2_ws/src/skyforge': PYTHONPATH=/home/kkeeler/ros2_ws/src/build/skyforge/prefix_override:/usr/lib/python3/dist-packages/colcon_core/task/python/colcon_distutils_commands:/home/kkeeler/ros2_ws/src/install/skyforge/lib/python3.10/site-packages:${PYTHONPATH} /usr/bin/python3 -W ignore:setup.py install is deprecated -W ignore:easy_install command is deprecated setup.py egg_info --egg-base ../build/skyforge build --build-base /home/kkeeler/ros2_ws/src/build/skyforge/build install --record /home/kkeeler/ros2_ws/src/build/skyforge/install.log --single-version-externally-managed install_data
[1.347s] DEBUG:colcon.colcon_core.event_handler.log_command:Invoked command in '/home/kkeeler/ros2_ws/src/build/robot_description' returned '0': CMAKE_PREFIX_PATH=${CMAKE_PREFIX_PATH}:/home/kkeeler/ros2_ws/install/skyforge:/home/kkeeler/ws_moveit2/install/moveit_configs_utils:/home/kkeeler/ws_moveit2/install/launch_param_builder:/opt/ros/humble /usr/bin/cmake /home/kkeeler/ros2_ws/src/robot_description -DCMAKE_INSTALL_PREFIX=/home/kkeeler/ros2_ws/src/install/robot_description
[1.349s] DEBUG:colcon.colcon_core.event_handler.log_command:Invoking command in '/home/kkeeler/ros2_ws/src/build/robot_description': CMAKE_PREFIX_PATH=${CMAKE_PREFIX_PATH}:/home/kkeeler/ros2_ws/install/skyforge:/home/kkeeler/ws_moveit2/install/moveit_configs_utils:/home/kkeeler/ws_moveit2/install/launch_param_builder:/opt/ros/humble /usr/bin/cmake --build /home/kkeeler/ros2_ws/src/build/robot_description -- -j8 -l8
[1.409s] DEBUG:colcon.colcon_core.event_handler.log_command:Invoked command in '/home/kkeeler/ros2_ws/src/skyforge' returned '0': PYTHONPATH=/home/kkeeler/ros2_ws/src/build/skyforge/prefix_override:/usr/lib/python3/dist-packages/colcon_core/task/python/colcon_distutils_commands:/home/kkeeler/ros2_ws/src/install/skyforge/lib/python3.10/site-packages:${PYTHONPATH} /usr/bin/python3 -W ignore:setup.py install is deprecated -W ignore:easy_install command is deprecated setup.py egg_info --egg-base ../build/skyforge build --build-base /home/kkeeler/ros2_ws/src/build/skyforge/build install --record /home/kkeeler/ros2_ws/src/build/skyforge/install.log --single-version-externally-managed install_data
[1.411s] Level 1:colcon.colcon_core.environment:checking '/home/kkeeler/ros2_ws/src/install/skyforge' for CMake module files
[1.412s] Level 1:colcon.colcon_core.environment:checking '/home/kkeeler/ros2_ws/src/install/skyforge' for CMake config files
[1.413s] Level 1:colcon.colcon_core.environment:checking '/home/kkeeler/ros2_ws/src/install/skyforge/lib'
[1.413s] Level 1:colcon.colcon_core.environment:checking '/home/kkeeler/ros2_ws/src/install/skyforge/bin'
[1.413s] Level 1:colcon.colcon_core.environment:checking '/home/kkeeler/ros2_ws/src/install/skyforge/lib/pkgconfig/skyforge.pc'
[1.413s] Level 1:colcon.colcon_core.environment:checking '/home/kkeeler/ros2_ws/src/install/skyforge/lib/python3.10/site-packages'
[1.413s] Level 1:colcon.colcon_core.shell:create_environment_hook('skyforge', 'pythonpath')
[1.413s] INFO:colcon.colcon_core.shell:Creating environment hook '/home/kkeeler/ros2_ws/src/install/skyforge/share/skyforge/hook/pythonpath.ps1'
[1.414s] INFO:colcon.colcon_core.shell:Creating environment descriptor '/home/kkeeler/ros2_ws/src/install/skyforge/share/skyforge/hook/pythonpath.dsv'
[1.414s] INFO:colcon.colcon_core.shell:Creating environment hook '/home/kkeeler/ros2_ws/src/install/skyforge/share/skyforge/hook/pythonpath.sh'
[1.415s] Level 1:colcon.colcon_core.environment:checking '/home/kkeeler/ros2_ws/src/install/skyforge/bin'
[1.415s] Level 1:colcon.colcon_core.environment:create_environment_scripts_only(skyforge)
[1.415s] INFO:colcon.colcon_core.shell:Creating package script '/home/kkeeler/ros2_ws/src/install/skyforge/share/skyforge/package.ps1'
[1.416s] INFO:colcon.colcon_core.shell:Creating package descriptor '/home/kkeeler/ros2_ws/src/install/skyforge/share/skyforge/package.dsv'
[1.416s] INFO:colcon.colcon_core.shell:Creating package script '/home/kkeeler/ros2_ws/src/install/skyforge/share/skyforge/package.sh'
[1.417s] INFO:colcon.colcon_core.shell:Creating package script '/home/kkeeler/ros2_ws/src/install/skyforge/share/skyforge/package.bash'
[1.417s] INFO:colcon.colcon_core.shell:Creating package script '/home/kkeeler/ros2_ws/src/install/skyforge/share/skyforge/package.zsh'
[1.418s] Level 1:colcon.colcon_core.environment:create_file_with_runtime_dependencies(/home/kkeeler/ros2_ws/src/install/skyforge/share/colcon-core/packages/skyforge)
[1.420s] DEBUG:colcon.colcon_core.event_handler.log_command:Invoked command in '/home/kkeeler/ros2_ws/src/build/robot_description' returned '0': CMAKE_PREFIX_PATH=${CMAKE_PREFIX_PATH}:/home/kkeeler/ros2_ws/install/skyforge:/home/kkeeler/ws_moveit2/install/moveit_configs_utils:/home/kkeeler/ws_moveit2/install/launch_param_builder:/opt/ros/humble /usr/bin/cmake --build /home/kkeeler/ros2_ws/src/build/robot_description -- -j8 -l8
[1.435s] DEBUG:colcon.colcon_core.event_handler.log_command:Invoking command in '/home/kkeeler/ros2_ws/src/build/robot_description': CMAKE_PREFIX_PATH=${CMAKE_PREFIX_PATH}:/home/kkeeler/ros2_ws/install/skyforge:/home/kkeeler/ws_moveit2/install/moveit_configs_utils:/home/kkeeler/ws_moveit2/install/launch_param_builder:/opt/ros/humble /usr/bin/cmake --install /home/kkeeler/ros2_ws/src/build/robot_description
[1.452s] Level 1:colcon.colcon_core.environment:create_environment_scripts_only(robot_description)
[1.453s] Level 1:colcon.colcon_core.environment:checking '/home/kkeeler/ros2_ws/src/install/robot_description' for CMake module files
[1.453s] DEBUG:colcon.colcon_core.event_handler.log_command:Invoked command in '/home/kkeeler/ros2_ws/src/build/robot_description' returned '0': CMAKE_PREFIX_PATH=${CMAKE_PREFIX_PATH}:/home/kkeeler/ros2_ws/install/skyforge:/home/kkeeler/ws_moveit2/install/moveit_configs_utils:/home/kkeeler/ws_moveit2/install/launch_param_builder:/opt/ros/humble /usr/bin/cmake --install /home/kkeeler/ros2_ws/src/build/robot_description
[1.453s] Level 1:colcon.colcon_core.environment:checking '/home/kkeeler/ros2_ws/src/install/robot_description' for CMake config files
[1.453s] Level 1:colcon.colcon_core.shell:create_environment_hook('robot_description', 'cmake_prefix_path')
[1.454s] INFO:colcon.colcon_core.shell:Creating environment hook '/home/kkeeler/ros2_ws/src/install/robot_description/share/robot_description/hook/cmake_prefix_path.ps1'
[1.454s] INFO:colcon.colcon_core.shell:Creating environment descriptor '/home/kkeeler/ros2_ws/src/install/robot_description/share/robot_description/hook/cmake_prefix_path.dsv'
[1.455s] INFO:colcon.colcon_core.shell:Creating environment hook '/home/kkeeler/ros2_ws/src/install/robot_description/share/robot_description/hook/cmake_prefix_path.sh'
[1.455s] Level 1:colcon.colcon_core.environment:checking '/home/kkeeler/ros2_ws/src/install/robot_description/bin'
[1.455s] Level 1:colcon.colcon_core.environment:checking '/home/kkeeler/ros2_ws/src/install/robot_description/lib/pkgconfig/robot_description.pc'
[1.456s] Level 1:colcon.colcon_core.environment:checking '/home/kkeeler/ros2_ws/src/install/robot_description/lib/python3.10/site-packages'
[1.456s] Level 1:colcon.colcon_core.environment:checking '/home/kkeeler/ros2_ws/src/install/robot_description/bin'
[1.456s] INFO:colcon.colcon_core.shell:Creating package script '/home/kkeeler/ros2_ws/src/install/robot_description/share/robot_description/package.ps1'
[1.457s] INFO:colcon.colcon_core.shell:Creating package descriptor '/home/kkeeler/ros2_ws/src/install/robot_description/share/robot_description/package.dsv'
[1.458s] INFO:colcon.colcon_core.shell:Creating package script '/home/kkeeler/ros2_ws/src/install/robot_description/share/robot_description/package.sh'
[1.458s] INFO:colcon.colcon_core.shell:Creating package script '/home/kkeeler/ros2_ws/src/install/robot_description/share/robot_description/package.bash'
[1.459s] INFO:colcon.colcon_core.shell:Creating package script '/home/kkeeler/ros2_ws/src/install/robot_description/share/robot_description/package.zsh'
[1.459s] Level 1:colcon.colcon_core.environment:create_file_with_runtime_dependencies(/home/kkeeler/ros2_ws/src/install/robot_description/share/colcon-core/packages/robot_description)
[1.460s] Level 1:colcon.colcon_core.environment:create_environment_scripts_only(robot_description)
[1.460s] Level 1:colcon.colcon_core.environment:checking '/home/kkeeler/ros2_ws/src/install/robot_description' for CMake module files
[1.460s] Level 1:colcon.colcon_core.environment:checking '/home/kkeeler/ros2_ws/src/install/robot_description' for CMake config files
[1.461s] Level 1:colcon.colcon_core.shell:create_environment_hook('robot_description', 'cmake_prefix_path')
[1.461s] INFO:colcon.colcon_core.shell:Creating environment hook '/home/kkeeler/ros2_ws/src/install/robot_description/share/robot_description/hook/cmake_prefix_path.ps1'
[1.461s] INFO:colcon.colcon_core.shell:Creating environment descriptor '/home/kkeeler/ros2_ws/src/install/robot_description/share/robot_description/hook/cmake_prefix_path.dsv'
[1.462s] INFO:colcon.colcon_core.shell:Creating environment hook '/home/kkeeler/ros2_ws/src/install/robot_description/share/robot_description/hook/cmake_prefix_path.sh'
[1.463s] Level 1:colcon.colcon_core.environment:checking '/home/kkeeler/ros2_ws/src/install/robot_description/bin'
[1.463s] Level 1:colcon.colcon_core.environment:checking '/home/kkeeler/ros2_ws/src/install/robot_description/lib/pkgconfig/robot_description.pc'
[1.463s] Level 1:colcon.colcon_core.environment:checking '/home/kkeeler/ros2_ws/src/install/robot_description/lib/python3.10/site-packages'
[1.463s] Level 1:colcon.colcon_core.environment:checking '/home/kkeeler/ros2_ws/src/install/robot_description/bin'
[1.463s] INFO:colcon.colcon_core.shell:Creating package script '/home/kkeeler/ros2_ws/src/install/robot_description/share/robot_description/package.ps1'
[1.464s] INFO:colcon.colcon_core.shell:Creating package descriptor '/home/kkeeler/ros2_ws/src/install/robot_description/share/robot_description/package.dsv'
[1.464s] INFO:colcon.colcon_core.shell:Creating package script '/home/kkeeler/ros2_ws/src/install/robot_description/share/robot_description/package.sh'
[1.465s] INFO:colcon.colcon_core.shell:Creating package script '/home/kkeeler/ros2_ws/src/install/robot_description/share/robot_description/package.bash'
[1.465s] INFO:colcon.colcon_core.shell:Creating package script '/home/kkeeler/ros2_ws/src/install/robot_description/share/robot_description/package.zsh'
[1.465s] Level 1:colcon.colcon_core.environment:create_file_with_runtime_dependencies(/home/kkeeler/ros2_ws/src/install/robot_description/share/colcon-core/packages/robot_description)
[1.466s] DEBUG:colcon.colcon_parallel_executor.executor.parallel:closing loop
[1.466s] DEBUG:colcon.colcon_parallel_executor.executor.parallel:loop closed
[1.466s] DEBUG:colcon.colcon_parallel_executor.executor.parallel:run_until_complete finished with '0'
[1.466s] DEBUG:colcon.colcon_core.event_reactor:joining thread
[1.474s] INFO:colcon.colcon_core.plugin_system:Skipping extension 'colcon_notification.desktop_notification.terminal_notifier': Not used on non-Darwin systems
[1.475s] INFO:colcon.colcon_core.plugin_system:Skipping extension 'colcon_notification.desktop_notification.win32': Not used on non-Windows systems
[1.475s] INFO:colcon.colcon_notification.desktop_notification:Sending desktop notification using 'notify2'
[1.494s] DEBUG:colcon.colcon_core.event_reactor:joined thread
[1.495s] INFO:colcon.colcon_core.shell:Creating prefix script '/home/kkeeler/ros2_ws/src/install/local_setup.ps1'
[1.496s] INFO:colcon.colcon_core.shell:Creating prefix util module '/home/kkeeler/ros2_ws/src/install/_local_setup_util_ps1.py'
[1.499s] INFO:colcon.colcon_core.shell:Creating prefix chain script '/home/kkeeler/ros2_ws/src/install/setup.ps1'
[1.504s] INFO:colcon.colcon_core.shell:Creating prefix script '/home/kkeeler/ros2_ws/src/install/local_setup.sh'
[1.504s] INFO:colcon.colcon_core.shell:Creating prefix util module '/home/kkeeler/ros2_ws/src/install/_local_setup_util_sh.py'
[1.505s] INFO:colcon.colcon_core.shell:Creating prefix chain script '/home/kkeeler/ros2_ws/src/install/setup.sh'
[1.509s] INFO:colcon.colcon_core.shell:Creating prefix script '/home/kkeeler/ros2_ws/src/install/local_setup.bash'
[1.509s] INFO:colcon.colcon_core.shell:Creating prefix chain script '/home/kkeeler/ros2_ws/src/install/setup.bash'
[1.514s] INFO:colcon.colcon_core.shell:Creating prefix script '/home/kkeeler/ros2_ws/src/install/local_setup.zsh'
[1.515s] INFO:colcon.colcon_core.shell:Creating prefix chain script '/home/kkeeler/ros2_ws/src/install/setup.zsh'
