[0.677s] Invoking command in '/home/kkeeler/ros2_ws/build/urdf_tutorial': CMAKE_PREFIX_PATH=${CMAKE_PREFIX_PATH}:/home/kkeeler/ros2_ws/install/skyforge:/home/kkeeler/ros2_ws/install/akabot_aruco:/home/kkeeler/install/moveit_configs_utils:/home/kkeeler/install/rosparam_shortcuts:/home/kkeeler/install/my_robot_controller:/home/kkeeler/install/launch_param_builder:/home/kkeeler/ws_moveit2/install/moveit_configs_utils:/home/kkeeler/ws_moveit2/install/launch_param_builder:/opt/ros/humble /usr/bin/cmake /home/kkeeler/ros2_ws/src/urdf_tutorial -DAMENT_CMAKE_SYMLINK_INSTALL=1 -DCMAKE_INSTALL_PREFIX=/home/kkeeler/ros2_ws/install/urdf_tutorial
[0.713s] -- Found ament_cmake: 1.3.11 (/opt/ros/humble/share/ament_cmake/cmake)
[0.967s] -- Override CMake install command with custom implementation using symlinks instead of copying resources
[0.981s] -- Found robot_state_publisher: 3.0.3 (/opt/ros/humble/share/robot_state_publisher/cmake)
[1.042s] -- Found rosidl_generator_c: 3.1.6 (/opt/ros/humble/share/rosidl_generator_c/cmake)
[1.048s] -- Found rosidl_adapter: 3.1.6 (/opt/ros/humble/share/rosidl_adapter/cmake)
[1.062s] -- Found rosidl_generator_cpp: 3.1.6 (/opt/ros/humble/share/rosidl_generator_cpp/cmake)
[1.099s] -- Using all available rosidl_typesupport_c: rosidl_typesupport_fastrtps_c;rosidl_typesupport_introspection_c
[1.145s] -- Using all available rosidl_typesupport_cpp: rosidl_typesupport_fastrtps_cpp;rosidl_typesupport_introspection_cpp
[1.255s] -- Found eigen3_cmake_module: 0.1.1 (/opt/ros/humble/share/eigen3_cmake_module/cmake)
[1.257s] -- Ensuring Eigen3 include directory is part of orocos-kdl CMake target
[1.310s] -- Found rmw_implementation_cmake: 6.1.2 (/opt/ros/humble/share/rmw_implementation_cmake/cmake)
[1.318s] -- Found rmw_fastrtps_cpp: 6.2.7 (/opt/ros/humble/share/rmw_fastrtps_cpp/cmake)
[1.525s] -- Using RMW implementation 'rmw_fastrtps_cpp' as default
[1.710s] -- Found xacro: 2.0.13 (/opt/ros/humble/share/xacro/cmake)
[1.710s] -- Found ament_lint_auto: 0.12.12 (/opt/ros/humble/share/ament_lint_auto/cmake)
[1.816s] -- Added test 'cppcheck' to perform static code analysis on C / C++ code
[1.816s] -- Configured cppcheck include dirs: 
[1.816s] -- Configured cppcheck exclude dirs and/or files: 
[1.819s] -- Added test 'flake8' to check Python code syntax and style conventions
[1.824s] -- Added test 'lint_cmake' to check CMake code style
[1.827s] -- Added test 'pep257' to check Python code against some of the docstring style conventions in PEP 257
[1.849s] -- Added test 'uncrustify' to check C / C++ code style
[1.849s] -- Configured uncrustify additional arguments: 
[1.852s] -- Added test 'xmllint' to check XML markup files
[1.854s] -- Configuring done
[1.860s] -- Generating done
[1.862s] -- Build files have been written to: /home/kkeeler/ros2_ws/build/urdf_tutorial
[1.874s] Invoked command in '/home/kkeeler/ros2_ws/build/urdf_tutorial' returned '0': CMAKE_PREFIX_PATH=${CMAKE_PREFIX_PATH}:/home/kkeeler/ros2_ws/install/skyforge:/home/kkeeler/ros2_ws/install/akabot_aruco:/home/kkeeler/install/moveit_configs_utils:/home/kkeeler/install/rosparam_shortcuts:/home/kkeeler/install/my_robot_controller:/home/kkeeler/install/launch_param_builder:/home/kkeeler/ws_moveit2/install/moveit_configs_utils:/home/kkeeler/ws_moveit2/install/launch_param_builder:/opt/ros/humble /usr/bin/cmake /home/kkeeler/ros2_ws/src/urdf_tutorial -DAMENT_CMAKE_SYMLINK_INSTALL=1 -DCMAKE_INSTALL_PREFIX=/home/kkeeler/ros2_ws/install/urdf_tutorial
[1.877s] Invoking command in '/home/kkeeler/ros2_ws/build/urdf_tutorial': CMAKE_PREFIX_PATH=${CMAKE_PREFIX_PATH}:/home/kkeeler/ros2_ws/install/skyforge:/home/kkeeler/ros2_ws/install/akabot_aruco:/home/kkeeler/install/moveit_configs_utils:/home/kkeeler/install/rosparam_shortcuts:/home/kkeeler/install/my_robot_controller:/home/kkeeler/install/launch_param_builder:/home/kkeeler/ws_moveit2/install/moveit_configs_utils:/home/kkeeler/ws_moveit2/install/launch_param_builder:/opt/ros/humble /usr/bin/cmake --build /home/kkeeler/ros2_ws/build/urdf_tutorial -- -j8 -l8
[1.971s] Invoked command in '/home/kkeeler/ros2_ws/build/urdf_tutorial' returned '0': CMAKE_PREFIX_PATH=${CMAKE_PREFIX_PATH}:/home/kkeeler/ros2_ws/install/skyforge:/home/kkeeler/ros2_ws/install/akabot_aruco:/home/kkeeler/install/moveit_configs_utils:/home/kkeeler/install/rosparam_shortcuts:/home/kkeeler/install/my_robot_controller:/home/kkeeler/install/launch_param_builder:/home/kkeeler/ws_moveit2/install/moveit_configs_utils:/home/kkeeler/ws_moveit2/install/launch_param_builder:/opt/ros/humble /usr/bin/cmake --build /home/kkeeler/ros2_ws/build/urdf_tutorial -- -j8 -l8
[1.972s] Invoking command in '/home/kkeeler/ros2_ws/build/urdf_tutorial': CMAKE_PREFIX_PATH=${CMAKE_PREFIX_PATH}:/home/kkeeler/ros2_ws/install/skyforge:/home/kkeeler/ros2_ws/install/akabot_aruco:/home/kkeeler/install/moveit_configs_utils:/home/kkeeler/install/rosparam_shortcuts:/home/kkeeler/install/my_robot_controller:/home/kkeeler/install/launch_param_builder:/home/kkeeler/ws_moveit2/install/moveit_configs_utils:/home/kkeeler/ws_moveit2/install/launch_param_builder:/opt/ros/humble /usr/bin/cmake --install /home/kkeeler/ros2_ws/build/urdf_tutorial
[1.989s] -- Install configuration: ""
[1.990s] -- Execute custom install script
[1.990s] -- Symlinking: /home/kkeeler/ros2_ws/install/urdf_tutorial/share/urdf_tutorial/urdf/robot_model_6_dof.urdf.xacro
[2.008s] -- Symlinking: /home/kkeeler/ros2_ws/install/urdf_tutorial/share/urdf_tutorial/launch/robot_6_dof.launch.py
[2.026s] -- Symlinking: /home/kkeeler/ros2_ws/install/urdf_tutorial/share/urdf_tutorial/config/r.rviz
[2.044s] -- Symlinking: /home/kkeeler/ros2_ws/install/urdf_tutorial/share/urdf_tutorial/config/robot_6_dof.rviz
[2.062s] -- Symlinking: /home/kkeeler/ros2_ws/install/urdf_tutorial/share/ament_index/resource_index/package_run_dependencies/urdf_tutorial
[2.080s] -- Symlinking: /home/kkeeler/ros2_ws/install/urdf_tutorial/share/ament_index/resource_index/parent_prefix_path/urdf_tutorial
[2.098s] -- Symlinking: /home/kkeeler/ros2_ws/install/urdf_tutorial/share/urdf_tutorial/environment/ament_prefix_path.sh
[2.116s] -- Symlinking: /home/kkeeler/ros2_ws/install/urdf_tutorial/share/urdf_tutorial/environment/ament_prefix_path.dsv
[2.133s] -- Symlinking: /home/kkeeler/ros2_ws/install/urdf_tutorial/share/urdf_tutorial/environment/path.sh
[2.151s] -- Symlinking: /home/kkeeler/ros2_ws/install/urdf_tutorial/share/urdf_tutorial/environment/path.dsv
[2.169s] -- Symlinking: /home/kkeeler/ros2_ws/install/urdf_tutorial/share/urdf_tutorial/local_setup.bash
[2.187s] -- Symlinking: /home/kkeeler/ros2_ws/install/urdf_tutorial/share/urdf_tutorial/local_setup.sh
[2.204s] -- Symlinking: /home/kkeeler/ros2_ws/install/urdf_tutorial/share/urdf_tutorial/local_setup.zsh
[2.222s] -- Symlinking: /home/kkeeler/ros2_ws/install/urdf_tutorial/share/urdf_tutorial/local_setup.dsv
[2.241s] -- Symlinking: /home/kkeeler/ros2_ws/install/urdf_tutorial/share/urdf_tutorial/package.dsv
[2.259s] -- Symlinking: /home/kkeeler/ros2_ws/install/urdf_tutorial/share/ament_index/resource_index/packages/urdf_tutorial
[2.277s] -- Symlinking: /home/kkeeler/ros2_ws/install/urdf_tutorial/share/urdf_tutorial/cmake/urdf_tutorialConfig.cmake
[2.295s] -- Symlinking: /home/kkeeler/ros2_ws/install/urdf_tutorial/share/urdf_tutorial/cmake/urdf_tutorialConfig-version.cmake
[2.313s] -- Symlinking: /home/kkeeler/ros2_ws/install/urdf_tutorial/share/urdf_tutorial/package.xml
[2.333s] Invoked command in '/home/kkeeler/ros2_ws/build/urdf_tutorial' returned '0': CMAKE_PREFIX_PATH=${CMAKE_PREFIX_PATH}:/home/kkeeler/ros2_ws/install/skyforge:/home/kkeeler/ros2_ws/install/akabot_aruco:/home/kkeeler/install/moveit_configs_utils:/home/kkeeler/install/rosparam_shortcuts:/home/kkeeler/install/my_robot_controller:/home/kkeeler/install/launch_param_builder:/home/kkeeler/ws_moveit2/install/moveit_configs_utils:/home/kkeeler/ws_moveit2/install/launch_param_builder:/opt/ros/humble /usr/bin/cmake --install /home/kkeeler/ros2_ws/build/urdf_tutorial
