running egg_info
creating ../../build/skyforge/skyforge.egg-info
writing ../../build/skyforge/skyforge.egg-info/PKG-INFO
writing dependency_links to ../../build/skyforge/skyforge.egg-info/dependency_links.txt
writing entry points to ../../build/skyforge/skyforge.egg-info/entry_points.txt
writing requirements to ../../build/skyforge/skyforge.egg-info/requires.txt
writing top-level names to ../../build/skyforge/skyforge.egg-info/top_level.txt
writing manifest file '../../build/skyforge/skyforge.egg-info/SOURCES.txt'
reading manifest file '../../build/skyforge/skyforge.egg-info/SOURCES.txt'
writing manifest file '../../build/skyforge/skyforge.egg-info/SOURCES.txt'
running build
running build_py
creating /home/kkeeler/ros2_ws/build/skyforge/build
creating /home/kkeeler/ros2_ws/build/skyforge/build/lib
creating /home/kkeeler/ros2_ws/build/skyforge/build/lib/skyforge
copying skyforge/__init__.py -> /home/kkeeler/ros2_ws/build/skyforge/build/lib/skyforge
copying skyforge/my_first_node.py -> /home/kkeeler/ros2_ws/build/skyforge/build/lib/skyforge
running install
running install_lib
creating /home/kkeeler/ros2_ws/install/skyforge/lib/python3.10/site-packages/skyforge
copying /home/kkeeler/ros2_ws/build/skyforge/build/lib/skyforge/__init__.py -> /home/kkeeler/ros2_ws/install/skyforge/lib/python3.10/site-packages/skyforge
copying /home/kkeeler/ros2_ws/build/skyforge/build/lib/skyforge/my_first_node.py -> /home/kkeeler/ros2_ws/install/skyforge/lib/python3.10/site-packages/skyforge
byte-compiling /home/kkeeler/ros2_ws/install/skyforge/lib/python3.10/site-packages/skyforge/__init__.py to __init__.cpython-310.pyc
byte-compiling /home/kkeeler/ros2_ws/install/skyforge/lib/python3.10/site-packages/skyforge/my_first_node.py to my_first_node.cpython-310.pyc
running install_data
creating /home/kkeeler/ros2_ws/install/skyforge/share/ament_index
creating /home/kkeeler/ros2_ws/install/skyforge/share/ament_index/resource_index
creating /home/kkeeler/ros2_ws/install/skyforge/share/ament_index/resource_index/packages
copying resource/skyforge -> /home/kkeeler/ros2_ws/install/skyforge/share/ament_index/resource_index/packages
copying package.xml -> /home/kkeeler/ros2_ws/install/skyforge/share/skyforge
creating /home/kkeeler/ros2_ws/install/skyforge/share/skyforge/launch
copying launch/view_robot.launch.py -> /home/kkeeler/ros2_ws/install/skyforge/share/skyforge/launch
creating /home/kkeeler/ros2_ws/install/skyforge/share/skyforge/urdf
copying urdf/system_arch_robot.urdf.xacro -> /home/kkeeler/ros2_ws/install/skyforge/share/skyforge/urdf
creating /home/kkeeler/ros2_ws/install/skyforge/share/skyforge/meshes
copying meshes/robot_arm.stl -> /home/kkeeler/ros2_ws/install/skyforge/share/skyforge/meshes
running install_egg_info
Copying ../../build/skyforge/skyforge.egg-info to /home/kkeeler/ros2_ws/install/skyforge/lib/python3.10/site-packages/skyforge-0.0.0-py3.10.egg-info
running install_scripts
Installing test script to /home/kkeeler/ros2_ws/install/skyforge/lib/skyforge
writing list of installed files to '/home/kkeeler/ros2_ws/build/skyforge/install.log'
