[1.589s] Invoking command in '/home/kkeeler/ros2_ws/src/skyforge': PYTHONPATH=/home/kkeeler/ros2_ws/build/skyforge/prefix_override:/usr/lib/python3/dist-packages/colcon_core/task/python/colcon_distutils_commands:/home/kkeeler/ros2_ws/install/skyforge/lib/python3.10/site-packages:${PYTHONPATH} /usr/bin/python3 -W ignore:setup.py install is deprecated -W ignore:easy_install command is deprecated setup.py egg_info --egg-base ../../build/skyforge build --build-base /home/kkeeler/ros2_ws/build/skyforge/build install --record /home/kkeeler/ros2_ws/build/skyforge/install.log --single-version-externally-managed install_data
[2.147s] running egg_info
[2.147s] creating ../../build/skyforge/skyforge.egg-info
[2.147s] writing ../../build/skyforge/skyforge.egg-info/PKG-INFO
[2.148s] writing dependency_links to ../../build/skyforge/skyforge.egg-info/dependency_links.txt
[2.148s] writing entry points to ../../build/skyforge/skyforge.egg-info/entry_points.txt
[2.148s] writing requirements to ../../build/skyforge/skyforge.egg-info/requires.txt
[2.148s] writing top-level names to ../../build/skyforge/skyforge.egg-info/top_level.txt
[2.148s] writing manifest file '../../build/skyforge/skyforge.egg-info/SOURCES.txt'
[2.150s] reading manifest file '../../build/skyforge/skyforge.egg-info/SOURCES.txt'
[2.150s] writing manifest file '../../build/skyforge/skyforge.egg-info/SOURCES.txt'
[2.150s] running build
[2.151s] running build_py
[2.151s] creating /home/kkeeler/ros2_ws/build/skyforge/build
[2.151s] creating /home/kkeeler/ros2_ws/build/skyforge/build/lib
[2.151s] creating /home/kkeeler/ros2_ws/build/skyforge/build/lib/skyforge
[2.151s] copying skyforge/__init__.py -> /home/kkeeler/ros2_ws/build/skyforge/build/lib/skyforge
[2.151s] copying skyforge/my_first_node.py -> /home/kkeeler/ros2_ws/build/skyforge/build/lib/skyforge
[2.151s] running install
[2.151s] running install_lib
[2.152s] creating /home/kkeeler/ros2_ws/install/skyforge/lib/python3.10/site-packages/skyforge
[2.153s] copying /home/kkeeler/ros2_ws/build/skyforge/build/lib/skyforge/__init__.py -> /home/kkeeler/ros2_ws/install/skyforge/lib/python3.10/site-packages/skyforge
[2.153s] copying /home/kkeeler/ros2_ws/build/skyforge/build/lib/skyforge/my_first_node.py -> /home/kkeeler/ros2_ws/install/skyforge/lib/python3.10/site-packages/skyforge
[2.154s] byte-compiling /home/kkeeler/ros2_ws/install/skyforge/lib/python3.10/site-packages/skyforge/__init__.py to __init__.cpython-310.pyc
[2.154s] byte-compiling /home/kkeeler/ros2_ws/install/skyforge/lib/python3.10/site-packages/skyforge/my_first_node.py to my_first_node.cpython-310.pyc
[2.154s] running install_data
[2.155s] creating /home/kkeeler/ros2_ws/install/skyforge/share/ament_index
[2.155s] creating /home/kkeeler/ros2_ws/install/skyforge/share/ament_index/resource_index
[2.155s] creating /home/kkeeler/ros2_ws/install/skyforge/share/ament_index/resource_index/packages
[2.156s] copying resource/skyforge -> /home/kkeeler/ros2_ws/install/skyforge/share/ament_index/resource_index/packages
[2.156s] copying package.xml -> /home/kkeeler/ros2_ws/install/skyforge/share/skyforge
[2.157s] creating /home/kkeeler/ros2_ws/install/skyforge/share/skyforge/launch
[2.158s] copying launch/view_robot.launch.py -> /home/kkeeler/ros2_ws/install/skyforge/share/skyforge/launch
[2.158s] creating /home/kkeeler/ros2_ws/install/skyforge/share/skyforge/urdf
[2.158s] copying urdf/system_arch_robot.urdf.xacro -> /home/kkeeler/ros2_ws/install/skyforge/share/skyforge/urdf
[2.158s] creating /home/kkeeler/ros2_ws/install/skyforge/share/skyforge/meshes
[2.158s] copying meshes/robot_arm.stl -> /home/kkeeler/ros2_ws/install/skyforge/share/skyforge/meshes
[2.160s] running install_egg_info
[2.161s] Copying ../../build/skyforge/skyforge.egg-info to /home/kkeeler/ros2_ws/install/skyforge/lib/python3.10/site-packages/skyforge-0.0.0-py3.10.egg-info
[2.161s] running install_scripts
[2.201s] Installing test script to /home/kkeeler/ros2_ws/install/skyforge/lib/skyforge
[2.202s] writing list of installed files to '/home/kkeeler/ros2_ws/build/skyforge/install.log'
[2.265s] Invoked command in '/home/kkeeler/ros2_ws/src/skyforge' returned '0': PYTHONPATH=/home/kkeeler/ros2_ws/build/skyforge/prefix_override:/usr/lib/python3/dist-packages/colcon_core/task/python/colcon_distutils_commands:/home/kkeeler/ros2_ws/install/skyforge/lib/python3.10/site-packages:${PYTHONPATH} /usr/bin/python3 -W ignore:setup.py install is deprecated -W ignore:easy_install command is deprecated setup.py egg_info --egg-base ../../build/skyforge build --build-base /home/kkeeler/ros2_ws/build/skyforge/build install --record /home/kkeeler/ros2_ws/build/skyforge/install.log --single-version-externally-managed install_data
