[0.393s] Invoking command in '/home/kkeeler/ros2_ws/src/akabot-main/build/akabot_bringup': CMAKE_PREFIX_PATH=${CMAKE_PREFIX_PATH}:/home/kkeeler/ros2_ws/install/skyforge:/home/kkeeler/ros2_ws/install/akabot_aruco:/home/kkeeler/install/moveit_configs_utils:/home/kkeeler/install/rosparam_shortcuts:/home/kkeeler/install/my_robot_controller:/home/kkeeler/install/launch_param_builder:/home/kkeeler/ws_moveit2/install/moveit_configs_utils:/home/kkeeler/ws_moveit2/install/launch_param_builder:/opt/ros/humble /usr/bin/cmake /home/kkeeler/ros2_ws/src/akabot-main/akabot_bringup -DCMAKE_INSTALL_PREFIX=/home/kkeeler/ros2_ws/src/akabot-main/install/akabot_bringup
[0.522s] -- The C compiler identification is GNU 11.4.0
[0.625s] -- The CXX compiler identification is GNU 11.4.0
[0.642s] -- Detecting C compiler ABI info
[0.841s] -- Detecting C compiler ABI info - done
[0.856s] -- Check for working C compiler: /usr/bin/cc - skipped
[0.856s] -- Detecting C compile features
[0.856s] -- Detecting C compile features - done
[0.861s] -- Detecting CXX compiler ABI info
[1.069s] -- Detecting CXX compiler ABI info - done
[1.089s] -- Check for working CXX compiler: /usr/bin/c++ - skipped
[1.089s] -- Detecting CXX compile features
[1.089s] -- Detecting CXX compile features - done
[1.109s] -- Found ament_cmake: 1.3.11 (/opt/ros/humble/share/ament_cmake/cmake)
[1.475s] -- Found Python3: /usr/bin/python3 (found version "3.10.12") found components: Interpreter 
[1.950s] -- Configuring done
[1.953s] -- Generating done
[1.956s] -- Build files have been written to: /home/kkeeler/ros2_ws/src/akabot-main/build/akabot_bringup
[1.962s] Invoked command in '/home/kkeeler/ros2_ws/src/akabot-main/build/akabot_bringup' returned '0': CMAKE_PREFIX_PATH=${CMAKE_PREFIX_PATH}:/home/kkeeler/ros2_ws/install/skyforge:/home/kkeeler/ros2_ws/install/akabot_aruco:/home/kkeeler/install/moveit_configs_utils:/home/kkeeler/install/rosparam_shortcuts:/home/kkeeler/install/my_robot_controller:/home/kkeeler/install/launch_param_builder:/home/kkeeler/ws_moveit2/install/moveit_configs_utils:/home/kkeeler/ws_moveit2/install/launch_param_builder:/opt/ros/humble /usr/bin/cmake /home/kkeeler/ros2_ws/src/akabot-main/akabot_bringup -DCMAKE_INSTALL_PREFIX=/home/kkeeler/ros2_ws/src/akabot-main/install/akabot_bringup
[1.964s] Invoking command in '/home/kkeeler/ros2_ws/src/akabot-main/build/akabot_bringup': CMAKE_PREFIX_PATH=${CMAKE_PREFIX_PATH}:/home/kkeeler/ros2_ws/install/skyforge:/home/kkeeler/ros2_ws/install/akabot_aruco:/home/kkeeler/install/moveit_configs_utils:/home/kkeeler/install/rosparam_shortcuts:/home/kkeeler/install/my_robot_controller:/home/kkeeler/install/launch_param_builder:/home/kkeeler/ws_moveit2/install/moveit_configs_utils:/home/kkeeler/ws_moveit2/install/launch_param_builder:/opt/ros/humble /usr/bin/cmake --build /home/kkeeler/ros2_ws/src/akabot-main/build/akabot_bringup -- -j8 -l8
[2.049s] Invoked command in '/home/kkeeler/ros2_ws/src/akabot-main/build/akabot_bringup' returned '0': CMAKE_PREFIX_PATH=${CMAKE_PREFIX_PATH}:/home/kkeeler/ros2_ws/install/skyforge:/home/kkeeler/ros2_ws/install/akabot_aruco:/home/kkeeler/install/moveit_configs_utils:/home/kkeeler/install/rosparam_shortcuts:/home/kkeeler/install/my_robot_controller:/home/kkeeler/install/launch_param_builder:/home/kkeeler/ws_moveit2/install/moveit_configs_utils:/home/kkeeler/ws_moveit2/install/launch_param_builder:/opt/ros/humble /usr/bin/cmake --build /home/kkeeler/ros2_ws/src/akabot-main/build/akabot_bringup -- -j8 -l8
[2.051s] Invoking command in '/home/kkeeler/ros2_ws/src/akabot-main/build/akabot_bringup': CMAKE_PREFIX_PATH=${CMAKE_PREFIX_PATH}:/home/kkeeler/ros2_ws/install/skyforge:/home/kkeeler/ros2_ws/install/akabot_aruco:/home/kkeeler/install/moveit_configs_utils:/home/kkeeler/install/rosparam_shortcuts:/home/kkeeler/install/my_robot_controller:/home/kkeeler/install/launch_param_builder:/home/kkeeler/ws_moveit2/install/moveit_configs_utils:/home/kkeeler/ws_moveit2/install/launch_param_builder:/opt/ros/humble /usr/bin/cmake --install /home/kkeeler/ros2_ws/src/akabot-main/build/akabot_bringup
[2.068s] -- Install configuration: ""
[2.068s] -- Installing: /home/kkeeler/ros2_ws/src/akabot-main/install/akabot_bringup/share/akabot_bringup/config
[2.069s] -- Installing: /home/kkeeler/ros2_ws/src/akabot-main/install/akabot_bringup/share/akabot_bringup/config/ros2_controllers.yaml
[2.069s] -- Installing: /home/kkeeler/ros2_ws/src/akabot-main/install/akabot_bringup/share/akabot_bringup/launch
[2.069s] -- Installing: /home/kkeeler/ros2_ws/src/akabot-main/install/akabot_bringup/share/akabot_bringup/launch/bringup_all.launch.py
[2.069s] -- Installing: /home/kkeeler/ros2_ws/src/akabot-main/install/akabot_bringup/share/ament_index/resource_index/package_run_dependencies/akabot_bringup
[2.069s] -- Installing: /home/kkeeler/ros2_ws/src/akabot-main/install/akabot_bringup/share/ament_index/resource_index/parent_prefix_path/akabot_bringup
[2.069s] -- Installing: /home/kkeeler/ros2_ws/src/akabot-main/install/akabot_bringup/share/akabot_bringup/environment/ament_prefix_path.sh
[2.069s] -- Installing: /home/kkeeler/ros2_ws/src/akabot-main/install/akabot_bringup/share/akabot_bringup/environment/ament_prefix_path.dsv
[2.070s] -- Installing: /home/kkeeler/ros2_ws/src/akabot-main/install/akabot_bringup/share/akabot_bringup/environment/path.sh
[2.070s] -- Installing: /home/kkeeler/ros2_ws/src/akabot-main/install/akabot_bringup/share/akabot_bringup/environment/path.dsv
[2.070s] -- Installing: /home/kkeeler/ros2_ws/src/akabot-main/install/akabot_bringup/share/akabot_bringup/local_setup.bash
[2.070s] -- Installing: /home/kkeeler/ros2_ws/src/akabot-main/install/akabot_bringup/share/akabot_bringup/local_setup.sh
[2.070s] -- Installing: /home/kkeeler/ros2_ws/src/akabot-main/install/akabot_bringup/share/akabot_bringup/local_setup.zsh
[2.071s] -- Installing: /home/kkeeler/ros2_ws/src/akabot-main/install/akabot_bringup/share/akabot_bringup/local_setup.dsv
[2.071s] -- Installing: /home/kkeeler/ros2_ws/src/akabot-main/install/akabot_bringup/share/akabot_bringup/package.dsv
[2.071s] -- Installing: /home/kkeeler/ros2_ws/src/akabot-main/install/akabot_bringup/share/ament_index/resource_index/packages/akabot_bringup
[2.071s] -- Installing: /home/kkeeler/ros2_ws/src/akabot-main/install/akabot_bringup/share/akabot_bringup/cmake/akabot_bringupConfig.cmake
[2.071s] -- Installing: /home/kkeeler/ros2_ws/src/akabot-main/install/akabot_bringup/share/akabot_bringup/cmake/akabot_bringupConfig-version.cmake
[2.071s] -- Installing: /home/kkeeler/ros2_ws/src/akabot-main/install/akabot_bringup/share/akabot_bringup/package.xml
[2.074s] Invoked command in '/home/kkeeler/ros2_ws/src/akabot-main/build/akabot_bringup' returned '0': CMAKE_PREFIX_PATH=${CMAKE_PREFIX_PATH}:/home/kkeeler/ros2_ws/install/skyforge:/home/kkeeler/ros2_ws/install/akabot_aruco:/home/kkeeler/install/moveit_configs_utils:/home/kkeeler/install/rosparam_shortcuts:/home/kkeeler/install/my_robot_controller:/home/kkeeler/install/launch_param_builder:/home/kkeeler/ws_moveit2/install/moveit_configs_utils:/home/kkeeler/ws_moveit2/install/launch_param_builder:/opt/ros/humble /usr/bin/cmake --install /home/kkeeler/ros2_ws/src/akabot-main/build/akabot_bringup
