[0.357s] Invoking command in '/home/kkeeler/ros2_ws/build/robot_description': CMAKE_PREFIX_PATH=${CMAKE_PREFIX_PATH}:/home/kkeeler/ros2_ws/install/skyforge:/home/kkeeler/ros2_ws/install/akabot_aruco:/home/kkeeler/install/moveit_configs_utils:/home/kkeeler/install/rosparam_shortcuts:/home/kkeeler/install/my_robot_controller:/home/kkeeler/install/launch_param_builder:/home/kkeeler/ws_moveit2/install/moveit_configs_utils:/home/kkeeler/ws_moveit2/install/launch_param_builder:/opt/ros/humble /usr/bin/cmake --build /home/kkeeler/ros2_ws/build/robot_description -- -j8 -l8
[0.693s] Invoked command in '/home/kkeeler/ros2_ws/build/robot_description' returned '0': CMAKE_PREFIX_PATH=${CMAKE_PREFIX_PATH}:/home/kkeeler/ros2_ws/install/skyforge:/home/kkeeler/ros2_ws/install/akabot_aruco:/home/kkeeler/install/moveit_configs_utils:/home/kkeeler/install/rosparam_shortcuts:/home/kkeeler/install/my_robot_controller:/home/kkeeler/install/launch_param_builder:/home/kkeeler/ws_moveit2/install/moveit_configs_utils:/home/kkeeler/ws_moveit2/install/launch_param_builder:/opt/ros/humble /usr/bin/cmake --build /home/kkeeler/ros2_ws/build/robot_description -- -j8 -l8
[0.694s] Invoking command in '/home/kkeeler/ros2_ws/build/robot_description': CMAKE_PREFIX_PATH=${CMAKE_PREFIX_PATH}:/home/kkeeler/ros2_ws/install/skyforge:/home/kkeeler/ros2_ws/install/akabot_aruco:/home/kkeeler/install/moveit_configs_utils:/home/kkeeler/install/rosparam_shortcuts:/home/kkeeler/install/my_robot_controller:/home/kkeeler/install/launch_param_builder:/home/kkeeler/ws_moveit2/install/moveit_configs_utils:/home/kkeeler/ws_moveit2/install/launch_param_builder:/opt/ros/humble /usr/bin/cmake --install /home/kkeeler/ros2_ws/build/robot_description
[0.723s] -- Install configuration: ""
[0.723s] -- Execute custom install script
[0.723s] -- Up-to-date symlink: /home/kkeeler/ros2_ws/install/robot_description/share/ament_index/resource_index/package_run_dependencies/robot_description
[0.723s] -- Up-to-date symlink: /home/kkeeler/ros2_ws/install/robot_description/share/ament_index/resource_index/parent_prefix_path/robot_description
[0.723s] -- Up-to-date symlink: /home/kkeeler/ros2_ws/install/robot_description/share/robot_description/environment/ament_prefix_path.sh
[0.723s] -- Up-to-date symlink: /home/kkeeler/ros2_ws/install/robot_description/share/robot_description/environment/ament_prefix_path.dsv
[0.724s] -- Up-to-date symlink: /home/kkeeler/ros2_ws/install/robot_description/share/robot_description/environment/path.sh
[0.724s] -- Up-to-date symlink: /home/kkeeler/ros2_ws/install/robot_description/share/robot_description/environment/path.dsv
[0.724s] -- Up-to-date symlink: /home/kkeeler/ros2_ws/install/robot_description/share/robot_description/local_setup.bash
[0.724s] -- Up-to-date symlink: /home/kkeeler/ros2_ws/install/robot_description/share/robot_description/local_setup.sh
[0.724s] -- Up-to-date symlink: /home/kkeeler/ros2_ws/install/robot_description/share/robot_description/local_setup.zsh
[0.724s] -- Up-to-date symlink: /home/kkeeler/ros2_ws/install/robot_description/share/robot_description/local_setup.dsv
[0.724s] -- Symlinking: /home/kkeeler/ros2_ws/install/robot_description/share/robot_description/package.dsv
[0.747s] -- Up-to-date symlink: /home/kkeeler/ros2_ws/install/robot_description/share/ament_index/resource_index/packages/robot_description
[0.747s] -- Up-to-date symlink: /home/kkeeler/ros2_ws/install/robot_description/share/robot_description/cmake/robot_descriptionConfig.cmake
[0.747s] -- Up-to-date symlink: /home/kkeeler/ros2_ws/install/robot_description/share/robot_description/cmake/robot_descriptionConfig-version.cmake
[0.747s] -- Up-to-date symlink: /home/kkeeler/ros2_ws/install/robot_description/share/robot_description/package.xml
[0.779s] Invoked command in '/home/kkeeler/ros2_ws/build/robot_description' returned '0': CMAKE_PREFIX_PATH=${CMAKE_PREFIX_PATH}:/home/kkeeler/ros2_ws/install/skyforge:/home/kkeeler/ros2_ws/install/akabot_aruco:/home/kkeeler/install/moveit_configs_utils:/home/kkeeler/install/rosparam_shortcuts:/home/kkeeler/install/my_robot_controller:/home/kkeeler/install/launch_param_builder:/home/kkeeler/ws_moveit2/install/moveit_configs_utils:/home/kkeeler/ws_moveit2/install/launch_param_builder:/opt/ros/humble /usr/bin/cmake --install /home/kkeeler/ros2_ws/build/robot_description
