[0.063s] Invoking command in '/home/kkeeler/ros2_ws/src/akabot-main/build/akabot': CMAKE_PREFIX_PATH=${CMAKE_PREFIX_PATH}:/home/kkeeler/ros2_ws/install/skyforge:/home/kkeeler/ros2_ws/install/akabot_aruco:/home/kkeeler/install/moveit_configs_utils:/home/kkeeler/install/rosparam_shortcuts:/home/kkeeler/install/my_robot_controller:/home/kkeeler/install/launch_param_builder:/home/kkeeler/ws_moveit2/install/moveit_configs_utils:/home/kkeeler/ws_moveit2/install/launch_param_builder:/opt/ros/humble /usr/bin/cmake /home/kkeeler/ros2_ws/src/akabot-main/akabot -DCMAKE_INSTALL_PREFIX=/home/kkeeler/ros2_ws/src/akabot-main/install/akabot
[0.426s] -- The C compiler identification is GNU 11.4.0
[0.426s] -- The CXX compiler identification is GNU 11.4.0
[0.426s] -- Detecting C compiler ABI info
[0.445s] -- Detecting C compiler ABI info - done
[0.463s] -- Check for working C compiler: /usr/bin/cc - skipped
[0.463s] -- Detecting C compile features
[0.463s] -- Detecting C compile features - done
[0.468s] -- Detecting CXX compiler ABI info
[0.632s] -- Detecting CXX compiler ABI info - done
[0.643s] -- Check for working CXX compiler: /usr/bin/c++ - skipped
[0.643s] -- Detecting CXX compile features
[0.643s] -- Detecting CXX compile features - done
[0.666s] -- Found ament_cmake: 1.3.11 (/opt/ros/humble/share/ament_cmake/cmake)
[1.030s] -- Found Python3: /usr/bin/python3 (found version "3.10.12") found components: Interpreter 
[1.510s] -- Found ament_lint_auto: 0.12.12 (/opt/ros/humble/share/ament_lint_auto/cmake)
[1.766s] -- Added test 'lint_cmake' to check CMake code style
[1.769s] -- Added test 'xmllint' to check XML markup files
[1.776s] -- Configuring done
[1.780s] -- Generating done
[1.782s] -- Build files have been written to: /home/kkeeler/ros2_ws/src/akabot-main/build/akabot
[1.787s] Invoked command in '/home/kkeeler/ros2_ws/src/akabot-main/build/akabot' returned '0': CMAKE_PREFIX_PATH=${CMAKE_PREFIX_PATH}:/home/kkeeler/ros2_ws/install/skyforge:/home/kkeeler/ros2_ws/install/akabot_aruco:/home/kkeeler/install/moveit_configs_utils:/home/kkeeler/install/rosparam_shortcuts:/home/kkeeler/install/my_robot_controller:/home/kkeeler/install/launch_param_builder:/home/kkeeler/ws_moveit2/install/moveit_configs_utils:/home/kkeeler/ws_moveit2/install/launch_param_builder:/opt/ros/humble /usr/bin/cmake /home/kkeeler/ros2_ws/src/akabot-main/akabot -DCMAKE_INSTALL_PREFIX=/home/kkeeler/ros2_ws/src/akabot-main/install/akabot
[1.790s] Invoking command in '/home/kkeeler/ros2_ws/src/akabot-main/build/akabot': CMAKE_PREFIX_PATH=${CMAKE_PREFIX_PATH}:/home/kkeeler/ros2_ws/install/skyforge:/home/kkeeler/ros2_ws/install/akabot_aruco:/home/kkeeler/install/moveit_configs_utils:/home/kkeeler/install/rosparam_shortcuts:/home/kkeeler/install/my_robot_controller:/home/kkeeler/install/launch_param_builder:/home/kkeeler/ws_moveit2/install/moveit_configs_utils:/home/kkeeler/ws_moveit2/install/launch_param_builder:/opt/ros/humble /usr/bin/cmake --build /home/kkeeler/ros2_ws/src/akabot-main/build/akabot -- -j8 -l8
[1.876s] Invoked command in '/home/kkeeler/ros2_ws/src/akabot-main/build/akabot' returned '0': CMAKE_PREFIX_PATH=${CMAKE_PREFIX_PATH}:/home/kkeeler/ros2_ws/install/skyforge:/home/kkeeler/ros2_ws/install/akabot_aruco:/home/kkeeler/install/moveit_configs_utils:/home/kkeeler/install/rosparam_shortcuts:/home/kkeeler/install/my_robot_controller:/home/kkeeler/install/launch_param_builder:/home/kkeeler/ws_moveit2/install/moveit_configs_utils:/home/kkeeler/ws_moveit2/install/launch_param_builder:/opt/ros/humble /usr/bin/cmake --build /home/kkeeler/ros2_ws/src/akabot-main/build/akabot -- -j8 -l8
[1.898s] Invoking command in '/home/kkeeler/ros2_ws/src/akabot-main/build/akabot': CMAKE_PREFIX_PATH=${CMAKE_PREFIX_PATH}:/home/kkeeler/ros2_ws/install/skyforge:/home/kkeeler/ros2_ws/install/akabot_aruco:/home/kkeeler/install/moveit_configs_utils:/home/kkeeler/install/rosparam_shortcuts:/home/kkeeler/install/my_robot_controller:/home/kkeeler/install/launch_param_builder:/home/kkeeler/ws_moveit2/install/moveit_configs_utils:/home/kkeeler/ws_moveit2/install/launch_param_builder:/opt/ros/humble /usr/bin/cmake --install /home/kkeeler/ros2_ws/src/akabot-main/build/akabot
[1.915s] -- Install configuration: ""
[1.915s] -- Installing: /home/kkeeler/ros2_ws/src/akabot-main/install/akabot/share/ament_index/resource_index/package_run_dependencies/akabot
[1.915s] -- Installing: /home/kkeeler/ros2_ws/src/akabot-main/install/akabot/share/ament_index/resource_index/parent_prefix_path/akabot
[1.915s] -- Installing: /home/kkeeler/ros2_ws/src/akabot-main/install/akabot/share/akabot/environment/ament_prefix_path.sh
[1.916s] -- Installing: /home/kkeeler/ros2_ws/src/akabot-main/install/akabot/share/akabot/environment/ament_prefix_path.dsv
[1.916s] -- Installing: /home/kkeeler/ros2_ws/src/akabot-main/install/akabot/share/akabot/environment/path.sh
[1.916s] -- Installing: /home/kkeeler/ros2_ws/src/akabot-main/install/akabot/share/akabot/environment/path.dsv
[1.916s] -- Installing: /home/kkeeler/ros2_ws/src/akabot-main/install/akabot/share/akabot/local_setup.bash
[1.916s] -- Installing: /home/kkeeler/ros2_ws/src/akabot-main/install/akabot/share/akabot/local_setup.sh
[1.916s] -- Installing: /home/kkeeler/ros2_ws/src/akabot-main/install/akabot/share/akabot/local_setup.zsh
[1.917s] -- Installing: /home/kkeeler/ros2_ws/src/akabot-main/install/akabot/share/akabot/local_setup.dsv
[1.917s] -- Installing: /home/kkeeler/ros2_ws/src/akabot-main/install/akabot/share/akabot/package.dsv
[1.917s] -- Installing: /home/kkeeler/ros2_ws/src/akabot-main/install/akabot/share/ament_index/resource_index/packages/akabot
[1.917s] -- Installing: /home/kkeeler/ros2_ws/src/akabot-main/install/akabot/share/akabot/cmake/akabotConfig.cmake
[1.917s] -- Installing: /home/kkeeler/ros2_ws/src/akabot-main/install/akabot/share/akabot/cmake/akabotConfig-version.cmake
[1.917s] -- Installing: /home/kkeeler/ros2_ws/src/akabot-main/install/akabot/share/akabot/package.xml
[1.921s] Invoked command in '/home/kkeeler/ros2_ws/src/akabot-main/build/akabot' returned '0': CMAKE_PREFIX_PATH=${CMAKE_PREFIX_PATH}:/home/kkeeler/ros2_ws/install/skyforge:/home/kkeeler/ros2_ws/install/akabot_aruco:/home/kkeeler/install/moveit_configs_utils:/home/kkeeler/install/rosparam_shortcuts:/home/kkeeler/install/my_robot_controller:/home/kkeeler/install/launch_param_builder:/home/kkeeler/ws_moveit2/install/moveit_configs_utils:/home/kkeeler/ws_moveit2/install/launch_param_builder:/opt/ros/humble /usr/bin/cmake --install /home/kkeeler/ros2_ws/src/akabot-main/build/akabot
