[0.663s] Invoking command in '/home/kkeeler/ros2_ws/build/urdf_tutorial': CMAKE_PREFIX_PATH=${CMAKE_PREFIX_PATH}:/home/kkeeler/ros2_ws/install/skyforge:/home/kkeeler/ros2_ws/install/akabot_aruco:/home/kkeeler/install/moveit_configs_utils:/home/kkeeler/install/rosparam_shortcuts:/home/kkeeler/install/my_robot_controller:/home/kkeeler/install/launch_param_builder:/home/kkeeler/ws_moveit2/install/moveit_configs_utils:/home/kkeeler/ws_moveit2/install/launch_param_builder:/opt/ros/humble /usr/bin/cmake --build /home/kkeeler/ros2_ws/build/urdf_tutorial -- -j8 -l8
[0.801s] Invoked command in '/home/kkeeler/ros2_ws/build/urdf_tutorial' returned '0': CMAKE_PREFIX_PATH=${CMAKE_PREFIX_PATH}:/home/kkeeler/ros2_ws/install/skyforge:/home/kkeeler/ros2_ws/install/akabot_aruco:/home/kkeeler/install/moveit_configs_utils:/home/kkeeler/install/rosparam_shortcuts:/home/kkeeler/install/my_robot_controller:/home/kkeeler/install/launch_param_builder:/home/kkeeler/ws_moveit2/install/moveit_configs_utils:/home/kkeeler/ws_moveit2/install/launch_param_builder:/opt/ros/humble /usr/bin/cmake --build /home/kkeeler/ros2_ws/build/urdf_tutorial -- -j8 -l8
[0.803s] Invoking command in '/home/kkeeler/ros2_ws/build/urdf_tutorial': CMAKE_PREFIX_PATH=${CMAKE_PREFIX_PATH}:/home/kkeeler/ros2_ws/install/skyforge:/home/kkeeler/ros2_ws/install/akabot_aruco:/home/kkeeler/install/moveit_configs_utils:/home/kkeeler/install/rosparam_shortcuts:/home/kkeeler/install/my_robot_controller:/home/kkeeler/install/launch_param_builder:/home/kkeeler/ws_moveit2/install/moveit_configs_utils:/home/kkeeler/ws_moveit2/install/launch_param_builder:/opt/ros/humble /usr/bin/cmake --install /home/kkeeler/ros2_ws/build/urdf_tutorial
[0.822s] -- Install configuration: ""
[0.823s] -- Execute custom install script
[0.823s] -- Up-to-date symlink: /home/kkeeler/ros2_ws/install/urdf_tutorial/share/urdf_tutorial/urdf/robot_model_6_dof.urdf.xacro
[0.823s] -- Up-to-date symlink: /home/kkeeler/ros2_ws/install/urdf_tutorial/share/urdf_tutorial/launch/robot_6_dof.launch.py
[0.824s] -- Up-to-date symlink: /home/kkeeler/ros2_ws/install/urdf_tutorial/share/urdf_tutorial/config/r.rviz
[0.824s] -- Up-to-date symlink: /home/kkeeler/ros2_ws/install/urdf_tutorial/share/urdf_tutorial/config/robot_6_dof.rviz
[0.824s] -- Up-to-date symlink: /home/kkeeler/ros2_ws/install/urdf_tutorial/share/ament_index/resource_index/package_run_dependencies/urdf_tutorial
[0.824s] -- Up-to-date symlink: /home/kkeeler/ros2_ws/install/urdf_tutorial/share/ament_index/resource_index/parent_prefix_path/urdf_tutorial
[0.825s] -- Up-to-date symlink: /home/kkeeler/ros2_ws/install/urdf_tutorial/share/urdf_tutorial/environment/ament_prefix_path.sh
[0.825s] -- Up-to-date symlink: /home/kkeeler/ros2_ws/install/urdf_tutorial/share/urdf_tutorial/environment/ament_prefix_path.dsv
[0.825s] -- Up-to-date symlink: /home/kkeeler/ros2_ws/install/urdf_tutorial/share/urdf_tutorial/environment/path.sh
[0.825s] -- Up-to-date symlink: /home/kkeeler/ros2_ws/install/urdf_tutorial/share/urdf_tutorial/environment/path.dsv
[0.826s] -- Up-to-date symlink: /home/kkeeler/ros2_ws/install/urdf_tutorial/share/urdf_tutorial/local_setup.bash
[0.826s] -- Up-to-date symlink: /home/kkeeler/ros2_ws/install/urdf_tutorial/share/urdf_tutorial/local_setup.sh
[0.826s] -- Up-to-date symlink: /home/kkeeler/ros2_ws/install/urdf_tutorial/share/urdf_tutorial/local_setup.zsh
[0.826s] -- Up-to-date symlink: /home/kkeeler/ros2_ws/install/urdf_tutorial/share/urdf_tutorial/local_setup.dsv
[0.826s] -- Symlinking: /home/kkeeler/ros2_ws/install/urdf_tutorial/share/urdf_tutorial/package.dsv
[0.845s] -- Up-to-date symlink: /home/kkeeler/ros2_ws/install/urdf_tutorial/share/ament_index/resource_index/packages/urdf_tutorial
[0.845s] -- Up-to-date symlink: /home/kkeeler/ros2_ws/install/urdf_tutorial/share/urdf_tutorial/cmake/urdf_tutorialConfig.cmake
[0.845s] -- Up-to-date symlink: /home/kkeeler/ros2_ws/install/urdf_tutorial/share/urdf_tutorial/cmake/urdf_tutorialConfig-version.cmake
[0.845s] -- Up-to-date symlink: /home/kkeeler/ros2_ws/install/urdf_tutorial/share/urdf_tutorial/package.xml
[0.848s] Invoked command in '/home/kkeeler/ros2_ws/build/urdf_tutorial' returned '0': CMAKE_PREFIX_PATH=${CMAKE_PREFIX_PATH}:/home/kkeeler/ros2_ws/install/skyforge:/home/kkeeler/ros2_ws/install/akabot_aruco:/home/kkeeler/install/moveit_configs_utils:/home/kkeeler/install/rosparam_shortcuts:/home/kkeeler/install/my_robot_controller:/home/kkeeler/install/launch_param_builder:/home/kkeeler/ws_moveit2/install/moveit_configs_utils:/home/kkeeler/ws_moveit2/install/launch_param_builder:/opt/ros/humble /usr/bin/cmake --install /home/kkeeler/ros2_ws/build/urdf_tutorial
