[1.213s] Invoking command in '/home/kkeeler/ros2_ws/build/skyforge': PYTHONPATH=/home/kkeeler/ros2_ws/build/skyforge/prefix_override:/usr/lib/python3/dist-packages/colcon_core/task/python/colcon_distutils_commands:/home/kkeeler/ros2_ws/install/skyforge/lib/python3.10/site-packages:${PYTHONPATH} /usr/bin/python3 -W ignore:setup.py install is deprecated -W ignore:easy_install command is deprecated setup.py develop --uninstall --editable --build-directory /home/kkeeler/ros2_ws/build/skyforge/build
[1.514s] running develop
[1.715s] Removing /home/kkeeler/ros2_ws/install/skyforge/lib/python3.10/site-packages/skyforge.egg-link (link to .)
[1.748s] Invoked command in '/home/kkeeler/ros2_ws/build/skyforge' returned '0': PYTHONPATH=/home/kkeeler/ros2_ws/build/skyforge/prefix_override:/usr/lib/python3/dist-packages/colcon_core/task/python/colcon_distutils_commands:/home/kkeeler/ros2_ws/install/skyforge/lib/python3.10/site-packages:${PYTHONPATH} /usr/bin/python3 -W ignore:setup.py install is deprecated -W ignore:easy_install command is deprecated setup.py develop --uninstall --editable --build-directory /home/kkeeler/ros2_ws/build/skyforge/build
[1.749s] Invoking command in '/home/kkeeler/ros2_ws/src/skyforge': PYTHONPATH=/home/kkeeler/ros2_ws/build/skyforge/prefix_override:/usr/lib/python3/dist-packages/colcon_core/task/python/colcon_distutils_commands:/home/kkeeler/ros2_ws/install/skyforge/lib/python3.10/site-packages:${PYTHONPATH} /usr/bin/python3 -W ignore:setup.py install is deprecated -W ignore:easy_install command is deprecated setup.py egg_info --egg-base ../../build/skyforge build --build-base /home/kkeeler/ros2_ws/build/skyforge/build install --record /home/kkeeler/ros2_ws/build/skyforge/install.log --single-version-externally-managed install_data --force
[2.024s] running egg_info
[2.025s] writing ../../build/skyforge/skyforge.egg-info/PKG-INFO
[2.025s] writing dependency_links to ../../build/skyforge/skyforge.egg-info/dependency_links.txt
[2.025s] writing entry points to ../../build/skyforge/skyforge.egg-info/entry_points.txt
[2.026s] writing requirements to ../../build/skyforge/skyforge.egg-info/requires.txt
[2.026s] writing top-level names to ../../build/skyforge/skyforge.egg-info/top_level.txt
[2.027s] reading manifest file '../../build/skyforge/skyforge.egg-info/SOURCES.txt'
[2.028s] writing manifest file '../../build/skyforge/skyforge.egg-info/SOURCES.txt'
[2.028s] running build
[2.028s] running build_py
[2.028s] running install
[2.029s] running install_lib
[2.030s] creating /home/kkeeler/ros2_ws/install/skyforge/lib/python3.10/site-packages/skyforge
[2.030s] copying /home/kkeeler/ros2_ws/build/skyforge/build/lib/skyforge/__init__.py -> /home/kkeeler/ros2_ws/install/skyforge/lib/python3.10/site-packages/skyforge
[2.030s] copying /home/kkeeler/ros2_ws/build/skyforge/build/lib/skyforge/my_first_node.py -> /home/kkeeler/ros2_ws/install/skyforge/lib/python3.10/site-packages/skyforge
[2.031s] byte-compiling /home/kkeeler/ros2_ws/install/skyforge/lib/python3.10/site-packages/skyforge/__init__.py to __init__.cpython-310.pyc
[2.031s] byte-compiling /home/kkeeler/ros2_ws/install/skyforge/lib/python3.10/site-packages/skyforge/my_first_node.py to my_first_node.cpython-310.pyc
[2.031s] running install_data
[2.031s] copying resource/skyforge -> /home/kkeeler/ros2_ws/install/skyforge/share/ament_index/resource_index/packages
[2.032s] copying package.xml -> /home/kkeeler/ros2_ws/install/skyforge/share/skyforge
[2.032s] copying launch/view_robot.launch.py -> /home/kkeeler/ros2_ws/install/skyforge/share/skyforge/launch
[2.032s] copying urdf/system_arch_robot.urdf.xacro -> /home/kkeeler/ros2_ws/install/skyforge/share/skyforge/urdf
[2.032s] copying meshes/robot_arm.stl -> /home/kkeeler/ros2_ws/install/skyforge/share/skyforge/meshes
[2.033s] running install_egg_info
[2.035s] Copying ../../build/skyforge/skyforge.egg-info to /home/kkeeler/ros2_ws/install/skyforge/lib/python3.10/site-packages/skyforge-0.0.0-py3.10.egg-info
[2.036s] running install_scripts
[2.058s] Installing test script to /home/kkeeler/ros2_ws/install/skyforge/lib/skyforge
[2.059s] writing list of installed files to '/home/kkeeler/ros2_ws/build/skyforge/install.log'
[2.081s] Invoked command in '/home/kkeeler/ros2_ws/src/skyforge' returned '0': PYTHONPATH=/home/kkeeler/ros2_ws/build/skyforge/prefix_override:/usr/lib/python3/dist-packages/colcon_core/task/python/colcon_distutils_commands:/home/kkeeler/ros2_ws/install/skyforge/lib/python3.10/site-packages:${PYTHONPATH} /usr/bin/python3 -W ignore:setup.py install is deprecated -W ignore:easy_install command is deprecated setup.py egg_info --egg-base ../../build/skyforge build --build-base /home/kkeeler/ros2_ws/build/skyforge/build install --record /home/kkeeler/ros2_ws/build/skyforge/install.log --single-version-externally-managed install_data --force
