-- Found ament_cmake: 1.3.11 (/opt/ros/humble/share/ament_cmake/cmake)
-- Override CMake install command with custom implementation using symlinks instead of copying resources
-- Found robot_state_publisher: 3.0.3 (/opt/ros/humble/share/robot_state_publisher/cmake)
-- Found rosidl_generator_c: 3.1.6 (/opt/ros/humble/share/rosidl_generator_c/cmake)
-- Found rosidl_adapter: 3.1.6 (/opt/ros/humble/share/rosidl_adapter/cmake)
-- Found rosidl_generator_cpp: 3.1.6 (/opt/ros/humble/share/rosidl_generator_cpp/cmake)
-- Using all available rosidl_typesupport_c: rosidl_typesupport_fastrtps_c;rosidl_typesupport_introspection_c
-- Using all available rosidl_typesupport_cpp: rosidl_typesupport_fastrtps_cpp;rosidl_typesupport_introspection_cpp
-- Found eigen3_cmake_module: 0.1.1 (/opt/ros/humble/share/eigen3_cmake_module/cmake)
-- Ensuring Eigen3 include directory is part of orocos-kdl CMake target
-- Found rmw_implementation_cmake: 6.1.2 (/opt/ros/humble/share/rmw_implementation_cmake/cmake)
-- Found rmw_fastrtps_cpp: 6.2.7 (/opt/ros/humble/share/rmw_fastrtps_cpp/cmake)
-- Using RMW implementation 'rmw_fastrtps_cpp' as default
-- Found xacro: 2.0.13 (/opt/ros/humble/share/xacro/cmake)
-- Found ament_lint_auto: 0.12.12 (/opt/ros/humble/share/ament_lint_auto/cmake)
-- Added test 'cppcheck' to perform static code analysis on C / C++ code
-- Configured cppcheck include dirs: 
-- Configured cppcheck exclude dirs and/or files: 
-- Added test 'flake8' to check Python code syntax and style conventions
-- Added test 'lint_cmake' to check CMake code style
-- Added test 'pep257' to check Python code against some of the docstring style conventions in PEP 257
-- Added test 'uncrustify' to check C / C++ code style
-- Configured uncrustify additional arguments: 
-- Added test 'xmllint' to check XML markup files
-- Configuring done
-- Generating done
-- Build files have been written to: /home/kkeeler/ros2_ws/build/urdf_tutorial
-- Install configuration: ""
-- Execute custom install script
-- Up-to-date symlink: /home/kkeeler/ros2_ws/install/urdf_tutorial/share/urdf_tutorial/urdf/robot_model_6_dof.urdf.xacro
-- Up-to-date symlink: /home/kkeeler/ros2_ws/install/urdf_tutorial/share/urdf_tutorial/launch/robot_6_dof.launch.py
-- Up-to-date symlink: /home/kkeeler/ros2_ws/install/urdf_tutorial/share/urdf_tutorial/config/r.rviz
-- Up-to-date symlink: /home/kkeeler/ros2_ws/install/urdf_tutorial/share/urdf_tutorial/config/robot_6_dof.rviz
-- Up-to-date symlink: /home/kkeeler/ros2_ws/install/urdf_tutorial/share/ament_index/resource_index/package_run_dependencies/urdf_tutorial
-- Up-to-date symlink: /home/kkeeler/ros2_ws/install/urdf_tutorial/share/ament_index/resource_index/parent_prefix_path/urdf_tutorial
-- Up-to-date symlink: /home/kkeeler/ros2_ws/install/urdf_tutorial/share/urdf_tutorial/environment/ament_prefix_path.sh
-- Up-to-date symlink: /home/kkeeler/ros2_ws/install/urdf_tutorial/share/urdf_tutorial/environment/ament_prefix_path.dsv
-- Up-to-date symlink: /home/kkeeler/ros2_ws/install/urdf_tutorial/share/urdf_tutorial/environment/path.sh
-- Up-to-date symlink: /home/kkeeler/ros2_ws/install/urdf_tutorial/share/urdf_tutorial/environment/path.dsv
-- Up-to-date symlink: /home/kkeeler/ros2_ws/install/urdf_tutorial/share/urdf_tutorial/local_setup.bash
-- Up-to-date symlink: /home/kkeeler/ros2_ws/install/urdf_tutorial/share/urdf_tutorial/local_setup.sh
-- Up-to-date symlink: /home/kkeeler/ros2_ws/install/urdf_tutorial/share/urdf_tutorial/local_setup.zsh
-- Up-to-date symlink: /home/kkeeler/ros2_ws/install/urdf_tutorial/share/urdf_tutorial/local_setup.dsv
-- Symlinking: /home/kkeeler/ros2_ws/install/urdf_tutorial/share/urdf_tutorial/package.dsv
-- Up-to-date symlink: /home/kkeeler/ros2_ws/install/urdf_tutorial/share/ament_index/resource_index/packages/urdf_tutorial
-- Up-to-date symlink: /home/kkeeler/ros2_ws/install/urdf_tutorial/share/urdf_tutorial/cmake/urdf_tutorialConfig.cmake
-- Up-to-date symlink: /home/kkeeler/ros2_ws/install/urdf_tutorial/share/urdf_tutorial/cmake/urdf_tutorialConfig-version.cmake
-- Up-to-date symlink: /home/kkeeler/ros2_ws/install/urdf_tutorial/share/urdf_tutorial/package.xml
