[0.958s] Invoking command in '/home/kkeeler/ros2_ws/src/akabot-main/akabot_aruco': PYTHONPATH=/home/kkeeler/ros2_ws/src/akabot-main/build/akabot_aruco/prefix_override:/usr/lib/python3/dist-packages/colcon_core/task/python/colcon_distutils_commands:/home/kkeeler/ros2_ws/src/akabot-main/install/akabot_aruco/lib/python3.10/site-packages:${PYTHONPATH} /usr/bin/python3 -W ignore:setup.py install is deprecated -W ignore:easy_install command is deprecated setup.py egg_info --egg-base ../build/akabot_aruco build --build-base /home/kkeeler/ros2_ws/src/akabot-main/build/akabot_aruco/build install --record /home/kkeeler/ros2_ws/src/akabot-main/build/akabot_aruco/install.log --single-version-externally-managed install_data
[1.379s] running egg_info
[1.380s] creating ../build/akabot_aruco/akabot_aruco.egg-info
[1.380s] writing ../build/akabot_aruco/akabot_aruco.egg-info/PKG-INFO
[1.384s] writing dependency_links to ../build/akabot_aruco/akabot_aruco.egg-info/dependency_links.txt
[1.384s] writing entry points to ../build/akabot_aruco/akabot_aruco.egg-info/entry_points.txt
[1.384s] writing requirements to ../build/akabot_aruco/akabot_aruco.egg-info/requires.txt
[1.384s] writing top-level names to ../build/akabot_aruco/akabot_aruco.egg-info/top_level.txt
[1.385s] writing manifest file '../build/akabot_aruco/akabot_aruco.egg-info/SOURCES.txt'
[1.385s] reading manifest file '../build/akabot_aruco/akabot_aruco.egg-info/SOURCES.txt'
[1.386s] writing manifest file '../build/akabot_aruco/akabot_aruco.egg-info/SOURCES.txt'
[1.387s] running build
[1.387s] running build_py
[1.387s] creating /home/kkeeler/ros2_ws/src/akabot-main/build/akabot_aruco/build
[1.387s] creating /home/kkeeler/ros2_ws/src/akabot-main/build/akabot_aruco/build/lib
[1.388s] creating /home/kkeeler/ros2_ws/src/akabot-main/build/akabot_aruco/build/lib/akabot_aruco
[1.388s] copying akabot_aruco/__init__.py -> /home/kkeeler/ros2_ws/src/akabot-main/build/akabot_aruco/build/lib/akabot_aruco
[1.388s] copying akabot_aruco/detect_aruco_marker.py -> /home/kkeeler/ros2_ws/src/akabot-main/build/akabot_aruco/build/lib/akabot_aruco
[1.388s] running install
[1.388s] running install_lib
[1.390s] creating /home/kkeeler/ros2_ws/src/akabot-main/install/akabot_aruco/lib/python3.10/site-packages/akabot_aruco
[1.390s] copying /home/kkeeler/ros2_ws/src/akabot-main/build/akabot_aruco/build/lib/akabot_aruco/__init__.py -> /home/kkeeler/ros2_ws/src/akabot-main/install/akabot_aruco/lib/python3.10/site-packages/akabot_aruco
[1.390s] copying /home/kkeeler/ros2_ws/src/akabot-main/build/akabot_aruco/build/lib/akabot_aruco/detect_aruco_marker.py -> /home/kkeeler/ros2_ws/src/akabot-main/install/akabot_aruco/lib/python3.10/site-packages/akabot_aruco
[1.391s] byte-compiling /home/kkeeler/ros2_ws/src/akabot-main/install/akabot_aruco/lib/python3.10/site-packages/akabot_aruco/__init__.py to __init__.cpython-310.pyc
[1.391s] byte-compiling /home/kkeeler/ros2_ws/src/akabot-main/install/akabot_aruco/lib/python3.10/site-packages/akabot_aruco/detect_aruco_marker.py to detect_aruco_marker.cpython-310.pyc
[1.391s] running install_data
[1.392s] creating /home/kkeeler/ros2_ws/src/akabot-main/install/akabot_aruco/share/ament_index
[1.392s] creating /home/kkeeler/ros2_ws/src/akabot-main/install/akabot_aruco/share/ament_index/resource_index
[1.392s] creating /home/kkeeler/ros2_ws/src/akabot-main/install/akabot_aruco/share/ament_index/resource_index/packages
[1.392s] copying resource/akabot_aruco -> /home/kkeeler/ros2_ws/src/akabot-main/install/akabot_aruco/share/ament_index/resource_index/packages
[1.392s] copying package.xml -> /home/kkeeler/ros2_ws/src/akabot-main/install/akabot_aruco/share/akabot_aruco
[1.392s] creating /home/kkeeler/ros2_ws/src/akabot-main/install/akabot_aruco/share/akabot_aruco/launch
[1.393s] running install_egg_info
[1.395s] Copying ../build/akabot_aruco/akabot_aruco.egg-info to /home/kkeeler/ros2_ws/src/akabot-main/install/akabot_aruco/lib/python3.10/site-packages/akabot_aruco-0.0.0-py3.10.egg-info
[1.397s] running install_scripts
[1.423s] writing list of installed files to '/home/kkeeler/ros2_ws/src/akabot-main/build/akabot_aruco/install.log'
[1.448s] Invoked command in '/home/kkeeler/ros2_ws/src/akabot-main/akabot_aruco' returned '0': PYTHONPATH=/home/kkeeler/ros2_ws/src/akabot-main/build/akabot_aruco/prefix_override:/usr/lib/python3/dist-packages/colcon_core/task/python/colcon_distutils_commands:/home/kkeeler/ros2_ws/src/akabot-main/install/akabot_aruco/lib/python3.10/site-packages:${PYTHONPATH} /usr/bin/python3 -W ignore:setup.py install is deprecated -W ignore:easy_install command is deprecated setup.py egg_info --egg-base ../build/akabot_aruco build --build-base /home/kkeeler/ros2_ws/src/akabot-main/build/akabot_aruco/build install --record /home/kkeeler/ros2_ws/src/akabot-main/build/akabot_aruco/install.log --single-version-externally-managed install_data
