[1.214s] Invoking command in '/home/kkeeler/ros2_ws/src/akabot-main/akabot_aruco': PYTHONPATH=/home/kkeeler/ros2_ws/build/akabot_aruco/prefix_override:/usr/lib/python3/dist-packages/colcon_core/task/python/colcon_distutils_commands:/home/kkeeler/ros2_ws/install/akabot_aruco/lib/python3.10/site-packages:${PYTHONPATH} /usr/bin/python3 -W ignore:setup.py install is deprecated -W ignore:easy_install command is deprecated setup.py egg_info --egg-base ../../../build/akabot_aruco build --build-base /home/kkeeler/ros2_ws/build/akabot_aruco/build install --record /home/kkeeler/ros2_ws/build/akabot_aruco/install.log --single-version-externally-managed install_data
[1.493s] running egg_info
[1.494s] writing ../../../build/akabot_aruco/akabot_aruco.egg-info/PKG-INFO
[1.494s] writing dependency_links to ../../../build/akabot_aruco/akabot_aruco.egg-info/dependency_links.txt
[1.495s] writing entry points to ../../../build/akabot_aruco/akabot_aruco.egg-info/entry_points.txt
[1.495s] writing requirements to ../../../build/akabot_aruco/akabot_aruco.egg-info/requires.txt
[1.495s] writing top-level names to ../../../build/akabot_aruco/akabot_aruco.egg-info/top_level.txt
[1.497s] reading manifest file '../../../build/akabot_aruco/akabot_aruco.egg-info/SOURCES.txt'
[1.498s] writing manifest file '../../../build/akabot_aruco/akabot_aruco.egg-info/SOURCES.txt'
[1.498s] running build
[1.498s] running build_py
[1.499s] running install
[1.499s] running install_lib
[1.500s] running install_data
[1.500s] running install_egg_info
[1.502s] removing '/home/kkeeler/ros2_ws/install/akabot_aruco/lib/python3.10/site-packages/akabot_aruco-0.0.0-py3.10.egg-info' (and everything under it)
[1.503s] Copying ../../../build/akabot_aruco/akabot_aruco.egg-info to /home/kkeeler/ros2_ws/install/akabot_aruco/lib/python3.10/site-packages/akabot_aruco-0.0.0-py3.10.egg-info
[1.504s] running install_scripts
[1.526s] writing list of installed files to '/home/kkeeler/ros2_ws/build/akabot_aruco/install.log'
[1.547s] Invoked command in '/home/kkeeler/ros2_ws/src/akabot-main/akabot_aruco' returned '0': PYTHONPATH=/home/kkeeler/ros2_ws/build/akabot_aruco/prefix_override:/usr/lib/python3/dist-packages/colcon_core/task/python/colcon_distutils_commands:/home/kkeeler/ros2_ws/install/akabot_aruco/lib/python3.10/site-packages:${PYTHONPATH} /usr/bin/python3 -W ignore:setup.py install is deprecated -W ignore:easy_install command is deprecated setup.py egg_info --egg-base ../../../build/akabot_aruco build --build-base /home/kkeeler/ros2_ws/build/akabot_aruco/build install --record /home/kkeeler/ros2_ws/build/akabot_aruco/install.log --single-version-externally-managed install_data
