[0.118s] Invoking command in '/home/kkeeler/ros2_ws/build/akabot_description': CMAKE_PREFIX_PATH=${CMAKE_PREFIX_PATH}:/home/kkeeler/ros2_ws/install/skyforge:/home/kkeeler/ros2_ws/install/akabot_aruco:/home/kkeeler/install/moveit_configs_utils:/home/kkeeler/install/rosparam_shortcuts:/home/kkeeler/install/my_robot_controller:/home/kkeeler/install/launch_param_builder:/home/kkeeler/ws_moveit2/install/moveit_configs_utils:/home/kkeeler/ws_moveit2/install/launch_param_builder:/opt/ros/humble /usr/bin/cmake /home/kkeeler/ros2_ws/src/akabot-main/akabot_description -DAMENT_CMAKE_SYMLINK_INSTALL=1 -DCMAKE_INSTALL_PREFIX=/home/kkeeler/ros2_ws/install/akabot_description
[0.754s] -- Found ament_cmake: 1.3.11 (/opt/ros/humble/share/ament_cmake/cmake)
[0.754s] -- Override CMake install command with custom implementation using symlinks instead of copying resources
[0.755s] -- Found urdf: 2.6.1 (/opt/ros/humble/share/urdf/cmake)
[0.756s] -- Configuring done
[0.756s] -- Generating done
[0.756s] -- Build files have been written to: /home/kkeeler/ros2_ws/build/akabot_description
[0.764s] Invoked command in '/home/kkeeler/ros2_ws/build/akabot_description' returned '0': CMAKE_PREFIX_PATH=${CMAKE_PREFIX_PATH}:/home/kkeeler/ros2_ws/install/skyforge:/home/kkeeler/ros2_ws/install/akabot_aruco:/home/kkeeler/install/moveit_configs_utils:/home/kkeeler/install/rosparam_shortcuts:/home/kkeeler/install/my_robot_controller:/home/kkeeler/install/launch_param_builder:/home/kkeeler/ws_moveit2/install/moveit_configs_utils:/home/kkeeler/ws_moveit2/install/launch_param_builder:/opt/ros/humble /usr/bin/cmake /home/kkeeler/ros2_ws/src/akabot-main/akabot_description -DAMENT_CMAKE_SYMLINK_INSTALL=1 -DCMAKE_INSTALL_PREFIX=/home/kkeeler/ros2_ws/install/akabot_description
[0.765s] Invoking command in '/home/kkeeler/ros2_ws/build/akabot_description': CMAKE_PREFIX_PATH=${CMAKE_PREFIX_PATH}:/home/kkeeler/ros2_ws/install/skyforge:/home/kkeeler/ros2_ws/install/akabot_aruco:/home/kkeeler/install/moveit_configs_utils:/home/kkeeler/install/rosparam_shortcuts:/home/kkeeler/install/my_robot_controller:/home/kkeeler/install/launch_param_builder:/home/kkeeler/ws_moveit2/install/moveit_configs_utils:/home/kkeeler/ws_moveit2/install/launch_param_builder:/opt/ros/humble /usr/bin/cmake --build /home/kkeeler/ros2_ws/build/akabot_description -- -j8 -l8
[0.878s] Invoked command in '/home/kkeeler/ros2_ws/build/akabot_description' returned '0': CMAKE_PREFIX_PATH=${CMAKE_PREFIX_PATH}:/home/kkeeler/ros2_ws/install/skyforge:/home/kkeeler/ros2_ws/install/akabot_aruco:/home/kkeeler/install/moveit_configs_utils:/home/kkeeler/install/rosparam_shortcuts:/home/kkeeler/install/my_robot_controller:/home/kkeeler/install/launch_param_builder:/home/kkeeler/ws_moveit2/install/moveit_configs_utils:/home/kkeeler/ws_moveit2/install/launch_param_builder:/opt/ros/humble /usr/bin/cmake --build /home/kkeeler/ros2_ws/build/akabot_description -- -j8 -l8
[0.898s] Invoking command in '/home/kkeeler/ros2_ws/build/akabot_description': CMAKE_PREFIX_PATH=${CMAKE_PREFIX_PATH}:/home/kkeeler/ros2_ws/install/skyforge:/home/kkeeler/ros2_ws/install/akabot_aruco:/home/kkeeler/install/moveit_configs_utils:/home/kkeeler/install/rosparam_shortcuts:/home/kkeeler/install/my_robot_controller:/home/kkeeler/install/launch_param_builder:/home/kkeeler/ws_moveit2/install/moveit_configs_utils:/home/kkeeler/ws_moveit2/install/launch_param_builder:/opt/ros/humble /usr/bin/cmake --install /home/kkeeler/ros2_ws/build/akabot_description
[0.923s] -- Install configuration: ""
[0.925s] -- Execute custom install script
[0.925s] -- Symlinking: /home/kkeeler/ros2_ws/install/akabot_description/share/akabot_description/config/initial_positions.yaml
[0.951s] -- Symlinking: /home/kkeeler/ros2_ws/install/akabot_description/share/akabot_description/launch/description_launch.py
[0.978s] -- Symlinking: /home/kkeeler/ros2_ws/install/akabot_description/share/akabot_description/launch/robot_state_publisher_launch.py
[1.005s] -- Symlinking: /home/kkeeler/ros2_ws/install/akabot_description/share/akabot_description/meshes/base_cylinder.stl
[1.033s] -- Symlinking: /home/kkeeler/ros2_ws/install/akabot_description/share/akabot_description/meshes/claw_base.stl
[1.059s] -- Symlinking: /home/kkeeler/ros2_ws/install/akabot_description/share/akabot_description/meshes/d415.dae
[1.089s] -- Symlinking: /home/kkeeler/ros2_ws/install/akabot_description/share/akabot_description/meshes/left_claw.stl
[1.115s] -- Symlinking: /home/kkeeler/ros2_ws/install/akabot_description/share/akabot_description/meshes/lower_arm.stl
[1.142s] -- Symlinking: /home/kkeeler/ros2_ws/install/akabot_description/share/akabot_description/meshes/right_claw.stl
[1.168s] -- Symlinking: /home/kkeeler/ros2_ws/install/akabot_description/share/akabot_description/meshes/top_plate.stl
[1.194s] -- Symlinking: /home/kkeeler/ros2_ws/install/akabot_description/share/akabot_description/meshes/upper_arm.stl
[1.223s] -- Symlinking: /home/kkeeler/ros2_ws/install/akabot_description/share/akabot_description/meshes/wrist.stl
[1.251s] -- Symlinking: /home/kkeeler/ros2_ws/install/akabot_description/share/akabot_description/urdf/akabot.ros2_control.xacro
[1.277s] -- Symlinking: /home/kkeeler/ros2_ws/install/akabot_description/share/akabot_description/urdf/akabot.urdf.xacro
[1.304s] -- Symlinking: /home/kkeeler/ros2_ws/install/akabot_description/share/akabot_description/urdf/akabot_core.xacro
[1.332s] -- Symlinking: /home/kkeeler/ros2_ws/install/akabot_description/share/akabot_description/urdf/akabot_gz.urdf.xacro
[1.356s] -- Symlinking: /home/kkeeler/ros2_ws/install/akabot_description/share/akabot_description/urdf/depth_camera.xacro
[1.384s] -- Symlinking: /home/kkeeler/ros2_ws/install/akabot_description/share/akabot_description/urdf/inertial_macros.xacro
[1.407s] -- Symlinking: /home/kkeeler/ros2_ws/install/akabot_description/share/akabot_description/urdf/real_akabot.urdf.xacro
[1.427s] -- Symlinking: /home/kkeeler/ros2_ws/install/akabot_description/share/akabot_description/rviz/description.rviz
[1.449s] -- Symlinking: /home/kkeeler/ros2_ws/install/akabot_description/share/ament_index/resource_index/package_run_dependencies/akabot_description
[1.470s] -- Symlinking: /home/kkeeler/ros2_ws/install/akabot_description/share/ament_index/resource_index/parent_prefix_path/akabot_description
[1.488s] -- Symlinking: /home/kkeeler/ros2_ws/install/akabot_description/share/akabot_description/environment/ament_prefix_path.sh
[1.507s] -- Symlinking: /home/kkeeler/ros2_ws/install/akabot_description/share/akabot_description/environment/ament_prefix_path.dsv
[1.526s] -- Symlinking: /home/kkeeler/ros2_ws/install/akabot_description/share/akabot_description/environment/path.sh
[1.545s] -- Symlinking: /home/kkeeler/ros2_ws/install/akabot_description/share/akabot_description/environment/path.dsv
[1.563s] -- Symlinking: /home/kkeeler/ros2_ws/install/akabot_description/share/akabot_description/local_setup.bash
[1.582s] -- Symlinking: /home/kkeeler/ros2_ws/install/akabot_description/share/akabot_description/local_setup.sh
[1.600s] -- Symlinking: /home/kkeeler/ros2_ws/install/akabot_description/share/akabot_description/local_setup.zsh
[1.618s] -- Symlinking: /home/kkeeler/ros2_ws/install/akabot_description/share/akabot_description/local_setup.dsv
[1.637s] -- Symlinking: /home/kkeeler/ros2_ws/install/akabot_description/share/akabot_description/package.dsv
[1.655s] -- Symlinking: /home/kkeeler/ros2_ws/install/akabot_description/share/ament_index/resource_index/packages/akabot_description
[1.673s] -- Symlinking: /home/kkeeler/ros2_ws/install/akabot_description/share/akabot_description/cmake/akabot_descriptionConfig.cmake
[1.691s] -- Symlinking: /home/kkeeler/ros2_ws/install/akabot_description/share/akabot_description/cmake/akabot_descriptionConfig-version.cmake
[1.710s] -- Symlinking: /home/kkeeler/ros2_ws/install/akabot_description/share/akabot_description/package.xml
[1.731s] Invoked command in '/home/kkeeler/ros2_ws/build/akabot_description' returned '0': CMAKE_PREFIX_PATH=${CMAKE_PREFIX_PATH}:/home/kkeeler/ros2_ws/install/skyforge:/home/kkeeler/ros2_ws/install/akabot_aruco:/home/kkeeler/install/moveit_configs_utils:/home/kkeeler/install/rosparam_shortcuts:/home/kkeeler/install/my_robot_controller:/home/kkeeler/install/launch_param_builder:/home/kkeeler/ws_moveit2/install/moveit_configs_utils:/home/kkeeler/ws_moveit2/install/launch_param_builder:/opt/ros/humble /usr/bin/cmake --install /home/kkeeler/ros2_ws/build/akabot_description
