[0.377s] Invoking command in '/home/kkeeler/ros2_ws/build/akabot_gazebo': CMAKE_PREFIX_PATH=${CMAKE_PREFIX_PATH}:/home/kkeeler/ros2_ws/install/skyforge:/home/kkeeler/ros2_ws/install/akabot_aruco:/home/kkeeler/install/moveit_configs_utils:/home/kkeeler/install/rosparam_shortcuts:/home/kkeeler/install/my_robot_controller:/home/kkeeler/install/launch_param_builder:/home/kkeeler/ws_moveit2/install/moveit_configs_utils:/home/kkeeler/ws_moveit2/install/launch_param_builder:/opt/ros/humble /usr/bin/cmake --build /home/kkeeler/ros2_ws/build/akabot_gazebo -- -j8 -l8
[0.730s] Invoked command in '/home/kkeeler/ros2_ws/build/akabot_gazebo' returned '0': CMAKE_PREFIX_PATH=${CMAKE_PREFIX_PATH}:/home/kkeeler/ros2_ws/install/skyforge:/home/kkeeler/ros2_ws/install/akabot_aruco:/home/kkeeler/install/moveit_configs_utils:/home/kkeeler/install/rosparam_shortcuts:/home/kkeeler/install/my_robot_controller:/home/kkeeler/install/launch_param_builder:/home/kkeeler/ws_moveit2/install/moveit_configs_utils:/home/kkeeler/ws_moveit2/install/launch_param_builder:/opt/ros/humble /usr/bin/cmake --build /home/kkeeler/ros2_ws/build/akabot_gazebo -- -j8 -l8
[0.733s] Invoking command in '/home/kkeeler/ros2_ws/build/akabot_gazebo': CMAKE_PREFIX_PATH=${CMAKE_PREFIX_PATH}:/home/kkeeler/ros2_ws/install/skyforge:/home/kkeeler/ros2_ws/install/akabot_aruco:/home/kkeeler/install/moveit_configs_utils:/home/kkeeler/install/rosparam_shortcuts:/home/kkeeler/install/my_robot_controller:/home/kkeeler/install/launch_param_builder:/home/kkeeler/ws_moveit2/install/moveit_configs_utils:/home/kkeeler/ws_moveit2/install/launch_param_builder:/opt/ros/humble /usr/bin/cmake --install /home/kkeeler/ros2_ws/build/akabot_gazebo
[0.761s] -- Install configuration: ""
[0.764s] -- Execute custom install script
[0.764s] -- Up-to-date symlink: /home/kkeeler/ros2_ws/install/akabot_gazebo/share/akabot_gazebo/config/akabot_bridge.yaml
[0.764s] -- Up-to-date symlink: /home/kkeeler/ros2_ws/install/akabot_gazebo/share/akabot_gazebo/launch/gz_launch.py
[0.765s] -- Up-to-date symlink: /home/kkeeler/ros2_ws/install/akabot_gazebo/share/akabot_gazebo/worlds/pick_and_place.world
[0.765s] -- Up-to-date symlink: /home/kkeeler/ros2_ws/install/akabot_gazebo/share/ament_index/resource_index/package_run_dependencies/akabot_gazebo
[0.767s] -- Up-to-date symlink: /home/kkeeler/ros2_ws/install/akabot_gazebo/share/ament_index/resource_index/parent_prefix_path/akabot_gazebo
[0.767s] -- Up-to-date symlink: /home/kkeeler/ros2_ws/install/akabot_gazebo/share/akabot_gazebo/environment/ament_prefix_path.sh
[0.767s] -- Up-to-date symlink: /home/kkeeler/ros2_ws/install/akabot_gazebo/share/akabot_gazebo/environment/ament_prefix_path.dsv
[0.767s] -- Up-to-date symlink: /home/kkeeler/ros2_ws/install/akabot_gazebo/share/akabot_gazebo/environment/path.sh
[0.768s] -- Up-to-date symlink: /home/kkeeler/ros2_ws/install/akabot_gazebo/share/akabot_gazebo/environment/path.dsv
[0.769s] -- Up-to-date symlink: /home/kkeeler/ros2_ws/install/akabot_gazebo/share/akabot_gazebo/local_setup.bash
[0.769s] -- Up-to-date symlink: /home/kkeeler/ros2_ws/install/akabot_gazebo/share/akabot_gazebo/local_setup.sh
[0.769s] -- Up-to-date symlink: /home/kkeeler/ros2_ws/install/akabot_gazebo/share/akabot_gazebo/local_setup.zsh
[0.770s] -- Up-to-date symlink: /home/kkeeler/ros2_ws/install/akabot_gazebo/share/akabot_gazebo/local_setup.dsv
[0.770s] -- Symlinking: /home/kkeeler/ros2_ws/install/akabot_gazebo/share/akabot_gazebo/package.dsv
[0.799s] -- Up-to-date symlink: /home/kkeeler/ros2_ws/install/akabot_gazebo/share/ament_index/resource_index/packages/akabot_gazebo
[0.803s] -- Up-to-date symlink: /home/kkeeler/ros2_ws/install/akabot_gazebo/share/akabot_gazebo/cmake/akabot_gazeboConfig.cmake
[0.803s] -- Up-to-date symlink: /home/kkeeler/ros2_ws/install/akabot_gazebo/share/akabot_gazebo/cmake/akabot_gazeboConfig-version.cmake
[0.805s] -- Up-to-date symlink: /home/kkeeler/ros2_ws/install/akabot_gazebo/share/akabot_gazebo/package.xml
[0.859s] Invoked command in '/home/kkeeler/ros2_ws/build/akabot_gazebo' returned '0': CMAKE_PREFIX_PATH=${CMAKE_PREFIX_PATH}:/home/kkeeler/ros2_ws/install/skyforge:/home/kkeeler/ros2_ws/install/akabot_aruco:/home/kkeeler/install/moveit_configs_utils:/home/kkeeler/install/rosparam_shortcuts:/home/kkeeler/install/my_robot_controller:/home/kkeeler/install/launch_param_builder:/home/kkeeler/ws_moveit2/install/moveit_configs_utils:/home/kkeeler/ws_moveit2/install/launch_param_builder:/opt/ros/humble /usr/bin/cmake --install /home/kkeeler/ros2_ws/build/akabot_gazebo
