[1.374s] Invoking command in '/home/kkeeler/ros2_ws/build/skyforge': PYTHONPATH=/home/kkeeler/ros2_ws/build/skyforge/prefix_override:/usr/lib/python3/dist-packages/colcon_core/task/python/colcon_distutils_commands:/home/kkeeler/ros2_ws/install/skyforge/lib/python3.10/site-packages:${PYTHONPATH} /usr/bin/python3 -W ignore:setup.py install is deprecated -W ignore:easy_install command is deprecated setup.py develop --editable --build-directory /home/kkeeler/ros2_ws/build/skyforge/build --no-deps symlink_data --force
[1.676s] running develop
[1.881s] running egg_info
[1.881s] writing skyforge.egg-info/PKG-INFO
[1.881s] writing dependency_links to skyforge.egg-info/dependency_links.txt
[1.881s] writing entry points to skyforge.egg-info/entry_points.txt
[1.881s] writing requirements to skyforge.egg-info/requires.txt
[1.881s] writing top-level names to skyforge.egg-info/top_level.txt
[1.883s] reading manifest file 'skyforge.egg-info/SOURCES.txt'
[1.884s] writing manifest file 'skyforge.egg-info/SOURCES.txt'
[1.886s] running build_ext
[1.886s] Creating /home/kkeeler/ros2_ws/install/skyforge/lib/python3.10/site-packages/skyforge.egg-link (link to .)
[1.887s] Installing test script to /home/kkeeler/ros2_ws/install/skyforge/lib/skyforge
[1.887s] 
[1.888s] Installed /home/kkeeler/ros2_ws/build/skyforge
[1.888s] running symlink_data
[1.888s] symbolically linking /home/kkeeler/ros2_ws/build/skyforge/resource/skyforge -> /home/kkeeler/ros2_ws/install/skyforge/share/ament_index/resource_index/packages
[1.888s] symbolically linking /home/kkeeler/ros2_ws/build/skyforge/package.xml -> /home/kkeeler/ros2_ws/install/skyforge/share/skyforge
[1.888s] symbolically linking /home/kkeeler/ros2_ws/build/skyforge/launch/view_robot.launch.py -> /home/kkeeler/ros2_ws/install/skyforge/share/skyforge/launch
[1.889s] symbolically linking /home/kkeeler/ros2_ws/build/skyforge/urdf/system_arch_robot.urdf.xacro -> /home/kkeeler/ros2_ws/install/skyforge/share/skyforge/urdf
[1.889s] symbolically linking /home/kkeeler/ros2_ws/build/skyforge/meshes/robot_arm.stl -> /home/kkeeler/ros2_ws/install/skyforge/share/skyforge/meshes
[1.921s] Invoked command in '/home/kkeeler/ros2_ws/build/skyforge' returned '0': PYTHONPATH=/home/kkeeler/ros2_ws/build/skyforge/prefix_override:/usr/lib/python3/dist-packages/colcon_core/task/python/colcon_distutils_commands:/home/kkeeler/ros2_ws/install/skyforge/lib/python3.10/site-packages:${PYTHONPATH} /usr/bin/python3 -W ignore:setup.py install is deprecated -W ignore:easy_install command is deprecated setup.py develop --editable --build-directory /home/kkeeler/ros2_ws/build/skyforge/build --no-deps symlink_data --force
