running egg_info
creating ../build/skyforge/skyforge.egg-info
writing ../build/skyforge/skyforge.egg-info/PKG-INFO
writing dependency_links to ../build/skyforge/skyforge.egg-info/dependency_links.txt
writing entry points to ../build/skyforge/skyforge.egg-info/entry_points.txt
writing requirements to ../build/skyforge/skyforge.egg-info/requires.txt
writing top-level names to ../build/skyforge/skyforge.egg-info/top_level.txt
writing manifest file '../build/skyforge/skyforge.egg-info/SOURCES.txt'
reading manifest file '../build/skyforge/skyforge.egg-info/SOURCES.txt'
writing manifest file '../build/skyforge/skyforge.egg-info/SOURCES.txt'
running build
running build_py
creating /home/dwidjaja/ros2_ws/src/build/skyforge/build
creating /home/dwidjaja/ros2_ws/src/build/skyforge/build/lib
creating /home/dwidjaja/ros2_ws/src/build/skyforge/build/lib/skyforge
copying skyforge/__init__.py -> /home/dwidjaja/ros2_ws/src/build/skyforge/build/lib/skyforge
copying skyforge/my_first_node.py -> /home/dwidjaja/ros2_ws/src/build/skyforge/build/lib/skyforge
running install
running install_lib
creating /home/dwidjaja/ros2_ws/src/install/skyforge/lib/python3.10/site-packages/skyforge
copying /home/dwidjaja/ros2_ws/src/build/skyforge/build/lib/skyforge/__init__.py -> /home/dwidjaja/ros2_ws/src/install/skyforge/lib/python3.10/site-packages/skyforge
copying /home/dwidjaja/ros2_ws/src/build/skyforge/build/lib/skyforge/my_first_node.py -> /home/dwidjaja/ros2_ws/src/install/skyforge/lib/python3.10/site-packages/skyforge
byte-compiling /home/dwidjaja/ros2_ws/src/install/skyforge/lib/python3.10/site-packages/skyforge/__init__.py to __init__.cpython-310.pyc
byte-compiling /home/dwidjaja/ros2_ws/src/install/skyforge/lib/python3.10/site-packages/skyforge/my_first_node.py to my_first_node.cpython-310.pyc
running install_data
creating /home/dwidjaja/ros2_ws/src/install/skyforge/share/ament_index
creating /home/dwidjaja/ros2_ws/src/install/skyforge/share/ament_index/resource_index
creating /home/dwidjaja/ros2_ws/src/install/skyforge/share/ament_index/resource_index/packages
copying resource/skyforge -> /home/dwidjaja/ros2_ws/src/install/skyforge/share/ament_index/resource_index/packages
copying package.xml -> /home/dwidjaja/ros2_ws/src/install/skyforge/share/skyforge
running install_egg_info
Copying ../build/skyforge/skyforge.egg-info to /home/dwidjaja/ros2_ws/src/install/skyforge/lib/python3.10/site-packages/skyforge-0.0.0-py3.10.egg-info
running install_scripts
Installing test_node script to /home/dwidjaja/ros2_ws/src/install/skyforge/lib/skyforge
writing list of installed files to '/home/dwidjaja/ros2_ws/src/build/skyforge/install.log'
