[0.947s] Invoking command in '/home/dwidjaja/ros2_ws/src/skyforge': PYTHONPATH=/home/dwidjaja/ros2_ws/src/build/skyforge/prefix_override:/usr/lib/python3/dist-packages/colcon_core/task/python/colcon_distutils_commands:/home/dwidjaja/ros2_ws/src/install/skyforge/lib/python3.10/site-packages:${PYTHONPATH} /usr/bin/python3 -W ignore:setup.py install is deprecated -W ignore:easy_install command is deprecated setup.py egg_info --egg-base ../build/skyforge build --build-base /home/dwidjaja/ros2_ws/src/build/skyforge/build install --record /home/dwidjaja/ros2_ws/src/build/skyforge/install.log --single-version-externally-managed install_data
[1.283s] running egg_info
[1.284s] creating ../build/skyforge/skyforge.egg-info
[1.284s] writing ../build/skyforge/skyforge.egg-info/PKG-INFO
[1.284s] writing dependency_links to ../build/skyforge/skyforge.egg-info/dependency_links.txt
[1.284s] writing entry points to ../build/skyforge/skyforge.egg-info/entry_points.txt
[1.285s] writing requirements to ../build/skyforge/skyforge.egg-info/requires.txt
[1.285s] writing top-level names to ../build/skyforge/skyforge.egg-info/top_level.txt
[1.285s] writing manifest file '../build/skyforge/skyforge.egg-info/SOURCES.txt'
[1.287s] reading manifest file '../build/skyforge/skyforge.egg-info/SOURCES.txt'
[1.288s] writing manifest file '../build/skyforge/skyforge.egg-info/SOURCES.txt'
[1.288s] running build
[1.288s] running build_py
[1.288s] creating /home/dwidjaja/ros2_ws/src/build/skyforge/build
[1.288s] creating /home/dwidjaja/ros2_ws/src/build/skyforge/build/lib
[1.289s] creating /home/dwidjaja/ros2_ws/src/build/skyforge/build/lib/skyforge
[1.289s] copying skyforge/__init__.py -> /home/dwidjaja/ros2_ws/src/build/skyforge/build/lib/skyforge
[1.289s] copying skyforge/my_first_node.py -> /home/dwidjaja/ros2_ws/src/build/skyforge/build/lib/skyforge
[1.289s] running install
[1.289s] running install_lib
[1.290s] creating /home/dwidjaja/ros2_ws/src/install/skyforge/lib/python3.10/site-packages/skyforge
[1.290s] copying /home/dwidjaja/ros2_ws/src/build/skyforge/build/lib/skyforge/__init__.py -> /home/dwidjaja/ros2_ws/src/install/skyforge/lib/python3.10/site-packages/skyforge
[1.291s] copying /home/dwidjaja/ros2_ws/src/build/skyforge/build/lib/skyforge/my_first_node.py -> /home/dwidjaja/ros2_ws/src/install/skyforge/lib/python3.10/site-packages/skyforge
[1.291s] byte-compiling /home/dwidjaja/ros2_ws/src/install/skyforge/lib/python3.10/site-packages/skyforge/__init__.py to __init__.cpython-310.pyc
[1.291s] byte-compiling /home/dwidjaja/ros2_ws/src/install/skyforge/lib/python3.10/site-packages/skyforge/my_first_node.py to my_first_node.cpython-310.pyc
[1.292s] running install_data
[1.292s] creating /home/dwidjaja/ros2_ws/src/install/skyforge/share/ament_index
[1.292s] creating /home/dwidjaja/ros2_ws/src/install/skyforge/share/ament_index/resource_index
[1.292s] creating /home/dwidjaja/ros2_ws/src/install/skyforge/share/ament_index/resource_index/packages
[1.292s] copying resource/skyforge -> /home/dwidjaja/ros2_ws/src/install/skyforge/share/ament_index/resource_index/packages
[1.292s] copying package.xml -> /home/dwidjaja/ros2_ws/src/install/skyforge/share/skyforge
[1.293s] running install_egg_info
[1.294s] Copying ../build/skyforge/skyforge.egg-info to /home/dwidjaja/ros2_ws/src/install/skyforge/lib/python3.10/site-packages/skyforge-0.0.0-py3.10.egg-info
[1.295s] running install_scripts
[1.319s] Installing test_node script to /home/dwidjaja/ros2_ws/src/install/skyforge/lib/skyforge
[1.319s] writing list of installed files to '/home/dwidjaja/ros2_ws/src/build/skyforge/install.log'
[1.350s] Invoked command in '/home/dwidjaja/ros2_ws/src/skyforge' returned '0': PYTHONPATH=/home/dwidjaja/ros2_ws/src/build/skyforge/prefix_override:/usr/lib/python3/dist-packages/colcon_core/task/python/colcon_distutils_commands:/home/dwidjaja/ros2_ws/src/install/skyforge/lib/python3.10/site-packages:${PYTHONPATH} /usr/bin/python3 -W ignore:setup.py install is deprecated -W ignore:easy_install command is deprecated setup.py egg_info --egg-base ../build/skyforge build --build-base /home/dwidjaja/ros2_ws/src/build/skyforge/build install --record /home/dwidjaja/ros2_ws/src/build/skyforge/install.log --single-version-externally-managed install_data
