[0.376s] Invoking command in '/home/kkeeler/ros2_ws/src/akabot-main/build/akabot_bringup': CMAKE_PREFIX_PATH=${CMAKE_PREFIX_PATH}:/home/kkeeler/ros2_ws/install/skyforge:/home/kkeeler/ros2_ws/install/akabot_aruco:/home/kkeeler/install/moveit_configs_utils:/home/kkeeler/install/rosparam_shortcuts:/home/kkeeler/install/my_robot_controller:/home/kkeeler/install/launch_param_builder:/home/kkeeler/ws_moveit2/install/moveit_configs_utils:/home/kkeeler/ws_moveit2/install/launch_param_builder:/opt/ros/humble /usr/bin/cmake --build /home/kkeeler/ros2_ws/src/akabot-main/build/akabot_bringup -- -j8 -l8
[0.499s] Invoked command in '/home/kkeeler/ros2_ws/src/akabot-main/build/akabot_bringup' returned '0': CMAKE_PREFIX_PATH=${CMAKE_PREFIX_PATH}:/home/kkeeler/ros2_ws/install/skyforge:/home/kkeeler/ros2_ws/install/akabot_aruco:/home/kkeeler/install/moveit_configs_utils:/home/kkeeler/install/rosparam_shortcuts:/home/kkeeler/install/my_robot_controller:/home/kkeeler/install/launch_param_builder:/home/kkeeler/ws_moveit2/install/moveit_configs_utils:/home/kkeeler/ws_moveit2/install/launch_param_builder:/opt/ros/humble /usr/bin/cmake --build /home/kkeeler/ros2_ws/src/akabot-main/build/akabot_bringup -- -j8 -l8
[0.501s] Invoking command in '/home/kkeeler/ros2_ws/src/akabot-main/build/akabot_bringup': CMAKE_PREFIX_PATH=${CMAKE_PREFIX_PATH}:/home/kkeeler/ros2_ws/install/skyforge:/home/kkeeler/ros2_ws/install/akabot_aruco:/home/kkeeler/install/moveit_configs_utils:/home/kkeeler/install/rosparam_shortcuts:/home/kkeeler/install/my_robot_controller:/home/kkeeler/install/launch_param_builder:/home/kkeeler/ws_moveit2/install/moveit_configs_utils:/home/kkeeler/ws_moveit2/install/launch_param_builder:/opt/ros/humble /usr/bin/cmake --install /home/kkeeler/ros2_ws/src/akabot-main/build/akabot_bringup
[0.521s] -- Install configuration: ""
[0.522s] -- Up-to-date: /home/kkeeler/ros2_ws/src/akabot-main/install/akabot_bringup/share/akabot_bringup/config
[0.522s] -- Up-to-date: /home/kkeeler/ros2_ws/src/akabot-main/install/akabot_bringup/share/akabot_bringup/config/ros2_controllers.yaml
[0.523s] -- Up-to-date: /home/kkeeler/ros2_ws/src/akabot-main/install/akabot_bringup/share/akabot_bringup/launch
[0.523s] -- Up-to-date: /home/kkeeler/ros2_ws/src/akabot-main/install/akabot_bringup/share/akabot_bringup/launch/bringup_all.launch.py
[0.523s] -- Up-to-date: /home/kkeeler/ros2_ws/src/akabot-main/install/akabot_bringup/share/ament_index/resource_index/package_run_dependencies/akabot_bringup
[0.524s] -- Up-to-date: /home/kkeeler/ros2_ws/src/akabot-main/install/akabot_bringup/share/ament_index/resource_index/parent_prefix_path/akabot_bringup
[0.525s] -- Up-to-date: /home/kkeeler/ros2_ws/src/akabot-main/install/akabot_bringup/share/akabot_bringup/environment/ament_prefix_path.sh
[0.525s] -- Up-to-date: /home/kkeeler/ros2_ws/src/akabot-main/install/akabot_bringup/share/akabot_bringup/environment/ament_prefix_path.dsv
[0.525s] -- Up-to-date: /home/kkeeler/ros2_ws/src/akabot-main/install/akabot_bringup/share/akabot_bringup/environment/path.sh
[0.525s] -- Up-to-date: /home/kkeeler/ros2_ws/src/akabot-main/install/akabot_bringup/share/akabot_bringup/environment/path.dsv
[0.526s] -- Up-to-date: /home/kkeeler/ros2_ws/src/akabot-main/install/akabot_bringup/share/akabot_bringup/local_setup.bash
[0.526s] -- Up-to-date: /home/kkeeler/ros2_ws/src/akabot-main/install/akabot_bringup/share/akabot_bringup/local_setup.sh
[0.526s] -- Up-to-date: /home/kkeeler/ros2_ws/src/akabot-main/install/akabot_bringup/share/akabot_bringup/local_setup.zsh
[0.526s] -- Up-to-date: /home/kkeeler/ros2_ws/src/akabot-main/install/akabot_bringup/share/akabot_bringup/local_setup.dsv
[0.527s] -- Installing: /home/kkeeler/ros2_ws/src/akabot-main/install/akabot_bringup/share/akabot_bringup/package.dsv
[0.527s] -- Up-to-date: /home/kkeeler/ros2_ws/src/akabot-main/install/akabot_bringup/share/ament_index/resource_index/packages/akabot_bringup
[0.528s] -- Up-to-date: /home/kkeeler/ros2_ws/src/akabot-main/install/akabot_bringup/share/akabot_bringup/cmake/akabot_bringupConfig.cmake
[0.529s] -- Up-to-date: /home/kkeeler/ros2_ws/src/akabot-main/install/akabot_bringup/share/akabot_bringup/cmake/akabot_bringupConfig-version.cmake
[0.529s] -- Up-to-date: /home/kkeeler/ros2_ws/src/akabot-main/install/akabot_bringup/share/akabot_bringup/package.xml
[0.546s] Invoked command in '/home/kkeeler/ros2_ws/src/akabot-main/build/akabot_bringup' returned '0': CMAKE_PREFIX_PATH=${CMAKE_PREFIX_PATH}:/home/kkeeler/ros2_ws/install/skyforge:/home/kkeeler/ros2_ws/install/akabot_aruco:/home/kkeeler/install/moveit_configs_utils:/home/kkeeler/install/rosparam_shortcuts:/home/kkeeler/install/my_robot_controller:/home/kkeeler/install/launch_param_builder:/home/kkeeler/ws_moveit2/install/moveit_configs_utils:/home/kkeeler/ws_moveit2/install/launch_param_builder:/opt/ros/humble /usr/bin/cmake --install /home/kkeeler/ros2_ws/src/akabot-main/build/akabot_bringup
