[0.386s] Invoking command in '/home/kkeeler/ros2_ws/build/robot_description': CMAKE_PREFIX_PATH=${CMAKE_PREFIX_PATH}:/home/kkeeler/ros2_ws/install/skyforge:/home/kkeeler/ros2_ws/install/akabot_aruco:/home/kkeeler/install/moveit_configs_utils:/home/kkeeler/install/rosparam_shortcuts:/home/kkeeler/install/my_robot_controller:/home/kkeeler/install/launch_param_builder:/home/kkeeler/ws_moveit2/install/moveit_configs_utils:/home/kkeeler/ws_moveit2/install/launch_param_builder:/opt/ros/humble /usr/bin/cmake /home/kkeeler/ros2_ws/src/robot_description -DCMAKE_INSTALL_PREFIX=/home/kkeeler/ros2_ws/install/robot_description
[0.706s] -- Found ament_cmake: 1.3.11 (/opt/ros/humble/share/ament_cmake/cmake)
[0.706s] -- Override CMake install command with custom implementation using symlinks instead of copying resources
[0.706s] -- Found ament_lint_auto: 0.12.12 (/opt/ros/humble/share/ament_lint_auto/cmake)
[0.707s] -- Added test 'lint_cmake' to check CMake code style
[0.708s] -- Added test 'xmllint' to check XML markup files
[0.708s] -- Configuring done
[0.708s] -- Generating done
[0.708s] -- Build files have been written to: /home/kkeeler/ros2_ws/build/robot_description
[0.718s] Invoked command in '/home/kkeeler/ros2_ws/build/robot_description' returned '0': CMAKE_PREFIX_PATH=${CMAKE_PREFIX_PATH}:/home/kkeeler/ros2_ws/install/skyforge:/home/kkeeler/ros2_ws/install/akabot_aruco:/home/kkeeler/install/moveit_configs_utils:/home/kkeeler/install/rosparam_shortcuts:/home/kkeeler/install/my_robot_controller:/home/kkeeler/install/launch_param_builder:/home/kkeeler/ws_moveit2/install/moveit_configs_utils:/home/kkeeler/ws_moveit2/install/launch_param_builder:/opt/ros/humble /usr/bin/cmake /home/kkeeler/ros2_ws/src/robot_description -DCMAKE_INSTALL_PREFIX=/home/kkeeler/ros2_ws/install/robot_description
[0.720s] Invoking command in '/home/kkeeler/ros2_ws/build/robot_description': CMAKE_PREFIX_PATH=${CMAKE_PREFIX_PATH}:/home/kkeeler/ros2_ws/install/skyforge:/home/kkeeler/ros2_ws/install/akabot_aruco:/home/kkeeler/install/moveit_configs_utils:/home/kkeeler/install/rosparam_shortcuts:/home/kkeeler/install/my_robot_controller:/home/kkeeler/install/launch_param_builder:/home/kkeeler/ws_moveit2/install/moveit_configs_utils:/home/kkeeler/ws_moveit2/install/launch_param_builder:/opt/ros/humble /usr/bin/cmake --build /home/kkeeler/ros2_ws/build/robot_description -- -j8 -l8
[0.855s] Invoked command in '/home/kkeeler/ros2_ws/build/robot_description' returned '0': CMAKE_PREFIX_PATH=${CMAKE_PREFIX_PATH}:/home/kkeeler/ros2_ws/install/skyforge:/home/kkeeler/ros2_ws/install/akabot_aruco:/home/kkeeler/install/moveit_configs_utils:/home/kkeeler/install/rosparam_shortcuts:/home/kkeeler/install/my_robot_controller:/home/kkeeler/install/launch_param_builder:/home/kkeeler/ws_moveit2/install/moveit_configs_utils:/home/kkeeler/ws_moveit2/install/launch_param_builder:/opt/ros/humble /usr/bin/cmake --build /home/kkeeler/ros2_ws/build/robot_description -- -j8 -l8
[0.855s] Invoking command in '/home/kkeeler/ros2_ws/build/robot_description': CMAKE_PREFIX_PATH=${CMAKE_PREFIX_PATH}:/home/kkeeler/ros2_ws/install/skyforge:/home/kkeeler/ros2_ws/install/akabot_aruco:/home/kkeeler/install/moveit_configs_utils:/home/kkeeler/install/rosparam_shortcuts:/home/kkeeler/install/my_robot_controller:/home/kkeeler/install/launch_param_builder:/home/kkeeler/ws_moveit2/install/moveit_configs_utils:/home/kkeeler/ws_moveit2/install/launch_param_builder:/opt/ros/humble /usr/bin/cmake --install /home/kkeeler/ros2_ws/build/robot_description
[0.881s] -- Install configuration: ""
[0.881s] -- Execute custom install script
[0.881s] -- Up-to-date symlink: /home/kkeeler/ros2_ws/install/robot_description/share/ament_index/resource_index/package_run_dependencies/robot_description
[0.883s] -- Up-to-date symlink: /home/kkeeler/ros2_ws/install/robot_description/share/ament_index/resource_index/parent_prefix_path/robot_description
[0.883s] -- Up-to-date symlink: /home/kkeeler/ros2_ws/install/robot_description/share/robot_description/environment/ament_prefix_path.sh
[0.886s] -- Up-to-date symlink: /home/kkeeler/ros2_ws/install/robot_description/share/robot_description/environment/ament_prefix_path.dsv
[0.886s] -- Up-to-date symlink: /home/kkeeler/ros2_ws/install/robot_description/share/robot_description/environment/path.sh
[0.886s] -- Up-to-date symlink: /home/kkeeler/ros2_ws/install/robot_description/share/robot_description/environment/path.dsv
[0.886s] -- Up-to-date symlink: /home/kkeeler/ros2_ws/install/robot_description/share/robot_description/local_setup.bash
[0.887s] -- Up-to-date symlink: /home/kkeeler/ros2_ws/install/robot_description/share/robot_description/local_setup.sh
[0.887s] -- Up-to-date symlink: /home/kkeeler/ros2_ws/install/robot_description/share/robot_description/local_setup.zsh
[0.887s] -- Up-to-date symlink: /home/kkeeler/ros2_ws/install/robot_description/share/robot_description/local_setup.dsv
[0.887s] -- Symlinking: /home/kkeeler/ros2_ws/install/robot_description/share/robot_description/package.dsv
[0.912s] -- Up-to-date symlink: /home/kkeeler/ros2_ws/install/robot_description/share/ament_index/resource_index/packages/robot_description
[0.912s] -- Up-to-date symlink: /home/kkeeler/ros2_ws/install/robot_description/share/robot_description/cmake/robot_descriptionConfig.cmake
[0.912s] -- Up-to-date symlink: /home/kkeeler/ros2_ws/install/robot_description/share/robot_description/cmake/robot_descriptionConfig-version.cmake
[0.912s] -- Up-to-date symlink: /home/kkeeler/ros2_ws/install/robot_description/share/robot_description/package.xml
[0.954s] Invoked command in '/home/kkeeler/ros2_ws/build/robot_description' returned '0': CMAKE_PREFIX_PATH=${CMAKE_PREFIX_PATH}:/home/kkeeler/ros2_ws/install/skyforge:/home/kkeeler/ros2_ws/install/akabot_aruco:/home/kkeeler/install/moveit_configs_utils:/home/kkeeler/install/rosparam_shortcuts:/home/kkeeler/install/my_robot_controller:/home/kkeeler/install/launch_param_builder:/home/kkeeler/ws_moveit2/install/moveit_configs_utils:/home/kkeeler/ws_moveit2/install/launch_param_builder:/opt/ros/humble /usr/bin/cmake --install /home/kkeeler/ros2_ws/build/robot_description
